[ 2017-09-01T14:16:34+08:00 ] ::1 /thinkcmf/index.php?g=&m=Survey&a=getradio&surveyid=1
INFO: [ app_begin ] --START--
INFO: Run Behavior\ReadHtmlCacheBehavior [ RunTime:0.000635s ]
INFO: Run Behavior\CheckLangBehavior [ RunTime:0.000857s ]
INFO: Run Common\Behavior\UrldecodeGetBehavior [ RunTime:0.000320s ]
INFO: [ app_begin ] --END-- [ RunTime:0.002720s ]
INFO: [ admin_begin ] --START--
INFO: Run Common\Behavior\AdminDefaultLangBehavior [ RunTime:0.000759s ]
INFO: [ admin_begin ] --END-- [ RunTime:0.000819s ]
SQL: SHOW COLUMNS FROM `cmf_users` [ RunTime:0.0014s ]
SQL: SELECT * FROM `cmf_users` WHERE `id` = '1' LIMIT 1   [ RunTime:0.0002s ]
SQL: SHOW COLUMNS FROM `cmf_survey` [ RunTime:0.0008s ]
SQL: SHOW COLUMNS FROM `cmf_radio` [ RunTime:0.0008s ]
SQL: SHOW COLUMNS FROM `cmf_question` [ RunTime:0.0011s ]
SQL: SHOW COLUMNS FROM `cmf_surveyrecord` [ RunTime:0.0020s ]
SQL: SHOW COLUMNS FROM `cmf_surveyradiorecord` [ RunTime:0.0011s ]
SQL: SELECT * FROM `cmf_radio` WHERE `surveyid` = 1 AND `status` = 1 ORDER BY orders asc  [ RunTime:0.0002s ]
SQL: SELECT * FROM `cmf_question` WHERE `radioid` = 1  [ RunTime:0.0001s ]
SQL: SELECT * FROM `cmf_question` WHERE `radioid` = 2  [ RunTime:0.0001s ]
SQL: SELECT * FROM `cmf_question` WHERE `radioid` = 3  [ RunTime:0.0001s ]
SQL: SELECT * FROM `cmf_question` WHERE `radioid` = 4  [ RunTime:0.0001s ]
SQL: SELECT * FROM `cmf_question` WHERE `radioid` = 5  [ RunTime:0.0001s ]
SQL: SELECT * FROM `cmf_question` WHERE `radioid` = 6  [ RunTime:0.0001s ]
INFO: [ app_end ] --START--
INFO: Run Behavior\ShowPageTraceBehavior [ RunTime:0.000717s ]
INFO: [ app_end ] --END-- [ RunTime:0.000786s ]

[ 2017-09-01T14:16:34+08:00 ] ::1 /thinkcmf/index.php?g=&m=Survey&a=surveyrecord&surveyid=1&radiotag=2&local=130303&textareas=0
INFO: [ app_begin ] --START--
INFO: Run Behavior\ReadHtmlCacheBehavior [ RunTime:0.000636s ]
INFO: Run Behavior\CheckLangBehavior [ RunTime:0.000854s ]
INFO: Run Common\Behavior\UrldecodeGetBehavior [ RunTime:0.000357s ]
INFO: [ app_begin ] --END-- [ RunTime:0.002769s ]
INFO: [ admin_begin ] --START--
INFO: Run Common\Behavior\AdminDefaultLangBehavior [ RunTime:0.000915s ]
INFO: [ admin_begin ] --END-- [ RunTime:0.001038s ]
SQL: SHOW COLUMNS FROM `cmf_users` [ RunTime:0.0014s ]
SQL: SELECT * FROM `cmf_users` WHERE `id` = '1' LIMIT 1   [ RunTime:0.0003s ]
SQL: SHOW COLUMNS FROM `cmf_survey` [ RunTime:0.0010s ]
SQL: SHOW COLUMNS FROM `cmf_radio` [ RunTime:0.0015s ]
SQL: SHOW COLUMNS FROM `cmf_question` [ RunTime:0.0016s ]
SQL: SHOW COLUMNS FROM `cmf_surveyrecord` [ RunTime:0.0018s ]
SQL: SHOW COLUMNS FROM `cmf_surveyradiorecord` [ RunTime:0.0022s ]
SQL: INSERT INTO `cmf_surveyrecord` (`surveyid`,`radiotag`,`local`,`textare`) VALUES ('1','2','130303','0') [ RunTime:0.0053s ]
INFO: [ app_end ] --START--
INFO: Run Behavior\ShowPageTraceBehavior [ RunTime:0.001065s ]
INFO: [ app_end ] --END-- [ RunTime:0.001206s ]

[ 2017-09-01T14:16:34+08:00 ] ::1 /thinkcmf/index.php?g=&m=Survey&a=surveyradiorecord&radioid=1&questionid=3&questionname=+%E8%87%AA%E5%AD%A6%E6%88%90%E6%89%8D&radioname=%E6%82%A8%E7%BB%8F%E5%B8%B8%E6%95%99%E8%82%B2%E5%AD%A9%E5%AD%90%E5%AE%89%E5%85%A8%E7%9A%84%E9%97%AE%E9%A2%98%E5%90%97%EF%BC%9F&radiotag=2&local=130303
INFO: [ app_begin ] --START--
INFO: Run Behavior\ReadHtmlCacheBehavior [ RunTime:0.000439s ]
INFO: Run Behavior\CheckLangBehavior [ RunTime:0.000497s ]
INFO: Run Common\Behavior\UrldecodeGetBehavior [ RunTime:0.000143s ]
INFO: [ app_begin ] --END-- [ RunTime:0.001436s ]
INFO: [ admin_begin ] --START--
INFO: Run Common\Behavior\AdminDefaultLangBehavior [ RunTime:0.000650s ]
INFO: [ admin_begin ] --END-- [ RunTime:0.000742s ]
SQL: SHOW COLUMNS FROM `cmf_users` [ RunTime:0.0015s ]
SQL: SELECT * FROM `cmf_users` WHERE `id` = '1' LIMIT 1   [ RunTime:0.0003s ]
SQL: SHOW COLUMNS FROM `cmf_survey` [ RunTime:0.0010s ]
SQL: SHOW COLUMNS FROM `cmf_radio` [ RunTime:0.0010s ]
SQL: SHOW COLUMNS FROM `cmf_question` [ RunTime:0.0007s ]
SQL: SHOW COLUMNS FROM `cmf_surveyrecord` [ RunTime:0.0021s ]
SQL: SHOW COLUMNS FROM `cmf_surveyradiorecord` [ RunTime:0.0010s ]
SQL: INSERT INTO `cmf_surveyradiorecord` (`radioid`,`questionid`,`questionname`,`radioname`,`radiotag`,`local`) VALUES ('1','3',' 自学成才','您经常教育孩子安全的问题吗？','2','130303') [ RunTime:0.0015s ]
INFO: [ app_end ] --START--
INFO: Run Behavior\ShowPageTraceBehavior [ RunTime:0.000538s ]
INFO: [ app_end ] --END-- [ RunTime:0.000654s ]

[ 2017-09-01T14:16:34+08:00 ] ::1 /thinkcmf/index.php?g=&m=Survey&a=surveyradiorecord&radioid=2&questionid=4&questionname=+%E6%AF%8F%E5%A4%A9&radioname=%E6%82%A8%E6%98%AF%E5%90%A6%E7%BB%8F%E5%B8%B8%E7%9D%A3%E4%BF%83%E6%A3%80%E6%9F%A5%E5%AD%A9%E5%AD%90%E7%9A%84%E5%AE%B6%E5%BA%AD%E4%BD%9C%E4%B8%9A%EF%BC%9F&radiotag=2&local=130303
INFO: [ app_begin ] --START--
INFO: Run Behavior\ReadHtmlCacheBehavior [ RunTime:0.000563s ]
INFO: Run Behavior\CheckLangBehavior [ RunTime:0.000501s ]
INFO: Run Common\Behavior\UrldecodeGetBehavior [ RunTime:0.000135s ]
INFO: [ app_begin ] --END-- [ RunTime:0.001592s ]
INFO: [ admin_begin ] --START--
INFO: Run Common\Behavior\AdminDefaultLangBehavior [ RunTime:0.001458s ]
INFO: [ admin_begin ] --END-- [ RunTime:0.001541s ]
SQL: SHOW COLUMNS FROM `cmf_users` [ RunTime:0.0014s ]
SQL: SELECT * FROM `cmf_users` WHERE `id` = '1' LIMIT 1   [ RunTime:0.0002s ]
SQL: SHOW COLUMNS FROM `cmf_survey` [ RunTime:0.0010s ]
SQL: SHOW COLUMNS FROM `cmf_radio` [ RunTime:0.0010s ]
SQL: SHOW COLUMNS FROM `cmf_question` [ RunTime:0.0010s ]
SQL: SHOW COLUMNS FROM `cmf_surveyrecord` [ RunTime:0.0010s ]
SQL: SHOW COLUMNS FROM `cmf_surveyradiorecord` [ RunTime:0.0009s ]
SQL: INSERT INTO `cmf_surveyradiorecord` (`radioid`,`questionid`,`questionname`,`radioname`,`radiotag`,`local`) VALUES ('2','4',' 每天','您是否经常督促检查孩子的家庭作业？','2','130303') [ RunTime:0.0008s ]
INFO: [ app_end ] --START--
INFO: Run Behavior\ShowPageTraceBehavior [ RunTime:0.000696s ]
INFO: [ app_end ] --END-- [ RunTime:0.000784s ]

[ 2017-09-01T14:16:34+08:00 ] ::1 /thinkcmf/index.php?g=&m=Survey&a=surveyradiorecord&radioid=3&questionid=8&questionname=+%E5%81%A5%E5%BA%B7%E5%AE%89%E5%85%A8&radioname=%E6%82%A8%E6%9C%80%E5%85%B3%E5%BF%83%E5%AD%A9%E5%AD%90%E7%9A%84%E5%93%AA%E4%B8%80%E6%96%B9%E9%9D%A2%EF%BC%9F&radiotag=2&local=130303
INFO: [ app_begin ] --START--
INFO: Run Behavior\ReadHtmlCacheBehavior [ RunTime:0.000647s ]
INFO: Run Behavior\CheckLangBehavior [ RunTime:0.000661s ]
INFO: Run Common\Behavior\UrldecodeGetBehavior [ RunTime:0.000225s ]
INFO: [ app_begin ] --END-- [ RunTime:0.002096s ]
INFO: [ admin_begin ] --START--
INFO: Run Common\Behavior\AdminDefaultLangBehavior [ RunTime:0.000956s ]
INFO: [ admin_begin ] --END-- [ RunTime:0.001070s ]
SQL: SHOW COLUMNS FROM `cmf_users` [ RunTime:0.0022s ]
SQL: SELECT * FROM `cmf_users` WHERE `id` = '1' LIMIT 1   [ RunTime:0.0004s ]
SQL: SHOW COLUMNS FROM `cmf_survey` [ RunTime:0.0012s ]
SQL: SHOW COLUMNS FROM `cmf_radio` [ RunTime:0.0010s ]
SQL: SHOW COLUMNS FROM `cmf_question` [ RunTime:0.0007s ]
SQL: SHOW COLUMNS FROM `cmf_surveyrecord` [ RunTime:0.0006s ]
SQL: SHOW COLUMNS FROM `cmf_surveyradiorecord` [ RunTime:0.0009s ]
SQL: INSERT INTO `cmf_surveyradiorecord` (`radioid`,`questionid`,`questionname`,`radioname`,`radiotag`,`local`) VALUES ('3','8',' 健康安全','您最关心孩子的哪一方面？','2','130303') [ RunTime:0.0009s ]
INFO: [ app_end ] --START--
INFO: Run Behavior\ShowPageTraceBehavior [ RunTime:0.000866s ]
INFO: [ app_end ] --END-- [ RunTime:0.000960s ]

[ 2017-09-01T14:16:34+08:00 ] ::1 /thinkcmf/index.php?g=&m=Survey&a=surveyradiorecord&radioid=4&questionid=11&questionname=+%E5%81%B6%E5%B0%94+&radioname=%E6%82%A8%E6%98%AF%E5%90%A6%E7%BB%8F%E5%B8%B8%E5%92%8C%E5%85%B6%E4%BB%96%E5%AE%B6%E9%95%BF%E4%B8%80%E8%B5%B7%E4%BA%92%E7%9B%B8%E8%AE%A8%E8%AE%BA%E4%BA%A4%E6%B5%81%EF%BC%9F&radiotag=2&local=130303
INFO: [ app_begin ] --START--
INFO: Run Behavior\ReadHtmlCacheBehavior [ RunTime:0.000485s ]
INFO: Run Behavior\CheckLangBehavior [ RunTime:0.000495s ]
INFO: Run Common\Behavior\UrldecodeGetBehavior [ RunTime:0.000363s ]
INFO: [ app_begin ] --END-- [ RunTime:0.001866s ]
INFO: [ admin_begin ] --START--
INFO: Run Common\Behavior\AdminDefaultLangBehavior [ RunTime:0.000798s ]
INFO: [ admin_begin ] --END-- [ RunTime:0.000907s ]
SQL: SHOW COLUMNS FROM `cmf_users` [ RunTime:0.0028s ]
SQL: SELECT * FROM `cmf_users` WHERE `id` = '1' LIMIT 1   [ RunTime:0.0003s ]
SQL: SHOW COLUMNS FROM `cmf_survey` [ RunTime:0.0010s ]
SQL: SHOW COLUMNS FROM `cmf_radio` [ RunTime:0.0009s ]
SQL: SHOW COLUMNS FROM `cmf_question` [ RunTime:0.0010s ]
SQL: SHOW COLUMNS FROM `cmf_surveyrecord` [ RunTime:0.0007s ]
SQL: SHOW COLUMNS FROM `cmf_surveyradiorecord` [ RunTime:0.0008s ]
SQL: INSERT INTO `cmf_surveyradiorecord` (`radioid`,`questionid`,`questionname`,`radioname`,`radiotag`,`local`) VALUES ('4','11',' 偶尔 ','您是否经常和其他家长一起互相讨论交流？','2','130303') [ RunTime:0.0008s ]
INFO: [ app_end ] --START--
INFO: Run Behavior\ShowPageTraceBehavior [ RunTime:0.000876s ]
INFO: [ app_end ] --END-- [ RunTime:0.000952s ]

[ 2017-09-01T14:16:34+08:00 ] ::1 /thinkcmf/index.php?g=&m=Survey&a=surveyradiorecord&radioid=5&questionid=13&questionname=+%E7%94%B5%E8%AF%9D&radioname=%E6%82%A8%E9%80%9A%E5%B8%B8%E6%98%AF%E5%A6%82%E4%BD%95%E7%BB%99%E5%AD%A9%E5%AD%90%E8%AF%B7%E5%81%87%E7%9A%84%EF%BC%9F&radiotag=2&local=130303
INFO: [ app_begin ] --START--
INFO: Run Behavior\ReadHtmlCacheBehavior [ RunTime:0.000630s ]
INFO: Run Behavior\CheckLangBehavior [ RunTime:0.000711s ]
INFO: Run Common\Behavior\UrldecodeGetBehavior [ RunTime:0.000201s ]
INFO: [ app_begin ] --END-- [ RunTime:0.002066s ]
INFO: [ admin_begin ] --START--
INFO: Run Common\Behavior\AdminDefaultLangBehavior [ RunTime:0.000866s ]
INFO: [ admin_begin ] --END-- [ RunTime:0.000961s ]
SQL: SHOW COLUMNS FROM `cmf_users` [ RunTime:0.0012s ]
SQL: SELECT * FROM `cmf_users` WHERE `id` = '1' LIMIT 1   [ RunTime:0.0002s ]
SQL: SHOW COLUMNS FROM `cmf_survey` [ RunTime:0.0008s ]
SQL: SHOW COLUMNS FROM `cmf_radio` [ RunTime:0.0008s ]
SQL: SHOW COLUMNS FROM `cmf_question` [ RunTime:0.0009s ]
SQL: SHOW COLUMNS FROM `cmf_surveyrecord` [ RunTime:0.0010s ]
SQL: SHOW COLUMNS FROM `cmf_surveyradiorecord` [ RunTime:0.0009s ]
SQL: INSERT INTO `cmf_surveyradiorecord` (`radioid`,`questionid`,`questionname`,`radioname`,`radiotag`,`local`) VALUES ('5','13',' 电话','您通常是如何给孩子请假的？','2','130303') [ RunTime:0.0011s ]
INFO: [ app_end ] --START--
INFO: Run Behavior\ShowPageTraceBehavior [ RunTime:0.000759s ]
INFO: [ app_end ] --END-- [ RunTime:0.000851s ]

[ 2017-09-01T14:16:34+08:00 ] ::1 /thinkcmf/public/swiper/maps/swiper.min.js.map
ERR: 无法加载控制器:Public

