[ 2017-08-30T11:03:18+08:00 ] ::1 /thinkcmf/public/swiper/maps/swiper.min.js.map
ERR: 无法加载控制器:Public

[ 2017-08-30T11:03:37+08:00 ] ::1 /thinkcmf/public/swiper/maps/swiper.min.js.map
ERR: 无法加载控制器:Public

[ 2017-08-30T11:04:15+08:00 ] ::1 /thinkcmf/index.php?g=&m=Survey&a=getradio&surveyid=1
INFO: [ app_begin ] --START--
INFO: Run Behavior\ReadHtmlCacheBehavior [ RunTime:0.000428s ]
INFO: Run Behavior\CheckLangBehavior [ RunTime:0.000492s ]
INFO: Run Common\Behavior\UrldecodeGetBehavior [ RunTime:0.000130s ]
INFO: [ app_begin ] --END-- [ RunTime:0.001406s ]
INFO: [ admin_begin ] --START--
INFO: Run Common\Behavior\AdminDefaultLangBehavior [ RunTime:0.000527s ]
INFO: [ admin_begin ] --END-- [ RunTime:0.000580s ]
SQL: SHOW COLUMNS FROM `cmf_users` [ RunTime:0.0042s ]
SQL: SELECT * FROM `cmf_users` WHERE `id` = '1' LIMIT 1   [ RunTime:0.0003s ]
SQL: SHOW COLUMNS FROM `cmf_survey` [ RunTime:0.0007s ]
SQL: SHOW COLUMNS FROM `cmf_radio` [ RunTime:0.0006s ]
SQL: SHOW COLUMNS FROM `cmf_question` [ RunTime:0.0006s ]
SQL: SHOW COLUMNS FROM `cmf_surveyrecord` [ RunTime:0.0006s ]
SQL: SHOW COLUMNS FROM `cmf_surveyradiorecord` [ RunTime:0.0008s ]
SQL: SELECT * FROM `cmf_radio` WHERE `surveyid` = 1  [ RunTime:0.0002s ]
SQL: SELECT * FROM `cmf_question` WHERE `radioid` = 1  [ RunTime:0.0001s ]
SQL: SELECT * FROM `cmf_question` WHERE `radioid` = 2  [ RunTime:0.0001s ]
SQL: SELECT * FROM `cmf_question` WHERE `radioid` = 3  [ RunTime:0.0001s ]
SQL: SELECT * FROM `cmf_question` WHERE `radioid` = 4  [ RunTime:0.0001s ]
SQL: SELECT * FROM `cmf_question` WHERE `radioid` = 5  [ RunTime:0.0001s ]
INFO: [ app_end ] --START--
INFO: Run Behavior\ShowPageTraceBehavior [ RunTime:0.000490s ]
INFO: [ app_end ] --END-- [ RunTime:0.000574s ]

[ 2017-08-30T11:04:15+08:00 ] ::1 /thinkcmf/index.php?g=&m=Survey&a=surveyrecord&surveyid=1&radiotag=1&local=320505&textareas=%E4%BD%A0%E5%A5%BD%E8%B0%A2%E8%B0%A2
INFO: [ app_begin ] --START--
INFO: Run Behavior\ReadHtmlCacheBehavior [ RunTime:0.000433s ]
INFO: Run Behavior\CheckLangBehavior [ RunTime:0.000485s ]
INFO: Run Common\Behavior\UrldecodeGetBehavior [ RunTime:0.000133s ]
INFO: [ app_begin ] --END-- [ RunTime:0.001407s ]
INFO: [ admin_begin ] --START--
INFO: Run Common\Behavior\AdminDefaultLangBehavior [ RunTime:0.000666s ]
INFO: [ admin_begin ] --END-- [ RunTime:0.000777s ]
SQL: SHOW COLUMNS FROM `cmf_users` [ RunTime:0.0014s ]
SQL: SELECT * FROM `cmf_users` WHERE `id` = '1' LIMIT 1   [ RunTime:0.0002s ]
SQL: SHOW COLUMNS FROM `cmf_survey` [ RunTime:0.0007s ]
SQL: SHOW COLUMNS FROM `cmf_radio` [ RunTime:0.0006s ]
SQL: SHOW COLUMNS FROM `cmf_question` [ RunTime:0.0007s ]
SQL: SHOW COLUMNS FROM `cmf_surveyrecord` [ RunTime:0.0006s ]
SQL: SHOW COLUMNS FROM `cmf_surveyradiorecord` [ RunTime:0.0007s ]
SQL: INSERT INTO `cmf_surveyrecord` (`surveyid`,`radiotag`,`local`,`textare`) VALUES ('1','1','320505','你好谢谢') [ RunTime:0.0003s ]
INFO: [ app_end ] --START--
INFO: Run Behavior\ShowPageTraceBehavior [ RunTime:0.000476s ]
INFO: [ app_end ] --END-- [ RunTime:0.000530s ]

[ 2017-08-30T11:04:16+08:00 ] ::1 /thinkcmf/index.php?g=&m=Survey&a=surveyradiorecord&radioid=1&questionid=1&questionname=+%E5%81%B6%E5%B0%94&radioname=%E6%82%A8%E7%BB%8F%E5%B8%B8%E6%95%99%E8%82%B2%E5%AD%A9%E5%AD%90%E5%AE%89%E5%85%A8%E7%9A%84%E9%97%AE%E9%A2%98%E5%90%97%EF%BC%9F&radiotag=1&local=320505
INFO: [ app_begin ] --START--
INFO: Run Behavior\ReadHtmlCacheBehavior [ RunTime:0.000451s ]
INFO: Run Behavior\CheckLangBehavior [ RunTime:0.000505s ]
INFO: Run Common\Behavior\UrldecodeGetBehavior [ RunTime:0.000142s ]
INFO: [ app_begin ] --END-- [ RunTime:0.001452s ]
INFO: [ admin_begin ] --START--
INFO: Run Common\Behavior\AdminDefaultLangBehavior [ RunTime:0.000906s ]
INFO: [ admin_begin ] --END-- [ RunTime:0.001016s ]
SQL: SHOW COLUMNS FROM `cmf_users` [ RunTime:0.0017s ]
SQL: SELECT * FROM `cmf_users` WHERE `id` = '1' LIMIT 1   [ RunTime:0.0003s ]
SQL: SHOW COLUMNS FROM `cmf_survey` [ RunTime:0.0011s ]
SQL: SHOW COLUMNS FROM `cmf_radio` [ RunTime:0.0011s ]
SQL: SHOW COLUMNS FROM `cmf_question` [ RunTime:0.0009s ]
SQL: SHOW COLUMNS FROM `cmf_surveyrecord` [ RunTime:0.0014s ]
SQL: SHOW COLUMNS FROM `cmf_surveyradiorecord` [ RunTime:0.0011s ]
SQL: INSERT INTO `cmf_surveyradiorecord` (`radioid`,`questionid`,`questionname`,`radioname`,`radiotag`,`local`) VALUES ('1','1',' 偶尔','您经常教育孩子安全的问题吗？','1','320505') [ RunTime:0.0003s ]
INFO: [ app_end ] --START--
INFO: Run Behavior\ShowPageTraceBehavior [ RunTime:0.000566s ]
INFO: [ app_end ] --END-- [ RunTime:0.000626s ]

[ 2017-08-30T11:04:16+08:00 ] ::1 /thinkcmf/index.php?g=&m=Survey&a=surveyradiorecord&radioid=2&questionid=5&questionname=+%E5%81%A5%E5%BA%B7%E5%AE%89%E5%85%A8&radioname=%E6%82%A8%E6%9C%80%E5%85%B3%E5%BF%83%E5%AD%A9%E5%AD%90%E7%9A%84%E5%93%AA%E4%B8%80%E6%96%B9%E9%9D%A2%EF%BC%9F&radiotag=1&local=320505
INFO: [ app_begin ] --START--
INFO: Run Behavior\ReadHtmlCacheBehavior [ RunTime:0.000485s ]
INFO: Run Behavior\CheckLangBehavior [ RunTime:0.000493s ]
INFO: Run Common\Behavior\UrldecodeGetBehavior [ RunTime:0.000137s ]
INFO: [ app_begin ] --END-- [ RunTime:0.001478s ]
INFO: [ admin_begin ] --START--
INFO: Run Common\Behavior\AdminDefaultLangBehavior [ RunTime:0.000848s ]
INFO: [ admin_begin ] --END-- [ RunTime:0.000944s ]
SQL: SHOW COLUMNS FROM `cmf_users` [ RunTime:0.0011s ]
SQL: SELECT * FROM `cmf_users` WHERE `id` = '1' LIMIT 1   [ RunTime:0.0003s ]
SQL: SHOW COLUMNS FROM `cmf_survey` [ RunTime:0.0011s ]
SQL: SHOW COLUMNS FROM `cmf_radio` [ RunTime:0.0009s ]
SQL: SHOW COLUMNS FROM `cmf_question` [ RunTime:0.0008s ]
SQL: SHOW COLUMNS FROM `cmf_surveyrecord` [ RunTime:0.0009s ]
SQL: SHOW COLUMNS FROM `cmf_surveyradiorecord` [ RunTime:0.0012s ]
SQL: INSERT INTO `cmf_surveyradiorecord` (`radioid`,`questionid`,`questionname`,`radioname`,`radiotag`,`local`) VALUES ('2','5',' 健康安全','您最关心孩子的哪一方面？','1','320505') [ RunTime:0.0003s ]
INFO: [ app_end ] --START--
INFO: Run Behavior\ShowPageTraceBehavior [ RunTime:0.000552s ]
INFO: [ app_end ] --END-- [ RunTime:0.000616s ]

[ 2017-08-30T11:04:16+08:00 ] ::1 /thinkcmf/index.php?g=&m=Survey&a=surveyradiorecord&radioid=3&questionid=9&questionname=+%E6%B2%A1%E6%9C%89&radioname=%E6%82%A8%E6%98%AF%E5%90%A6%E7%BB%8F%E5%B8%B8%E7%9D%A3%E4%BF%83%E6%A3%80%E6%9F%A5%E5%AD%A9%E5%AD%90%E7%9A%84%E5%AE%B6%E5%BA%AD%E4%BD%9C%E4%B8%9A%EF%BC%9F&radiotag=1&local=320505
INFO: [ app_begin ] --START--
INFO: Run Behavior\ReadHtmlCacheBehavior [ RunTime:0.000431s ]
INFO: Run Behavior\CheckLangBehavior [ RunTime:0.000485s ]
INFO: Run Common\Behavior\UrldecodeGetBehavior [ RunTime:0.000140s ]
INFO: [ app_begin ] --END-- [ RunTime:0.001414s ]
INFO: [ admin_begin ] --START--
INFO: Run Common\Behavior\AdminDefaultLangBehavior [ RunTime:0.000631s ]
INFO: [ admin_begin ] --END-- [ RunTime:0.000700s ]
SQL: SHOW COLUMNS FROM `cmf_users` [ RunTime:0.0012s ]
SQL: SELECT * FROM `cmf_users` WHERE `id` = '1' LIMIT 1   [ RunTime:0.0002s ]
SQL: SHOW COLUMNS FROM `cmf_survey` [ RunTime:0.0012s ]
SQL: SHOW COLUMNS FROM `cmf_radio` [ RunTime:0.0013s ]
SQL: SHOW COLUMNS FROM `cmf_question` [ RunTime:0.0008s ]
SQL: SHOW COLUMNS FROM `cmf_surveyrecord` [ RunTime:0.0007s ]
SQL: SHOW COLUMNS FROM `cmf_surveyradiorecord` [ RunTime:0.0009s ]
SQL: INSERT INTO `cmf_surveyradiorecord` (`radioid`,`questionid`,`questionname`,`radioname`,`radiotag`,`local`) VALUES ('3','9',' 没有','您是否经常督促检查孩子的家庭作业？','1','320505') [ RunTime:0.0003s ]
INFO: [ app_end ] --START--
INFO: Run Behavior\ShowPageTraceBehavior [ RunTime:0.000723s ]
INFO: [ app_end ] --END-- [ RunTime:0.000818s ]

[ 2017-08-30T11:04:16+08:00 ] ::1 /thinkcmf/index.php?g=&m=Survey&a=surveyradiorecord&radioid=4&questionid=10&questionname=+%E7%BB%8F%E5%B8%B8&radioname=%E6%82%A8%E6%98%AF%E5%90%A6%E7%BB%8F%E5%B8%B8%E5%92%8C%E5%85%B6%E4%BB%96%E5%AE%B6%E9%95%BF%E4%B8%80%E8%B5%B7%E4%BA%92%E7%9B%B8%E8%AE%A8%E8%AE%BA%E4%BA%A4%E6%B5%81%EF%BC%9F&radiotag=1&local=320505
INFO: [ app_begin ] --START--
INFO: Run Behavior\ReadHtmlCacheBehavior [ RunTime:0.000492s ]
INFO: Run Behavior\CheckLangBehavior [ RunTime:0.000571s ]
INFO: Run Common\Behavior\UrldecodeGetBehavior [ RunTime:0.000163s ]
INFO: [ app_begin ] --END-- [ RunTime:0.001621s ]
INFO: [ admin_begin ] --START--
INFO: Run Common\Behavior\AdminDefaultLangBehavior [ RunTime:0.000612s ]
INFO: [ admin_begin ] --END-- [ RunTime:0.000683s ]
SQL: SHOW COLUMNS FROM `cmf_users` [ RunTime:0.0015s ]
SQL: SELECT * FROM `cmf_users` WHERE `id` = '1' LIMIT 1   [ RunTime:0.0002s ]
SQL: SHOW COLUMNS FROM `cmf_survey` [ RunTime:0.0008s ]
SQL: SHOW COLUMNS FROM `cmf_radio` [ RunTime:0.0008s ]
SQL: SHOW COLUMNS FROM `cmf_question` [ RunTime:0.0007s ]
SQL: SHOW COLUMNS FROM `cmf_surveyrecord` [ RunTime:0.0007s ]
SQL: SHOW COLUMNS FROM `cmf_surveyradiorecord` [ RunTime:0.0007s ]
SQL: INSERT INTO `cmf_surveyradiorecord` (`radioid`,`questionid`,`questionname`,`radioname`,`radiotag`,`local`) VALUES ('4','10',' 经常','您是否经常和其他家长一起互相讨论交流？','1','320505') [ RunTime:0.0003s ]
INFO: [ app_end ] --START--
INFO: Run Behavior\ShowPageTraceBehavior [ RunTime:0.000466s ]
INFO: [ app_end ] --END-- [ RunTime:0.000520s ]

[ 2017-08-30T11:04:16+08:00 ] ::1 /thinkcmf/index.php?g=&m=Survey&a=surveyradiorecord&radioid=5&questionid=14&questionname=+%E8%AF%B7%E5%81%87%E6%9D%A1&radioname=%E6%82%A8%E9%80%9A%E5%B8%B8%E6%98%AF%E5%A6%82%E4%BD%95%E7%BB%99%E5%AD%A9%E5%AD%90%E8%AF%B7%E5%81%87%E7%9A%84%EF%BC%9F&radiotag=1&local=320505
INFO: [ app_begin ] --START--
INFO: Run Behavior\ReadHtmlCacheBehavior [ RunTime:0.000647s ]
INFO: Run Behavior\CheckLangBehavior [ RunTime:0.000619s ]
INFO: Run Common\Behavior\UrldecodeGetBehavior [ RunTime:0.000149s ]
INFO: [ app_begin ] --END-- [ RunTime:0.001934s ]
INFO: [ admin_begin ] --START--
INFO: Run Common\Behavior\AdminDefaultLangBehavior [ RunTime:0.000715s ]
INFO: [ admin_begin ] --END-- [ RunTime:0.000805s ]
SQL: SHOW COLUMNS FROM `cmf_users` [ RunTime:0.0019s ]
SQL: SELECT * FROM `cmf_users` WHERE `id` = '1' LIMIT 1   [ RunTime:0.0003s ]
SQL: SHOW COLUMNS FROM `cmf_survey` [ RunTime:0.0012s ]
SQL: SHOW COLUMNS FROM `cmf_radio` [ RunTime:0.0020s ]
SQL: SHOW COLUMNS FROM `cmf_question` [ RunTime:0.0011s ]
SQL: SHOW COLUMNS FROM `cmf_surveyrecord` [ RunTime:0.0009s ]
SQL: SHOW COLUMNS FROM `cmf_surveyradiorecord` [ RunTime:0.0008s ]
SQL: INSERT INTO `cmf_surveyradiorecord` (`radioid`,`questionid`,`questionname`,`radioname`,`radiotag`,`local`) VALUES ('5','14',' 请假条','您通常是如何给孩子请假的？','1','320505') [ RunTime:0.0003s ]
INFO: [ app_end ] --START--
INFO: Run Behavior\ShowPageTraceBehavior [ RunTime:0.000587s ]
INFO: [ app_end ] --END-- [ RunTime:0.000642s ]

[ 2017-08-30T11:04:16+08:00 ] ::1 /thinkcmf/public/swiper/maps/swiper.min.js.map
ERR: 无法加载控制器:Public

[ 2017-08-30T11:05:40+08:00 ] ::1 /thinkcmf/index.php?g=&m=Survey&a=getradio&surveyid=1
INFO: [ app_begin ] --START--
INFO: Run Behavior\ReadHtmlCacheBehavior [ RunTime:0.000478s ]
INFO: Run Behavior\CheckLangBehavior [ RunTime:0.000504s ]
INFO: Run Common\Behavior\UrldecodeGetBehavior [ RunTime:0.000282s ]
INFO: [ app_begin ] --END-- [ RunTime:0.001616s ]
INFO: [ admin_begin ] --START--
INFO: Run Common\Behavior\AdminDefaultLangBehavior [ RunTime:0.000592s ]
INFO: [ admin_begin ] --END-- [ RunTime:0.000678s ]
SQL: SHOW COLUMNS FROM `cmf_users` [ RunTime:0.0029s ]
SQL: SELECT * FROM `cmf_users` WHERE `id` = '1' LIMIT 1   [ RunTime:0.0002s ]
SQL: SHOW COLUMNS FROM `cmf_survey` [ RunTime:0.0008s ]
SQL: SHOW COLUMNS FROM `cmf_radio` [ RunTime:0.0007s ]
SQL: SHOW COLUMNS FROM `cmf_question` [ RunTime:0.0008s ]
SQL: SHOW COLUMNS FROM `cmf_surveyrecord` [ RunTime:0.0014s ]
SQL: SHOW COLUMNS FROM `cmf_surveyradiorecord` [ RunTime:0.0008s ]
SQL: SELECT * FROM `cmf_radio` WHERE `surveyid` = 1  [ RunTime:0.0002s ]
SQL: SELECT * FROM `cmf_question` WHERE `radioid` = 1  [ RunTime:0.0001s ]
SQL: SELECT * FROM `cmf_question` WHERE `radioid` = 2  [ RunTime:0.0001s ]
SQL: SELECT * FROM `cmf_question` WHERE `radioid` = 3  [ RunTime:0.0001s ]
SQL: SELECT * FROM `cmf_question` WHERE `radioid` = 4  [ RunTime:0.0001s ]
SQL: SELECT * FROM `cmf_question` WHERE `radioid` = 5  [ RunTime:0.0001s ]
INFO: [ app_end ] --START--
INFO: Run Behavior\ShowPageTraceBehavior [ RunTime:0.000492s ]
INFO: [ app_end ] --END-- [ RunTime:0.000542s ]

[ 2017-08-30T11:05:40+08:00 ] ::1 /thinkcmf/index.php?g=&m=Survey&a=surveyrecord&surveyid=1&radiotag=2&local=320506&textareas=0
INFO: [ app_begin ] --START--
INFO: Run Behavior\ReadHtmlCacheBehavior [ RunTime:0.000564s ]
INFO: Run Behavior\CheckLangBehavior [ RunTime:0.000629s ]
INFO: Run Common\Behavior\UrldecodeGetBehavior [ RunTime:0.000148s ]
INFO: [ app_begin ] --END-- [ RunTime:0.001793s ]
INFO: [ admin_begin ] --START--
INFO: Run Common\Behavior\AdminDefaultLangBehavior [ RunTime:0.000664s ]
INFO: [ admin_begin ] --END-- [ RunTime:0.000738s ]
SQL: SHOW COLUMNS FROM `cmf_users` [ RunTime:0.0014s ]
SQL: SELECT * FROM `cmf_users` WHERE `id` = '1' LIMIT 1   [ RunTime:0.0002s ]
SQL: SHOW COLUMNS FROM `cmf_survey` [ RunTime:0.0008s ]
SQL: SHOW COLUMNS FROM `cmf_radio` [ RunTime:0.0007s ]
SQL: SHOW COLUMNS FROM `cmf_question` [ RunTime:0.0006s ]
SQL: SHOW COLUMNS FROM `cmf_surveyrecord` [ RunTime:0.0008s ]
SQL: SHOW COLUMNS FROM `cmf_surveyradiorecord` [ RunTime:0.0007s ]
SQL: INSERT INTO `cmf_surveyrecord` (`surveyid`,`radiotag`,`local`,`textare`) VALUES ('1','2','320506','0') [ RunTime:0.0003s ]
INFO: [ app_end ] --START--
INFO: Run Behavior\ShowPageTraceBehavior [ RunTime:0.000470s ]
INFO: [ app_end ] --END-- [ RunTime:0.000522s ]

[ 2017-08-30T11:05:40+08:00 ] ::1 /thinkcmf/index.php?g=&m=Survey&a=surveyradiorecord&radioid=1&questionid=2&questionname=+%E7%BB%8F%E5%B8%B8&radioname=%E6%82%A8%E7%BB%8F%E5%B8%B8%E6%95%99%E8%82%B2%E5%AD%A9%E5%AD%90%E5%AE%89%E5%85%A8%E7%9A%84%E9%97%AE%E9%A2%98%E5%90%97%EF%BC%9F&radiotag=2&local=320506
INFO: [ app_begin ] --START--
INFO: Run Behavior\ReadHtmlCacheBehavior [ RunTime:0.000448s ]
INFO: Run Behavior\CheckLangBehavior [ RunTime:0.000507s ]
INFO: Run Common\Behavior\UrldecodeGetBehavior [ RunTime:0.000171s ]
INFO: [ app_begin ] --END-- [ RunTime:0.001476s ]
INFO: [ admin_begin ] --START--
INFO: Run Common\Behavior\AdminDefaultLangBehavior [ RunTime:0.000945s ]
INFO: [ admin_begin ] --END-- [ RunTime:0.001070s ]
SQL: SHOW COLUMNS FROM `cmf_users` [ RunTime:0.0021s ]
SQL: SELECT * FROM `cmf_users` WHERE `id` = '1' LIMIT 1   [ RunTime:0.0004s ]
SQL: SHOW COLUMNS FROM `cmf_survey` [ RunTime:0.0016s ]
SQL: SHOW COLUMNS FROM `cmf_radio` [ RunTime:0.0009s ]
SQL: SHOW COLUMNS FROM `cmf_question` [ RunTime:0.0010s ]
SQL: SHOW COLUMNS FROM `cmf_surveyrecord` [ RunTime:0.0010s ]
SQL: SHOW COLUMNS FROM `cmf_surveyradiorecord` [ RunTime:0.0009s ]
SQL: INSERT INTO `cmf_surveyradiorecord` (`radioid`,`questionid`,`questionname`,`radioname`,`radiotag`,`local`) VALUES ('1','2',' 经常','您经常教育孩子安全的问题吗？','2','320506') [ RunTime:0.0005s ]
INFO: [ app_end ] --START--
INFO: Run Behavior\ShowPageTraceBehavior [ RunTime:0.000600s ]
INFO: [ app_end ] --END-- [ RunTime:0.000675s ]

[ 2017-08-30T11:05:40+08:00 ] ::1 /thinkcmf/index.php?g=&m=Survey&a=surveyradiorecord&radioid=2&questionid=4&questionname=+%E5%AD%A6%E4%B9%A0%E6%88%90%E7%BB%A9&radioname=%E6%82%A8%E6%9C%80%E5%85%B3%E5%BF%83%E5%AD%A9%E5%AD%90%E7%9A%84%E5%93%AA%E4%B8%80%E6%96%B9%E9%9D%A2%EF%BC%9F&radiotag=2&local=320506
INFO: [ app_begin ] --START--
INFO: Run Behavior\ReadHtmlCacheBehavior [ RunTime:0.000617s ]
INFO: Run Behavior\CheckLangBehavior [ RunTime:0.000561s ]
INFO: Run Common\Behavior\UrldecodeGetBehavior [ RunTime:0.000157s ]
INFO: [ app_begin ] --END-- [ RunTime:0.001709s ]
INFO: [ admin_begin ] --START--
INFO: Run Common\Behavior\AdminDefaultLangBehavior [ RunTime:0.000774s ]
INFO: [ admin_begin ] --END-- [ RunTime:0.000847s ]
SQL: SHOW COLUMNS FROM `cmf_users` [ RunTime:0.0011s ]
SQL: SELECT * FROM `cmf_users` WHERE `id` = '1' LIMIT 1   [ RunTime:0.0002s ]
SQL: SHOW COLUMNS FROM `cmf_survey` [ RunTime:0.0008s ]
SQL: SHOW COLUMNS FROM `cmf_radio` [ RunTime:0.0007s ]
SQL: SHOW COLUMNS FROM `cmf_question` [ RunTime:0.0009s ]
SQL: SHOW COLUMNS FROM `cmf_surveyrecord` [ RunTime:0.0007s ]
SQL: SHOW COLUMNS FROM `cmf_surveyradiorecord` [ RunTime:0.0010s ]
SQL: INSERT INTO `cmf_surveyradiorecord` (`radioid`,`questionid`,`questionname`,`radioname`,`radiotag`,`local`) VALUES ('2','4',' 学习成绩','您最关心孩子的哪一方面？','2','320506') [ RunTime:0.0003s ]
INFO: [ app_end ] --START--
INFO: Run Behavior\ShowPageTraceBehavior [ RunTime:0.000499s ]
INFO: [ app_end ] --END-- [ RunTime:0.000553s ]

[ 2017-08-30T11:05:40+08:00 ] ::1 /thinkcmf/index.php?g=&m=Survey&a=surveyradiorecord&radioid=3&questionid=9&questionname=+%E6%B2%A1%E6%9C%89&radioname=%E6%82%A8%E6%98%AF%E5%90%A6%E7%BB%8F%E5%B8%B8%E7%9D%A3%E4%BF%83%E6%A3%80%E6%9F%A5%E5%AD%A9%E5%AD%90%E7%9A%84%E5%AE%B6%E5%BA%AD%E4%BD%9C%E4%B8%9A%EF%BC%9F&radiotag=2&local=320506
INFO: [ app_begin ] --START--
INFO: Run Behavior\ReadHtmlCacheBehavior [ RunTime:0.000445s ]
INFO: Run Behavior\CheckLangBehavior [ RunTime:0.000503s ]
INFO: Run Common\Behavior\UrldecodeGetBehavior [ RunTime:0.000144s ]
INFO: [ app_begin ] --END-- [ RunTime:0.001455s ]
INFO: [ admin_begin ] --START--
INFO: Run Common\Behavior\AdminDefaultLangBehavior [ RunTime:0.000631s ]
INFO: [ admin_begin ] --END-- [ RunTime:0.000709s ]
SQL: SHOW COLUMNS FROM `cmf_users` [ RunTime:0.0014s ]
SQL: SELECT * FROM `cmf_users` WHERE `id` = '1' LIMIT 1   [ RunTime:0.0002s ]
SQL: SHOW COLUMNS FROM `cmf_survey` [ RunTime:0.0008s ]
SQL: SHOW COLUMNS FROM `cmf_radio` [ RunTime:0.0010s ]
SQL: SHOW COLUMNS FROM `cmf_question` [ RunTime:0.0012s ]
SQL: SHOW COLUMNS FROM `cmf_surveyrecord` [ RunTime:0.0009s ]
SQL: SHOW COLUMNS FROM `cmf_surveyradiorecord` [ RunTime:0.0012s ]
SQL: INSERT INTO `cmf_surveyradiorecord` (`radioid`,`questionid`,`questionname`,`radioname`,`radiotag`,`local`) VALUES ('3','9',' 没有','您是否经常督促检查孩子的家庭作业？','2','320506') [ RunTime:0.0003s ]
INFO: [ app_end ] --START--
INFO: Run Behavior\ShowPageTraceBehavior [ RunTime:0.000661s ]
INFO: [ app_end ] --END-- [ RunTime:0.000721s ]

[ 2017-08-30T11:05:40+08:00 ] ::1 /thinkcmf/index.php?g=&m=Survey&a=surveyradiorecord&radioid=4&questionid=11&questionname=+%E5%81%B6%E5%B0%94++&radioname=%E6%82%A8%E6%98%AF%E5%90%A6%E7%BB%8F%E5%B8%B8%E5%92%8C%E5%85%B6%E4%BB%96%E5%AE%B6%E9%95%BF%E4%B8%80%E8%B5%B7%E4%BA%92%E7%9B%B8%E8%AE%A8%E8%AE%BA%E4%BA%A4%E6%B5%81%EF%BC%9F&radiotag=2&local=320506
INFO: [ app_begin ] --START--
INFO: Run Behavior\ReadHtmlCacheBehavior [ RunTime:0.000701s ]
INFO: Run Behavior\CheckLangBehavior [ RunTime:0.000812s ]
INFO: Run Common\Behavior\UrldecodeGetBehavior [ RunTime:0.000339s ]
INFO: [ app_begin ] --END-- [ RunTime:0.002459s ]
INFO: [ admin_begin ] --START--
INFO: Run Common\Behavior\AdminDefaultLangBehavior [ RunTime:0.000735s ]
INFO: [ admin_begin ] --END-- [ RunTime:0.000824s ]
SQL: SHOW COLUMNS FROM `cmf_users` [ RunTime:0.0010s ]
SQL: SELECT * FROM `cmf_users` WHERE `id` = '1' LIMIT 1   [ RunTime:0.0002s ]
SQL: SHOW COLUMNS FROM `cmf_survey` [ RunTime:0.0008s ]
SQL: SHOW COLUMNS FROM `cmf_radio` [ RunTime:0.0011s ]
SQL: SHOW COLUMNS FROM `cmf_question` [ RunTime:0.0017s ]
SQL: SHOW COLUMNS FROM `cmf_surveyrecord` [ RunTime:0.0011s ]
SQL: SHOW COLUMNS FROM `cmf_surveyradiorecord` [ RunTime:0.0010s ]
SQL: INSERT INTO `cmf_surveyradiorecord` (`radioid`,`questionid`,`questionname`,`radioname`,`radiotag`,`local`) VALUES ('4','11',' 偶尔  ','您是否经常和其他家长一起互相讨论交流？','2','320506') [ RunTime:0.0003s ]
INFO: [ app_end ] --START--
INFO: Run Behavior\ShowPageTraceBehavior [ RunTime:0.000646s ]
INFO: [ app_end ] --END-- [ RunTime:0.000722s ]

[ 2017-08-30T11:05:40+08:00 ] ::1 /thinkcmf/index.php?g=&m=Survey&a=surveyradiorecord&radioid=5&questionid=13&questionname=+%E7%94%B5%E8%AF%9D&radioname=%E6%82%A8%E9%80%9A%E5%B8%B8%E6%98%AF%E5%A6%82%E4%BD%95%E7%BB%99%E5%AD%A9%E5%AD%90%E8%AF%B7%E5%81%87%E7%9A%84%EF%BC%9F&radiotag=2&local=320506
INFO: [ app_begin ] --START--
INFO: Run Behavior\ReadHtmlCacheBehavior [ RunTime:0.000764s ]
INFO: Run Behavior\CheckLangBehavior [ RunTime:0.000883s ]
INFO: Run Common\Behavior\UrldecodeGetBehavior [ RunTime:0.000231s ]
INFO: [ app_begin ] --END-- [ RunTime:0.002381s ]
INFO: [ admin_begin ] --START--
INFO: Run Common\Behavior\AdminDefaultLangBehavior [ RunTime:0.000849s ]
INFO: [ admin_begin ] --END-- [ RunTime:0.000943s ]
SQL: SHOW COLUMNS FROM `cmf_users` [ RunTime:0.0011s ]
SQL: SELECT * FROM `cmf_users` WHERE `id` = '1' LIMIT 1   [ RunTime:0.0002s ]
SQL: SHOW COLUMNS FROM `cmf_survey` [ RunTime:0.0007s ]
SQL: SHOW COLUMNS FROM `cmf_radio` [ RunTime:0.0007s ]
SQL: SHOW COLUMNS FROM `cmf_question` [ RunTime:0.0006s ]
SQL: SHOW COLUMNS FROM `cmf_surveyrecord` [ RunTime:0.0007s ]
SQL: SHOW COLUMNS FROM `cmf_surveyradiorecord` [ RunTime:0.0006s ]
SQL: INSERT INTO `cmf_surveyradiorecord` (`radioid`,`questionid`,`questionname`,`radioname`,`radiotag`,`local`) VALUES ('5','13',' 电话','您通常是如何给孩子请假的？','2','320506') [ RunTime:0.0003s ]
INFO: [ app_end ] --START--
INFO: Run Behavior\ShowPageTraceBehavior [ RunTime:0.000468s ]
INFO: [ app_end ] --END-- [ RunTime:0.000517s ]

[ 2017-08-30T11:05:40+08:00 ] ::1 /thinkcmf/public/swiper/maps/swiper.min.js.map
ERR: 无法加载控制器:Public

[ 2017-08-30T11:06:35+08:00 ] ::1 /thinkcmf/index.php?g=&m=Survey&a=getradio&surveyid=1
INFO: [ app_begin ] --START--
INFO: Run Behavior\ReadHtmlCacheBehavior [ RunTime:0.000437s ]
INFO: Run Behavior\CheckLangBehavior [ RunTime:0.000517s ]
INFO: Run Common\Behavior\UrldecodeGetBehavior [ RunTime:0.000203s ]
INFO: [ app_begin ] --END-- [ RunTime:0.001567s ]
INFO: [ admin_begin ] --START--
INFO: Run Common\Behavior\AdminDefaultLangBehavior [ RunTime:0.000599s ]
INFO: [ admin_begin ] --END-- [ RunTime:0.000722s ]
SQL: SHOW COLUMNS FROM `cmf_users` [ RunTime:0.0013s ]
SQL: SELECT * FROM `cmf_users` WHERE `id` = '1' LIMIT 1   [ RunTime:0.0002s ]
SQL: SHOW COLUMNS FROM `cmf_survey` [ RunTime:0.0008s ]
SQL: SHOW COLUMNS FROM `cmf_radio` [ RunTime:0.0007s ]
SQL: SHOW COLUMNS FROM `cmf_question` [ RunTime:0.0008s ]
SQL: SHOW COLUMNS FROM `cmf_surveyrecord` [ RunTime:0.0007s ]
SQL: SHOW COLUMNS FROM `cmf_surveyradiorecord` [ RunTime:0.0008s ]
SQL: SELECT * FROM `cmf_radio` WHERE `surveyid` = 1  [ RunTime:0.0002s ]
SQL: SELECT * FROM `cmf_question` WHERE `radioid` = 1  [ RunTime:0.0001s ]
SQL: SELECT * FROM `cmf_question` WHERE `radioid` = 2  [ RunTime:0.0001s ]
SQL: SELECT * FROM `cmf_question` WHERE `radioid` = 3  [ RunTime:0.0001s ]
SQL: SELECT * FROM `cmf_question` WHERE `radioid` = 4  [ RunTime:0.0001s ]
SQL: SELECT * FROM `cmf_question` WHERE `radioid` = 5  [ RunTime:0.0002s ]
INFO: [ app_end ] --START--
INFO: Run Behavior\ShowPageTraceBehavior [ RunTime:0.000559s ]
INFO: [ app_end ] --END-- [ RunTime:0.000617s ]

[ 2017-08-30T11:06:35+08:00 ] ::1 /thinkcmf/index.php?g=&m=Survey&a=surveyrecord&surveyid=1&radiotag=3&local=320507&textareas=hhh
INFO: [ app_begin ] --START--
INFO: Run Behavior\ReadHtmlCacheBehavior [ RunTime:0.000589s ]
INFO: Run Behavior\CheckLangBehavior [ RunTime:0.000499s ]
INFO: Run Common\Behavior\UrldecodeGetBehavior [ RunTime:0.000137s ]
INFO: [ app_begin ] --END-- [ RunTime:0.001598s ]
INFO: [ admin_begin ] --START--
INFO: Run Common\Behavior\AdminDefaultLangBehavior [ RunTime:0.000769s ]
INFO: [ admin_begin ] --END-- [ RunTime:0.000862s ]
SQL: SHOW COLUMNS FROM `cmf_users` [ RunTime:0.0011s ]
SQL: SELECT * FROM `cmf_users` WHERE `id` = '1' LIMIT 1   [ RunTime:0.0002s ]
SQL: SHOW COLUMNS FROM `cmf_survey` [ RunTime:0.0007s ]
SQL: SHOW COLUMNS FROM `cmf_radio` [ RunTime:0.0008s ]
SQL: SHOW COLUMNS FROM `cmf_question` [ RunTime:0.0007s ]
SQL: SHOW COLUMNS FROM `cmf_surveyrecord` [ RunTime:0.0006s ]
SQL: SHOW COLUMNS FROM `cmf_surveyradiorecord` [ RunTime:0.0009s ]
SQL: INSERT INTO `cmf_surveyrecord` (`surveyid`,`radiotag`,`local`,`textare`) VALUES ('1','3','320507','hhh') [ RunTime:0.0004s ]
INFO: [ app_end ] --START--
INFO: Run Behavior\ShowPageTraceBehavior [ RunTime:0.000572s ]
INFO: [ app_end ] --END-- [ RunTime:0.000632s ]

[ 2017-08-30T11:06:36+08:00 ] ::1 /thinkcmf/index.php?g=&m=Survey&a=surveyradiorecord&radioid=1&questionid=2&questionname=+%E7%BB%8F%E5%B8%B8&radioname=%E6%82%A8%E7%BB%8F%E5%B8%B8%E6%95%99%E8%82%B2%E5%AD%A9%E5%AD%90%E5%AE%89%E5%85%A8%E7%9A%84%E9%97%AE%E9%A2%98%E5%90%97%EF%BC%9F&radiotag=3&local=320507
INFO: [ app_begin ] --START--
INFO: Run Behavior\ReadHtmlCacheBehavior [ RunTime:0.000437s ]
INFO: Run Behavior\CheckLangBehavior [ RunTime:0.000500s ]
INFO: Run Common\Behavior\UrldecodeGetBehavior [ RunTime:0.000142s ]
INFO: [ app_begin ] --END-- [ RunTime:0.001427s ]
INFO: [ admin_begin ] --START--
INFO: Run Common\Behavior\AdminDefaultLangBehavior [ RunTime:0.000529s ]
INFO: [ admin_begin ] --END-- [ RunTime:0.000582s ]
SQL: SHOW COLUMNS FROM `cmf_users` [ RunTime:0.0028s ]
SQL: SELECT * FROM `cmf_users` WHERE `id` = '1' LIMIT 1   [ RunTime:0.0002s ]
SQL: SHOW COLUMNS FROM `cmf_survey` [ RunTime:0.0006s ]
SQL: SHOW COLUMNS FROM `cmf_radio` [ RunTime:0.0007s ]
SQL: SHOW COLUMNS FROM `cmf_question` [ RunTime:0.0007s ]
SQL: SHOW COLUMNS FROM `cmf_surveyrecord` [ RunTime:0.0006s ]
SQL: SHOW COLUMNS FROM `cmf_surveyradiorecord` [ RunTime:0.0008s ]
SQL: INSERT INTO `cmf_surveyradiorecord` (`radioid`,`questionid`,`questionname`,`radioname`,`radiotag`,`local`) VALUES ('1','2',' 经常','您经常教育孩子安全的问题吗？','3','320507') [ RunTime:0.0003s ]
INFO: [ app_end ] --START--
INFO: Run Behavior\ShowPageTraceBehavior [ RunTime:0.000514s ]
INFO: [ app_end ] --END-- [ RunTime:0.000565s ]

[ 2017-08-30T11:06:36+08:00 ] ::1 /thinkcmf/index.php?g=&m=Survey&a=surveyradiorecord&radioid=2&questionid=4&questionname=+%E5%AD%A6%E4%B9%A0%E6%88%90%E7%BB%A9&radioname=%E6%82%A8%E6%9C%80%E5%85%B3%E5%BF%83%E5%AD%A9%E5%AD%90%E7%9A%84%E5%93%AA%E4%B8%80%E6%96%B9%E9%9D%A2%EF%BC%9F&radiotag=3&local=320507
INFO: [ app_begin ] --START--
INFO: Run Behavior\ReadHtmlCacheBehavior [ RunTime:0.000426s ]
INFO: Run Behavior\CheckLangBehavior [ RunTime:0.000485s ]
INFO: Run Common\Behavior\UrldecodeGetBehavior [ RunTime:0.000163s ]
INFO: [ app_begin ] --END-- [ RunTime:0.001428s ]
INFO: [ admin_begin ] --START--
INFO: Run Common\Behavior\AdminDefaultLangBehavior [ RunTime:0.000890s ]
INFO: [ admin_begin ] --END-- [ RunTime:0.000981s ]
SQL: SHOW COLUMNS FROM `cmf_users` [ RunTime:0.0011s ]
SQL: SELECT * FROM `cmf_users` WHERE `id` = '1' LIMIT 1   [ RunTime:0.0002s ]
SQL: SHOW COLUMNS FROM `cmf_survey` [ RunTime:0.0007s ]
SQL: SHOW COLUMNS FROM `cmf_radio` [ RunTime:0.0007s ]
SQL: SHOW COLUMNS FROM `cmf_question` [ RunTime:0.0006s ]
SQL: SHOW COLUMNS FROM `cmf_surveyrecord` [ RunTime:0.0005s ]
SQL: SHOW COLUMNS FROM `cmf_surveyradiorecord` [ RunTime:0.0007s ]
SQL: INSERT INTO `cmf_surveyradiorecord` (`radioid`,`questionid`,`questionname`,`radioname`,`radiotag`,`local`) VALUES ('2','4',' 学习成绩','您最关心孩子的哪一方面？','3','320507') [ RunTime:0.0003s ]
INFO: [ app_end ] --START--
INFO: Run Behavior\ShowPageTraceBehavior [ RunTime:0.000487s ]
INFO: [ app_end ] --END-- [ RunTime:0.000570s ]

[ 2017-08-30T11:06:36+08:00 ] ::1 /thinkcmf/index.php?g=&m=Survey&a=surveyradiorecord&radioid=3&questionid=9&questionname=+%E6%B2%A1%E6%9C%89&radioname=%E6%82%A8%E6%98%AF%E5%90%A6%E7%BB%8F%E5%B8%B8%E7%9D%A3%E4%BF%83%E6%A3%80%E6%9F%A5%E5%AD%A9%E5%AD%90%E7%9A%84%E5%AE%B6%E5%BA%AD%E4%BD%9C%E4%B8%9A%EF%BC%9F&radiotag=3&local=320507
INFO: [ app_begin ] --START--
INFO: Run Behavior\ReadHtmlCacheBehavior [ RunTime:0.000596s ]
INFO: Run Behavior\CheckLangBehavior [ RunTime:0.000499s ]
INFO: Run Common\Behavior\UrldecodeGetBehavior [ RunTime:0.000139s ]
INFO: [ app_begin ] --END-- [ RunTime:0.001672s ]
INFO: [ admin_begin ] --START--
INFO: Run Common\Behavior\AdminDefaultLangBehavior [ RunTime:0.000823s ]
INFO: [ admin_begin ] --END-- [ RunTime:0.000928s ]
SQL: SHOW COLUMNS FROM `cmf_users` [ RunTime:0.0011s ]
SQL: SELECT * FROM `cmf_users` WHERE `id` = '1' LIMIT 1   [ RunTime:0.0002s ]
SQL: SHOW COLUMNS FROM `cmf_survey` [ RunTime:0.0006s ]
SQL: SHOW COLUMNS FROM `cmf_radio` [ RunTime:0.0006s ]
SQL: SHOW COLUMNS FROM `cmf_question` [ RunTime:0.0006s ]
SQL: SHOW COLUMNS FROM `cmf_surveyrecord` [ RunTime:0.0006s ]
SQL: SHOW COLUMNS FROM `cmf_surveyradiorecord` [ RunTime:0.0007s ]
SQL: INSERT INTO `cmf_surveyradiorecord` (`radioid`,`questionid`,`questionname`,`radioname`,`radiotag`,`local`) VALUES ('3','9',' 没有','您是否经常督促检查孩子的家庭作业？','3','320507') [ RunTime:0.0003s ]
INFO: [ app_end ] --START--
INFO: Run Behavior\ShowPageTraceBehavior [ RunTime:0.000457s ]
INFO: [ app_end ] --END-- [ RunTime:0.000508s ]

[ 2017-08-30T11:06:36+08:00 ] ::1 /thinkcmf/index.php?g=&m=Survey&a=surveyradiorecord&radioid=4&questionid=11&questionname=+%E5%81%B6%E5%B0%94++&radioname=%E6%82%A8%E6%98%AF%E5%90%A6%E7%BB%8F%E5%B8%B8%E5%92%8C%E5%85%B6%E4%BB%96%E5%AE%B6%E9%95%BF%E4%B8%80%E8%B5%B7%E4%BA%92%E7%9B%B8%E8%AE%A8%E8%AE%BA%E4%BA%A4%E6%B5%81%EF%BC%9F&radiotag=3&local=320507
INFO: [ app_begin ] --START--
INFO: Run Behavior\ReadHtmlCacheBehavior [ RunTime:0.000429s ]
INFO: Run Behavior\CheckLangBehavior [ RunTime:0.000487s ]
INFO: Run Common\Behavior\UrldecodeGetBehavior [ RunTime:0.000143s ]
INFO: [ app_begin ] --END-- [ RunTime:0.001407s ]
INFO: [ admin_begin ] --START--
INFO: Run Common\Behavior\AdminDefaultLangBehavior [ RunTime:0.000851s ]
INFO: [ admin_begin ] --END-- [ RunTime:0.000950s ]
SQL: SHOW COLUMNS FROM `cmf_users` [ RunTime:0.0010s ]
SQL: SELECT * FROM `cmf_users` WHERE `id` = '1' LIMIT 1   [ RunTime:0.0002s ]
SQL: SHOW COLUMNS FROM `cmf_survey` [ RunTime:0.0006s ]
SQL: SHOW COLUMNS FROM `cmf_radio` [ RunTime:0.0008s ]
SQL: SHOW COLUMNS FROM `cmf_question` [ RunTime:0.0006s ]
SQL: SHOW COLUMNS FROM `cmf_surveyrecord` [ RunTime:0.0005s ]
SQL: SHOW COLUMNS FROM `cmf_surveyradiorecord` [ RunTime:0.0006s ]
SQL: INSERT INTO `cmf_surveyradiorecord` (`radioid`,`questionid`,`questionname`,`radioname`,`radiotag`,`local`) VALUES ('4','11',' 偶尔  ','您是否经常和其他家长一起互相讨论交流？','3','320507') [ RunTime:0.0003s ]
INFO: [ app_end ] --START--
INFO: Run Behavior\ShowPageTraceBehavior [ RunTime:0.000487s ]
INFO: [ app_end ] --END-- [ RunTime:0.000539s ]

[ 2017-08-30T11:06:36+08:00 ] ::1 /thinkcmf/index.php?g=&m=Survey&a=surveyradiorecord&radioid=5&questionid=15&questionname=+%E5%8E%BB%E5%AD%A6%E6%A0%A1%E8%AF%B4%E6%98%8E&radioname=%E6%82%A8%E9%80%9A%E5%B8%B8%E6%98%AF%E5%A6%82%E4%BD%95%E7%BB%99%E5%AD%A9%E5%AD%90%E8%AF%B7%E5%81%87%E7%9A%84%EF%BC%9F&radiotag=3&local=320507
INFO: [ app_begin ] --START--
INFO: Run Behavior\ReadHtmlCacheBehavior [ RunTime:0.000448s ]
INFO: Run Behavior\CheckLangBehavior [ RunTime:0.000579s ]
INFO: Run Common\Behavior\UrldecodeGetBehavior [ RunTime:0.000157s ]
INFO: [ app_begin ] --END-- [ RunTime:0.001582s ]
INFO: [ admin_begin ] --START--
INFO: Run Common\Behavior\AdminDefaultLangBehavior [ RunTime:0.000837s ]
INFO: [ admin_begin ] --END-- [ RunTime:0.000912s ]
SQL: SHOW COLUMNS FROM `cmf_users` [ RunTime:0.0018s ]
SQL: SELECT * FROM `cmf_users` WHERE `id` = '1' LIMIT 1   [ RunTime:0.0003s ]
SQL: SHOW COLUMNS FROM `cmf_survey` [ RunTime:0.0007s ]
SQL: SHOW COLUMNS FROM `cmf_radio` [ RunTime:0.0006s ]
SQL: SHOW COLUMNS FROM `cmf_question` [ RunTime:0.0006s ]
SQL: SHOW COLUMNS FROM `cmf_surveyrecord` [ RunTime:0.0006s ]
SQL: SHOW COLUMNS FROM `cmf_surveyradiorecord` [ RunTime:0.0006s ]
SQL: INSERT INTO `cmf_surveyradiorecord` (`radioid`,`questionid`,`questionname`,`radioname`,`radiotag`,`local`) VALUES ('5','15',' 去学校说明','您通常是如何给孩子请假的？','3','320507') [ RunTime:0.0003s ]
INFO: [ app_end ] --START--
INFO: Run Behavior\ShowPageTraceBehavior [ RunTime:0.000491s ]
INFO: [ app_end ] --END-- [ RunTime:0.000551s ]

[ 2017-08-30T11:06:37+08:00 ] ::1 /thinkcmf/public/swiper/maps/swiper.min.js.map
ERR: 无法加载控制器:Public

[ 2017-08-30T14:39:45+08:00 ] ::1 /thinkcmf/public/swiper/maps/swiper.min.js.map
ERR: 无法加载控制器:Public

[ 2017-08-30T16:32:57+08:00 ] ::1 /thinkcmf/public/swiper/maps/swiper.min.js.map
ERR: 无法加载控制器:Public

[ 2017-08-30T16:33:27+08:00 ] ::1 /thinkcmf/public/swiper/maps/swiper.min.js.map
ERR: 无法加载控制器:Public

[ 2017-08-30T16:34:22+08:00 ] ::1 /thinkcmf/public/swiper/maps/swiper.min.js.map
ERR: 无法加载控制器:Public

[ 2017-08-30T16:38:47+08:00 ] ::1 /thinkcmf/public/swiper/maps/swiper.min.js.map
ERR: 无法加载控制器:Public

[ 2017-08-30T16:38:51+08:00 ] ::1 /thinkcmf/public/swiper/maps/swiper.min.js.map
ERR: 无法加载控制器:Public

[ 2017-08-30T16:38:55+08:00 ] ::1 /thinkcmf/public/swiper/maps/swiper.min.js.map
ERR: 无法加载控制器:Public

[ 2017-08-30T16:39:06+08:00 ] ::1 /thinkcmf/public/swiper/maps/swiper.min.js.map
ERR: 无法加载控制器:Public

[ 2017-08-30T18:56:57+08:00 ] ::1 /thinkcmf/public/swiper/maps/swiper.min.js.map
ERR: 无法加载控制器:Public

[ 2017-08-30T18:57:14+08:00 ] ::1 /thinkcmf/index.php?g=&m=Survey&a=getradio&surveyid=1
INFO: [ app_begin ] --START--
INFO: Run Behavior\ReadHtmlCacheBehavior [ RunTime:0.000441s ]
INFO: Run Behavior\CheckLangBehavior [ RunTime:0.000590s ]
INFO: Run Common\Behavior\UrldecodeGetBehavior [ RunTime:0.000176s ]
INFO: [ app_begin ] --END-- [ RunTime:0.001592s ]
INFO: [ admin_begin ] --START--
INFO: Run Common\Behavior\AdminDefaultLangBehavior [ RunTime:0.000784s ]
INFO: [ admin_begin ] --END-- [ RunTime:0.000860s ]
SQL: SHOW COLUMNS FROM `cmf_users` [ RunTime:0.0014s ]
SQL: SELECT * FROM `cmf_users` WHERE `id` = '1' LIMIT 1   [ RunTime:0.0002s ]
SQL: SHOW COLUMNS FROM `cmf_survey` [ RunTime:0.0007s ]
SQL: SHOW COLUMNS FROM `cmf_radio` [ RunTime:0.0007s ]
SQL: SHOW COLUMNS FROM `cmf_question` [ RunTime:0.0008s ]
SQL: SHOW COLUMNS FROM `cmf_surveyrecord` [ RunTime:0.0006s ]
SQL: SHOW COLUMNS FROM `cmf_surveyradiorecord` [ RunTime:0.0007s ]
SQL: SELECT * FROM `cmf_radio` WHERE `surveyid` = 1  [ RunTime:0.0002s ]
SQL: SELECT * FROM `cmf_question` WHERE `radioid` = 11  [ RunTime:0.0001s ]
SQL: SELECT * FROM `cmf_question` WHERE `radioid` = 9  [ RunTime:0.0001s ]
SQL: SELECT * FROM `cmf_question` WHERE `radioid` = 13  [ RunTime:0.0001s ]
SQL: SELECT * FROM `cmf_question` WHERE `radioid` = 4  [ RunTime:0.0001s ]
SQL: SELECT * FROM `cmf_question` WHERE `radioid` = 5  [ RunTime:0.0001s ]
SQL: SELECT * FROM `cmf_question` WHERE `radioid` = 14  [ RunTime:0.0002s ]
SQL: SELECT * FROM `cmf_question` WHERE `radioid` = 15  [ RunTime:0.0002s ]
SQL: SELECT * FROM `cmf_question` WHERE `radioid` = 16  [ RunTime:0.0002s ]
INFO: [ app_end ] --START--
INFO: Run Behavior\ShowPageTraceBehavior [ RunTime:0.000712s ]
INFO: [ app_end ] --END-- [ RunTime:0.000774s ]

[ 2017-08-30T18:57:14+08:00 ] ::1 /thinkcmf/index.php?g=&m=Survey&a=surveyrecord&surveyid=1&radiotag=4&local=320508&textareas=gvvnmn
INFO: [ app_begin ] --START--
INFO: Run Behavior\ReadHtmlCacheBehavior [ RunTime:0.000571s ]
INFO: Run Behavior\CheckLangBehavior [ RunTime:0.000565s ]
INFO: Run Common\Behavior\UrldecodeGetBehavior [ RunTime:0.000147s ]
INFO: [ app_begin ] --END-- [ RunTime:0.001757s ]
INFO: [ admin_begin ] --START--
INFO: Run Common\Behavior\AdminDefaultLangBehavior [ RunTime:0.000591s ]
INFO: [ admin_begin ] --END-- [ RunTime:0.000654s ]
SQL: SHOW COLUMNS FROM `cmf_users` [ RunTime:0.0017s ]
SQL: SELECT * FROM `cmf_users` WHERE `id` = '1' LIMIT 1   [ RunTime:0.0002s ]
SQL: SHOW COLUMNS FROM `cmf_survey` [ RunTime:0.0010s ]
SQL: SHOW COLUMNS FROM `cmf_radio` [ RunTime:0.0007s ]
SQL: SHOW COLUMNS FROM `cmf_question` [ RunTime:0.0006s ]
SQL: SHOW COLUMNS FROM `cmf_surveyrecord` [ RunTime:0.0009s ]
SQL: SHOW COLUMNS FROM `cmf_surveyradiorecord` [ RunTime:0.0007s ]
SQL: INSERT INTO `cmf_surveyrecord` (`surveyid`,`radiotag`,`local`,`textare`) VALUES ('1','4','320508','gvvnmn') [ RunTime:0.0003s ]
INFO: [ app_end ] --START--
INFO: Run Behavior\ShowPageTraceBehavior [ RunTime:0.000462s ]
INFO: [ app_end ] --END-- [ RunTime:0.000523s ]

[ 2017-08-30T18:57:14+08:00 ] ::1 /thinkcmf/index.php?g=&m=Survey&a=surveyradiorecord&radioid=11&radioname=%E4%BD%A0%E9%82%A3%E6%AC%A1&radiotag=4&local=320508
INFO: [ app_begin ] --START--
INFO: Run Behavior\ReadHtmlCacheBehavior [ RunTime:0.000640s ]
INFO: Run Behavior\CheckLangBehavior [ RunTime:0.000719s ]
INFO: Run Common\Behavior\UrldecodeGetBehavior [ RunTime:0.000192s ]
INFO: [ app_begin ] --END-- [ RunTime:0.002026s ]
INFO: [ admin_begin ] --START--
INFO: Run Common\Behavior\AdminDefaultLangBehavior [ RunTime:0.000665s ]
INFO: [ admin_begin ] --END-- [ RunTime:0.000745s ]
SQL: SHOW COLUMNS FROM `cmf_users` [ RunTime:0.0014s ]
SQL: SELECT * FROM `cmf_users` WHERE `id` = '1' LIMIT 1   [ RunTime:0.0003s ]
SQL: SHOW COLUMNS FROM `cmf_survey` [ RunTime:0.0009s ]
SQL: SHOW COLUMNS FROM `cmf_radio` [ RunTime:0.0008s ]
SQL: SHOW COLUMNS FROM `cmf_question` [ RunTime:0.0007s ]
SQL: SHOW COLUMNS FROM `cmf_surveyrecord` [ RunTime:0.0007s ]
SQL: SHOW COLUMNS FROM `cmf_surveyradiorecord` [ RunTime:0.0008s ]
NOTIC: [8] Undefined index: questionid /Users/zhangyuxing/Documents/zhangyuxing/thinkcmf/application/Portal/Controller/SurveyController.class.php 第 78 行.
NOTIC: [8] Undefined index: questionname /Users/zhangyuxing/Documents/zhangyuxing/thinkcmf/application/Portal/Controller/SurveyController.class.php 第 79 行.
SQL: INSERT INTO `cmf_surveyradiorecord` (`radioid`,`questionid`,`questionname`,`radioname`,`radiotag`,`local`) VALUES ('11',NULL,NULL,'你那次','4','320508') [ RunTime:0.0003s ]
INFO: [ app_end ] --START--
INFO: Run Behavior\ShowPageTraceBehavior [ RunTime:0.000483s ]
INFO: [ app_end ] --END-- [ RunTime:0.000536s ]

[ 2017-08-30T18:57:14+08:00 ] ::1 /thinkcmf/index.php?g=&m=Survey&a=surveyradiorecord&radioid=9&radioname=%E6%82%A8%E9%80%9A%E5%B8%B8%E6%98%AF%E5%A6%82%E4%BD%95%E7%BB%99%E5%AD%A9%E5%AD%90%E8%AF%B7%E5%81%87%E7%9A%84%EF%BC%9F&radiotag=4&local=320508
INFO: [ app_begin ] --START--
INFO: Run Behavior\ReadHtmlCacheBehavior [ RunTime:0.000606s ]
INFO: Run Behavior\CheckLangBehavior [ RunTime:0.000623s ]
INFO: Run Common\Behavior\UrldecodeGetBehavior [ RunTime:0.000141s ]
INFO: [ app_begin ] --END-- [ RunTime:0.001821s ]
INFO: [ admin_begin ] --START--
INFO: Run Common\Behavior\AdminDefaultLangBehavior [ RunTime:0.000896s ]
INFO: [ admin_begin ] --END-- [ RunTime:0.000982s ]
SQL: SHOW COLUMNS FROM `cmf_users` [ RunTime:0.0013s ]
SQL: SELECT * FROM `cmf_users` WHERE `id` = '1' LIMIT 1   [ RunTime:0.0003s ]
SQL: SHOW COLUMNS FROM `cmf_survey` [ RunTime:0.0009s ]
SQL: SHOW COLUMNS FROM `cmf_radio` [ RunTime:0.0008s ]
SQL: SHOW COLUMNS FROM `cmf_question` [ RunTime:0.0007s ]
SQL: SHOW COLUMNS FROM `cmf_surveyrecord` [ RunTime:0.0007s ]
SQL: SHOW COLUMNS FROM `cmf_surveyradiorecord` [ RunTime:0.0008s ]
NOTIC: [8] Undefined index: questionid /Users/zhangyuxing/Documents/zhangyuxing/thinkcmf/application/Portal/Controller/SurveyController.class.php 第 78 行.
NOTIC: [8] Undefined index: questionname /Users/zhangyuxing/Documents/zhangyuxing/thinkcmf/application/Portal/Controller/SurveyController.class.php 第 79 行.
SQL: INSERT INTO `cmf_surveyradiorecord` (`radioid`,`questionid`,`questionname`,`radioname`,`radiotag`,`local`) VALUES ('9',NULL,NULL,'您通常是如何给孩子请假的？','4','320508') [ RunTime:0.0003s ]
INFO: [ app_end ] --START--
INFO: Run Behavior\ShowPageTraceBehavior [ RunTime:0.000477s ]
INFO: [ app_end ] --END-- [ RunTime:0.000546s ]

[ 2017-08-30T18:57:14+08:00 ] ::1 /thinkcmf/index.php?g=&m=Survey&a=surveyradiorecord&radioid=13&radioname=%E6%82%A8%E9%80%9A%E5%B8%B8%E6%98%AF%E5%A6%82%E4%BD%95%E7%BB%99%E5%AD%A9%E5%AD%90%E8%AF%B7%E5%81%87%E7%9A%84%EF%BC%9F&radiotag=4&local=320508
INFO: [ app_begin ] --START--
INFO: Run Behavior\ReadHtmlCacheBehavior [ RunTime:0.000504s ]
INFO: Run Behavior\CheckLangBehavior [ RunTime:0.000632s ]
INFO: Run Common\Behavior\UrldecodeGetBehavior [ RunTime:0.000155s ]
INFO: [ app_begin ] --END-- [ RunTime:0.001780s ]
INFO: [ admin_begin ] --START--
INFO: Run Common\Behavior\AdminDefaultLangBehavior [ RunTime:0.000865s ]
INFO: [ admin_begin ] --END-- [ RunTime:0.000967s ]
SQL: SHOW COLUMNS FROM `cmf_users` [ RunTime:0.0047s ]
SQL: SELECT * FROM `cmf_users` WHERE `id` = '1' LIMIT 1   [ RunTime:0.0003s ]
SQL: SHOW COLUMNS FROM `cmf_survey` [ RunTime:0.0008s ]
SQL: SHOW COLUMNS FROM `cmf_radio` [ RunTime:0.0007s ]
SQL: SHOW COLUMNS FROM `cmf_question` [ RunTime:0.0006s ]
SQL: SHOW COLUMNS FROM `cmf_surveyrecord` [ RunTime:0.0007s ]
SQL: SHOW COLUMNS FROM `cmf_surveyradiorecord` [ RunTime:0.0008s ]
NOTIC: [8] Undefined index: questionid /Users/zhangyuxing/Documents/zhangyuxing/thinkcmf/application/Portal/Controller/SurveyController.class.php 第 78 行.
NOTIC: [8] Undefined index: questionname /Users/zhangyuxing/Documents/zhangyuxing/thinkcmf/application/Portal/Controller/SurveyController.class.php 第 79 行.
SQL: INSERT INTO `cmf_surveyradiorecord` (`radioid`,`questionid`,`questionname`,`radioname`,`radiotag`,`local`) VALUES ('13',NULL,NULL,'您通常是如何给孩子请假的？','4','320508') [ RunTime:0.0002s ]
INFO: [ app_end ] --START--
INFO: Run Behavior\ShowPageTraceBehavior [ RunTime:0.000578s ]
INFO: [ app_end ] --END-- [ RunTime:0.000629s ]

[ 2017-08-30T18:57:14+08:00 ] ::1 /thinkcmf/index.php?g=&m=Survey&a=surveyradiorecord&radioid=4&radioname=%E6%82%A8%E9%80%9A%E5%B8%B8%E6%98%AF%E5%A6%82%E4%BD%95%E7%BB%99%E5%AD%A9%E5%AD%90%E8%AF%B7%E5%81%87%E7%9A%84%EF%BC%9F&radiotag=4&local=320508
INFO: [ app_begin ] --START--
INFO: Run Behavior\ReadHtmlCacheBehavior [ RunTime:0.000450s ]
INFO: Run Behavior\CheckLangBehavior [ RunTime:0.000522s ]
INFO: Run Common\Behavior\UrldecodeGetBehavior [ RunTime:0.000149s ]
INFO: [ app_begin ] --END-- [ RunTime:0.001496s ]
INFO: [ admin_begin ] --START--
INFO: Run Common\Behavior\AdminDefaultLangBehavior [ RunTime:0.000670s ]
INFO: [ admin_begin ] --END-- [ RunTime:0.000750s ]
SQL: SHOW COLUMNS FROM `cmf_users` [ RunTime:0.0014s ]
SQL: SELECT * FROM `cmf_users` WHERE `id` = '1' LIMIT 1   [ RunTime:0.0002s ]
SQL: SHOW COLUMNS FROM `cmf_survey` [ RunTime:0.0009s ]
SQL: SHOW COLUMNS FROM `cmf_radio` [ RunTime:0.0010s ]
SQL: SHOW COLUMNS FROM `cmf_question` [ RunTime:0.0013s ]
SQL: SHOW COLUMNS FROM `cmf_surveyrecord` [ RunTime:0.0009s ]
SQL: SHOW COLUMNS FROM `cmf_surveyradiorecord` [ RunTime:0.0011s ]
NOTIC: [8] Undefined index: questionid /Users/zhangyuxing/Documents/zhangyuxing/thinkcmf/application/Portal/Controller/SurveyController.class.php 第 78 行.
NOTIC: [8] Undefined index: questionname /Users/zhangyuxing/Documents/zhangyuxing/thinkcmf/application/Portal/Controller/SurveyController.class.php 第 79 行.
SQL: INSERT INTO `cmf_surveyradiorecord` (`radioid`,`questionid`,`questionname`,`radioname`,`radiotag`,`local`) VALUES ('4',NULL,NULL,'您通常是如何给孩子请假的？','4','320508') [ RunTime:0.0004s ]
INFO: [ app_end ] --START--
INFO: Run Behavior\ShowPageTraceBehavior [ RunTime:0.000825s ]
INFO: [ app_end ] --END-- [ RunTime:0.000896s ]

[ 2017-08-30T18:57:14+08:00 ] ::1 /thinkcmf/index.php?g=&m=Survey&a=surveyradiorecord&radioid=5&radioname=%E6%82%A8%E9%80%9A%E5%B8%B8%E6%98%AF%E5%A6%82%E4%BD%95%E7%BB%99%E5%AD%A9%E5%AD%90%E8%AF%B7%E5%81%87%E7%9A%84%EF%BC%9F&radiotag=4&local=320508
INFO: [ app_begin ] --START--
INFO: Run Behavior\ReadHtmlCacheBehavior [ RunTime:0.000518s ]
INFO: Run Behavior\CheckLangBehavior [ RunTime:0.000665s ]
INFO: Run Common\Behavior\UrldecodeGetBehavior [ RunTime:0.000154s ]
INFO: [ app_begin ] --END-- [ RunTime:0.001790s ]
INFO: [ admin_begin ] --START--
INFO: Run Common\Behavior\AdminDefaultLangBehavior [ RunTime:0.001479s ]
INFO: [ admin_begin ] --END-- [ RunTime:0.001717s ]
SQL: SHOW COLUMNS FROM `cmf_users` [ RunTime:0.0024s ]
SQL: SELECT * FROM `cmf_users` WHERE `id` = '1' LIMIT 1   [ RunTime:0.0003s ]
SQL: SHOW COLUMNS FROM `cmf_survey` [ RunTime:0.0008s ]
SQL: SHOW COLUMNS FROM `cmf_radio` [ RunTime:0.0008s ]
SQL: SHOW COLUMNS FROM `cmf_question` [ RunTime:0.0007s ]
SQL: SHOW COLUMNS FROM `cmf_surveyrecord` [ RunTime:0.0006s ]
SQL: SHOW COLUMNS FROM `cmf_surveyradiorecord` [ RunTime:0.0008s ]
NOTIC: [8] Undefined index: questionid /Users/zhangyuxing/Documents/zhangyuxing/thinkcmf/application/Portal/Controller/SurveyController.class.php 第 78 行.
NOTIC: [8] Undefined index: questionname /Users/zhangyuxing/Documents/zhangyuxing/thinkcmf/application/Portal/Controller/SurveyController.class.php 第 79 行.
SQL: INSERT INTO `cmf_surveyradiorecord` (`radioid`,`questionid`,`questionname`,`radioname`,`radiotag`,`local`) VALUES ('5',NULL,NULL,'您通常是如何给孩子请假的？','4','320508') [ RunTime:0.0003s ]
INFO: [ app_end ] --START--
INFO: Run Behavior\ShowPageTraceBehavior [ RunTime:0.000439s ]
INFO: [ app_end ] --END-- [ RunTime:0.000486s ]

[ 2017-08-30T18:57:14+08:00 ] ::1 /thinkcmf/index.php?g=&m=Survey&a=surveyradiorecord&radioid=14&radioname=vwe&radiotag=4&local=320508
INFO: [ app_begin ] --START--
INFO: Run Behavior\ReadHtmlCacheBehavior [ RunTime:0.000525s ]
INFO: Run Behavior\CheckLangBehavior [ RunTime:0.000612s ]
INFO: Run Common\Behavior\UrldecodeGetBehavior [ RunTime:0.000140s ]
INFO: [ app_begin ] --END-- [ RunTime:0.001720s ]
INFO: [ admin_begin ] --START--
INFO: Run Common\Behavior\AdminDefaultLangBehavior [ RunTime:0.000607s ]
INFO: [ admin_begin ] --END-- [ RunTime:0.000678s ]
SQL: SHOW COLUMNS FROM `cmf_users` [ RunTime:0.0011s ]
SQL: SELECT * FROM `cmf_users` WHERE `id` = '1' LIMIT 1   [ RunTime:0.0002s ]
SQL: SHOW COLUMNS FROM `cmf_survey` [ RunTime:0.0007s ]
SQL: SHOW COLUMNS FROM `cmf_radio` [ RunTime:0.0007s ]
SQL: SHOW COLUMNS FROM `cmf_question` [ RunTime:0.0008s ]
SQL: SHOW COLUMNS FROM `cmf_surveyrecord` [ RunTime:0.0010s ]
SQL: SHOW COLUMNS FROM `cmf_surveyradiorecord` [ RunTime:0.0012s ]
NOTIC: [8] Undefined index: questionid /Users/zhangyuxing/Documents/zhangyuxing/thinkcmf/application/Portal/Controller/SurveyController.class.php 第 78 行.
NOTIC: [8] Undefined index: questionname /Users/zhangyuxing/Documents/zhangyuxing/thinkcmf/application/Portal/Controller/SurveyController.class.php 第 79 行.
SQL: INSERT INTO `cmf_surveyradiorecord` (`radioid`,`questionid`,`questionname`,`radioname`,`radiotag`,`local`) VALUES ('14',NULL,NULL,'vwe','4','320508') [ RunTime:0.0003s ]
INFO: [ app_end ] --START--
INFO: Run Behavior\ShowPageTraceBehavior [ RunTime:0.000716s ]
INFO: [ app_end ] --END-- [ RunTime:0.000784s ]

[ 2017-08-30T18:57:14+08:00 ] ::1 /thinkcmf/index.php?g=&m=Survey&a=surveyradiorecord&radioid=15&radioname=%E5%B9%B4%E8%BD%BB%E4%BA%BA&radiotag=4&local=320508
INFO: [ app_begin ] --START--
INFO: Run Behavior\ReadHtmlCacheBehavior [ RunTime:0.000743s ]
INFO: Run Behavior\CheckLangBehavior [ RunTime:0.000890s ]
INFO: Run Common\Behavior\UrldecodeGetBehavior [ RunTime:0.000153s ]
INFO: [ app_begin ] --END-- [ RunTime:0.002710s ]
INFO: [ admin_begin ] --START--
INFO: Run Common\Behavior\AdminDefaultLangBehavior [ RunTime:0.000713s ]
INFO: [ admin_begin ] --END-- [ RunTime:0.000791s ]
SQL: SHOW COLUMNS FROM `cmf_users` [ RunTime:0.0013s ]
SQL: SELECT * FROM `cmf_users` WHERE `id` = '1' LIMIT 1   [ RunTime:0.0003s ]
SQL: SHOW COLUMNS FROM `cmf_survey` [ RunTime:0.0009s ]
SQL: SHOW COLUMNS FROM `cmf_radio` [ RunTime:0.0011s ]
SQL: SHOW COLUMNS FROM `cmf_question` [ RunTime:0.0011s ]
SQL: SHOW COLUMNS FROM `cmf_surveyrecord` [ RunTime:0.0013s ]
SQL: SHOW COLUMNS FROM `cmf_surveyradiorecord` [ RunTime:0.0008s ]
NOTIC: [8] Undefined index: questionid /Users/zhangyuxing/Documents/zhangyuxing/thinkcmf/application/Portal/Controller/SurveyController.class.php 第 78 行.
NOTIC: [8] Undefined index: questionname /Users/zhangyuxing/Documents/zhangyuxing/thinkcmf/application/Portal/Controller/SurveyController.class.php 第 79 行.
SQL: INSERT INTO `cmf_surveyradiorecord` (`radioid`,`questionid`,`questionname`,`radioname`,`radiotag`,`local`) VALUES ('15',NULL,NULL,'年轻人','4','320508') [ RunTime:0.0003s ]
INFO: [ app_end ] --START--
INFO: Run Behavior\ShowPageTraceBehavior [ RunTime:0.000990s ]
INFO: [ app_end ] --END-- [ RunTime:0.001090s ]

[ 2017-08-30T18:57:14+08:00 ] ::1 /thinkcmf/index.php?g=&m=Survey&a=surveyradiorecord&radioid=16&radioname=%E5%B0%94%E8%90%A8&radiotag=4&local=320508
INFO: [ app_begin ] --START--
INFO: Run Behavior\ReadHtmlCacheBehavior [ RunTime:0.000432s ]
INFO: Run Behavior\CheckLangBehavior [ RunTime:0.000474s ]
INFO: Run Common\Behavior\UrldecodeGetBehavior [ RunTime:0.000150s ]
INFO: [ app_begin ] --END-- [ RunTime:0.001437s ]
INFO: [ admin_begin ] --START--
INFO: Run Common\Behavior\AdminDefaultLangBehavior [ RunTime:0.000785s ]
INFO: [ admin_begin ] --END-- [ RunTime:0.000869s ]
SQL: SHOW COLUMNS FROM `cmf_users` [ RunTime:0.0010s ]
SQL: SELECT * FROM `cmf_users` WHERE `id` = '1' LIMIT 1   [ RunTime:0.0002s ]
SQL: SHOW COLUMNS FROM `cmf_survey` [ RunTime:0.0016s ]
SQL: SHOW COLUMNS FROM `cmf_radio` [ RunTime:0.0010s ]
SQL: SHOW COLUMNS FROM `cmf_question` [ RunTime:0.0006s ]
SQL: SHOW COLUMNS FROM `cmf_surveyrecord` [ RunTime:0.0006s ]
SQL: SHOW COLUMNS FROM `cmf_surveyradiorecord` [ RunTime:0.0007s ]
NOTIC: [8] Undefined index: questionid /Users/zhangyuxing/Documents/zhangyuxing/thinkcmf/application/Portal/Controller/SurveyController.class.php 第 78 行.
NOTIC: [8] Undefined index: questionname /Users/zhangyuxing/Documents/zhangyuxing/thinkcmf/application/Portal/Controller/SurveyController.class.php 第 79 行.
SQL: INSERT INTO `cmf_surveyradiorecord` (`radioid`,`questionid`,`questionname`,`radioname`,`radiotag`,`local`) VALUES ('16',NULL,NULL,'尔萨','4','320508') [ RunTime:0.0003s ]
INFO: [ app_end ] --START--
INFO: Run Behavior\ShowPageTraceBehavior [ RunTime:0.000613s ]
INFO: [ app_end ] --END-- [ RunTime:0.000688s ]

[ 2017-08-30T18:57:15+08:00 ] ::1 /thinkcmf/public/swiper/maps/swiper.min.js.map
ERR: 无法加载控制器:Public

[ 2017-08-30T20:17:54+08:00 ] ::1 /thinkcmf/public/swiper/maps/swiper.min.js.map
ERR: 无法加载控制器:Public

[ 2017-08-30T23:58:48+08:00 ] ::1 /thinkcmf/public/swiper/maps/swiper.min.js.map
ERR: 无法加载控制器:Public

[ 2017-08-30T23:59:16+08:00 ] ::1 /thinkcmf/public/swiper/maps/swiper.min.js.map
ERR: 无法加载控制器:Public

[ 2017-08-30T23:59:27+08:00 ] ::1 /thinkcmf/public/swiper/maps/swiper.min.js.map
ERR: 无法加载控制器:Public

