[ 2017-08-31T00:00:35+08:00 ] ::1 /thinkcmf/public/swiper/maps/swiper.min.js.map
ERR: 无法加载控制器:Public

[ 2017-08-31T09:43:38+08:00 ] ::1 /thinkcmf/public/swiper/maps/swiper.min.js.map
ERR: 无法加载控制器:Public

[ 2017-08-31T16:00:48+08:00 ] ::1 /thinkcmf/public/swiper/maps/swiper.min.js.map
ERR: 无法加载控制器:Public

[ 2017-08-31T16:01:16+08:00 ] ::1 /thinkcmf/index.php?g=&m=Survey&a=getradio&surveyid=2
INFO: [ app_begin ] --START--
INFO: Run Behavior\ReadHtmlCacheBehavior [ RunTime:0.000438s ]
INFO: Run Behavior\CheckLangBehavior [ RunTime:0.000513s ]
INFO: Run Common\Behavior\UrldecodeGetBehavior [ RunTime:0.000137s ]
INFO: [ app_begin ] --END-- [ RunTime:0.001443s ]
INFO: [ admin_begin ] --START--
INFO: Run Common\Behavior\AdminDefaultLangBehavior [ RunTime:0.001030s ]
INFO: [ admin_begin ] --END-- [ RunTime:0.001130s ]
SQL: SHOW COLUMNS FROM `cmf_users` [ RunTime:0.0038s ]
SQL: SELECT * FROM `cmf_users` WHERE `id` = '1' LIMIT 1   [ RunTime:0.0002s ]
SQL: SHOW COLUMNS FROM `cmf_survey` [ RunTime:0.0009s ]
SQL: SHOW COLUMNS FROM `cmf_radio` [ RunTime:0.0007s ]
SQL: SHOW COLUMNS FROM `cmf_question` [ RunTime:0.0006s ]
SQL: SHOW COLUMNS FROM `cmf_surveyrecord` [ RunTime:0.0006s ]
SQL: SHOW COLUMNS FROM `cmf_surveyradiorecord` [ RunTime:0.0007s ]
SQL: SELECT * FROM `cmf_radio` WHERE `surveyid` = 2 AND `status` = 1 ORDER BY orders asc  [ RunTime:0.0003s ]
SQL: SELECT * FROM `cmf_question` WHERE `radioid` = 17  [ RunTime:0.0001s ]
SQL: SELECT * FROM `cmf_question` WHERE `radioid` = 18  [ RunTime:0.0001s ]
SQL: SELECT * FROM `cmf_question` WHERE `radioid` = 19  [ RunTime:0.0001s ]
SQL: SELECT * FROM `cmf_question` WHERE `radioid` = 20  [ RunTime:0.0001s ]
SQL: SELECT * FROM `cmf_question` WHERE `radioid` = 21  [ RunTime:0.0001s ]
SQL: SELECT * FROM `cmf_question` WHERE `radioid` = 22  [ RunTime:0.0001s ]
SQL: SELECT * FROM `cmf_question` WHERE `radioid` = 23  [ RunTime:0.0001s ]
SQL: SELECT * FROM `cmf_question` WHERE `radioid` = 24  [ RunTime:0.0001s ]
SQL: SELECT * FROM `cmf_question` WHERE `radioid` = 25  [ RunTime:0.0002s ]
SQL: SELECT * FROM `cmf_question` WHERE `radioid` = 26  [ RunTime:0.0001s ]
SQL: SELECT * FROM `cmf_question` WHERE `radioid` = 27  [ RunTime:0.0001s ]
SQL: SELECT * FROM `cmf_question` WHERE `radioid` = 28  [ RunTime:0.0001s ]
SQL: SELECT * FROM `cmf_question` WHERE `radioid` = 29  [ RunTime:0.0001s ]
SQL: SELECT * FROM `cmf_question` WHERE `radioid` = 30  [ RunTime:0.0001s ]
SQL: SELECT * FROM `cmf_question` WHERE `radioid` = 31  [ RunTime:0.0002s ]
SQL: SELECT * FROM `cmf_question` WHERE `radioid` = 32  [ RunTime:0.0002s ]
SQL: SELECT * FROM `cmf_question` WHERE `radioid` = 33  [ RunTime:0.0001s ]
SQL: SELECT * FROM `cmf_question` WHERE `radioid` = 34  [ RunTime:0.0001s ]
SQL: SELECT * FROM `cmf_question` WHERE `radioid` = 35  [ RunTime:0.0001s ]
SQL: SELECT * FROM `cmf_question` WHERE `radioid` = 36  [ RunTime:0.0002s ]
INFO: [ app_end ] --START--
INFO: Run Behavior\ShowPageTraceBehavior [ RunTime:0.000618s ]
INFO: [ app_end ] --END-- [ RunTime:0.000679s ]

[ 2017-08-31T16:01:16+08:00 ] ::1 /thinkcmf/index.php?g=&m=Survey&a=surveyrecord&surveyid=2&radiotag=1&local=320506&textareas=0
INFO: [ app_begin ] --START--
INFO: Run Behavior\ReadHtmlCacheBehavior [ RunTime:0.000591s ]
INFO: Run Behavior\CheckLangBehavior [ RunTime:0.000731s ]
INFO: Run Common\Behavior\UrldecodeGetBehavior [ RunTime:0.000205s ]
INFO: [ app_begin ] --END-- [ RunTime:0.002001s ]
INFO: [ admin_begin ] --START--
INFO: Run Common\Behavior\AdminDefaultLangBehavior [ RunTime:0.000740s ]
INFO: [ admin_begin ] --END-- [ RunTime:0.000846s ]
SQL: SHOW COLUMNS FROM `cmf_users` [ RunTime:0.0022s ]
SQL: SELECT * FROM `cmf_users` WHERE `id` = '1' LIMIT 1   [ RunTime:0.0005s ]
SQL: SHOW COLUMNS FROM `cmf_survey` [ RunTime:0.0020s ]
SQL: SHOW COLUMNS FROM `cmf_radio` [ RunTime:0.0016s ]
SQL: SHOW COLUMNS FROM `cmf_question` [ RunTime:0.0009s ]
SQL: SHOW COLUMNS FROM `cmf_surveyrecord` [ RunTime:0.0008s ]
SQL: SHOW COLUMNS FROM `cmf_surveyradiorecord` [ RunTime:0.0008s ]
SQL: INSERT INTO `cmf_surveyrecord` (`surveyid`,`radiotag`,`local`,`textare`) VALUES ('2','1','320506','0') [ RunTime:0.0003s ]
INFO: [ app_end ] --START--
INFO: Run Behavior\ShowPageTraceBehavior [ RunTime:0.000657s ]
INFO: [ app_end ] --END-- [ RunTime:0.000724s ]

[ 2017-08-31T16:01:16+08:00 ] ::1 /thinkcmf/index.php?g=&m=Survey&a=surveyradiorecord&radioid=17&radioname=%E8%AF%B7%E7%BC%96%E8%BE%91%E9%97%AE%E9%A2%98%EF%BC%9F&radiotag=1&local=320506
INFO: [ app_begin ] --START--
INFO: Run Behavior\ReadHtmlCacheBehavior [ RunTime:0.000734s ]
INFO: Run Behavior\CheckLangBehavior [ RunTime:0.000786s ]
INFO: Run Common\Behavior\UrldecodeGetBehavior [ RunTime:0.000207s ]
INFO: [ app_begin ] --END-- [ RunTime:0.002327s ]
INFO: [ admin_begin ] --START--
INFO: Run Common\Behavior\AdminDefaultLangBehavior [ RunTime:0.000843s ]
INFO: [ admin_begin ] --END-- [ RunTime:0.000922s ]
SQL: SHOW COLUMNS FROM `cmf_users` [ RunTime:0.0012s ]
SQL: SELECT * FROM `cmf_users` WHERE `id` = '1' LIMIT 1   [ RunTime:0.0002s ]
SQL: SHOW COLUMNS FROM `cmf_survey` [ RunTime:0.0011s ]
SQL: SHOW COLUMNS FROM `cmf_radio` [ RunTime:0.0013s ]
SQL: SHOW COLUMNS FROM `cmf_question` [ RunTime:0.0010s ]
SQL: SHOW COLUMNS FROM `cmf_surveyrecord` [ RunTime:0.0010s ]
SQL: SHOW COLUMNS FROM `cmf_surveyradiorecord` [ RunTime:0.0009s ]
NOTIC: [8] Undefined index: questionid /Users/zhangyuxing/Documents/zhangyuxing/thinkcmf/application/Portal/Controller/SurveyController.class.php 第 78 行.
NOTIC: [8] Undefined index: questionname /Users/zhangyuxing/Documents/zhangyuxing/thinkcmf/application/Portal/Controller/SurveyController.class.php 第 79 行.
SQL: INSERT INTO `cmf_surveyradiorecord` (`radioid`,`questionid`,`questionname`,`radioname`,`radiotag`,`local`) VALUES ('17',NULL,NULL,'请编辑问题？','1','320506') [ RunTime:0.0003s ]
INFO: [ app_end ] --START--
INFO: Run Behavior\ShowPageTraceBehavior [ RunTime:0.000517s ]
INFO: [ app_end ] --END-- [ RunTime:0.000572s ]

[ 2017-08-31T16:01:16+08:00 ] ::1 /thinkcmf/index.php?g=&m=Survey&a=surveyradiorecord&radioid=18&radioname=%E8%AF%B7%E7%BC%96%E8%BE%91%E9%97%AE%E9%A2%98%EF%BC%9F&radiotag=1&local=320506
INFO: [ app_begin ] --START--
INFO: Run Behavior\ReadHtmlCacheBehavior [ RunTime:0.000761s ]
INFO: Run Behavior\CheckLangBehavior [ RunTime:0.000834s ]
INFO: Run Common\Behavior\UrldecodeGetBehavior [ RunTime:0.000207s ]
INFO: [ app_begin ] --END-- [ RunTime:0.002348s ]
INFO: [ admin_begin ] --START--
INFO: Run Common\Behavior\AdminDefaultLangBehavior [ RunTime:0.000771s ]
INFO: [ admin_begin ] --END-- [ RunTime:0.000866s ]
SQL: SHOW COLUMNS FROM `cmf_users` [ RunTime:0.0018s ]
SQL: SELECT * FROM `cmf_users` WHERE `id` = '1' LIMIT 1   [ RunTime:0.0003s ]
SQL: SHOW COLUMNS FROM `cmf_survey` [ RunTime:0.0015s ]
SQL: SHOW COLUMNS FROM `cmf_radio` [ RunTime:0.0009s ]
SQL: SHOW COLUMNS FROM `cmf_question` [ RunTime:0.0008s ]
SQL: SHOW COLUMNS FROM `cmf_surveyrecord` [ RunTime:0.0010s ]
SQL: SHOW COLUMNS FROM `cmf_surveyradiorecord` [ RunTime:0.0009s ]
NOTIC: [8] Undefined index: questionid /Users/zhangyuxing/Documents/zhangyuxing/thinkcmf/application/Portal/Controller/SurveyController.class.php 第 78 行.
NOTIC: [8] Undefined index: questionname /Users/zhangyuxing/Documents/zhangyuxing/thinkcmf/application/Portal/Controller/SurveyController.class.php 第 79 行.
SQL: INSERT INTO `cmf_surveyradiorecord` (`radioid`,`questionid`,`questionname`,`radioname`,`radiotag`,`local`) VALUES ('18',NULL,NULL,'请编辑问题？','1','320506') [ RunTime:0.0003s ]
INFO: [ app_end ] --START--
INFO: Run Behavior\ShowPageTraceBehavior [ RunTime:0.000471s ]
INFO: [ app_end ] --END-- [ RunTime:0.000529s ]

[ 2017-08-31T16:01:16+08:00 ] ::1 /thinkcmf/index.php?g=&m=Survey&a=surveyradiorecord&radioid=19&radioname=%E8%AF%B7%E7%BC%96%E8%BE%91%E9%97%AE%E9%A2%98%EF%BC%9F&radiotag=1&local=320506
INFO: [ app_begin ] --START--
INFO: Run Behavior\ReadHtmlCacheBehavior [ RunTime:0.000623s ]
INFO: Run Behavior\CheckLangBehavior [ RunTime:0.000616s ]
INFO: Run Common\Behavior\UrldecodeGetBehavior [ RunTime:0.000156s ]
INFO: [ app_begin ] --END-- [ RunTime:0.001816s ]
INFO: [ admin_begin ] --START--
INFO: Run Common\Behavior\AdminDefaultLangBehavior [ RunTime:0.000627s ]
INFO: [ admin_begin ] --END-- [ RunTime:0.000702s ]
SQL: SHOW COLUMNS FROM `cmf_users` [ RunTime:0.0013s ]
SQL: SELECT * FROM `cmf_users` WHERE `id` = '1' LIMIT 1   [ RunTime:0.0002s ]
SQL: SHOW COLUMNS FROM `cmf_survey` [ RunTime:0.0008s ]
SQL: SHOW COLUMNS FROM `cmf_radio` [ RunTime:0.0009s ]
SQL: SHOW COLUMNS FROM `cmf_question` [ RunTime:0.0006s ]
SQL: SHOW COLUMNS FROM `cmf_surveyrecord` [ RunTime:0.0007s ]
SQL: SHOW COLUMNS FROM `cmf_surveyradiorecord` [ RunTime:0.0009s ]
NOTIC: [8] Undefined index: questionid /Users/zhangyuxing/Documents/zhangyuxing/thinkcmf/application/Portal/Controller/SurveyController.class.php 第 78 行.
NOTIC: [8] Undefined index: questionname /Users/zhangyuxing/Documents/zhangyuxing/thinkcmf/application/Portal/Controller/SurveyController.class.php 第 79 行.
SQL: INSERT INTO `cmf_surveyradiorecord` (`radioid`,`questionid`,`questionname`,`radioname`,`radiotag`,`local`) VALUES ('19',NULL,NULL,'请编辑问题？','1','320506') [ RunTime:0.0003s ]
INFO: [ app_end ] --START--
INFO: Run Behavior\ShowPageTraceBehavior [ RunTime:0.000506s ]
INFO: [ app_end ] --END-- [ RunTime:0.000562s ]

[ 2017-08-31T16:01:16+08:00 ] ::1 /thinkcmf/index.php?g=&m=Survey&a=surveyradiorecord&radioid=20&radioname=%E8%AF%B7%E7%BC%96%E8%BE%91%E9%97%AE%E9%A2%98%EF%BC%9F&radiotag=1&local=320506
INFO: [ app_begin ] --START--
INFO: Run Behavior\ReadHtmlCacheBehavior [ RunTime:0.000586s ]
INFO: Run Behavior\CheckLangBehavior [ RunTime:0.000761s ]
INFO: Run Common\Behavior\UrldecodeGetBehavior [ RunTime:0.000196s ]
INFO: [ app_begin ] --END-- [ RunTime:0.002068s ]
INFO: [ admin_begin ] --START--
INFO: Run Common\Behavior\AdminDefaultLangBehavior [ RunTime:0.000745s ]
INFO: [ admin_begin ] --END-- [ RunTime:0.000839s ]
SQL: SHOW COLUMNS FROM `cmf_users` [ RunTime:0.0018s ]
SQL: SELECT * FROM `cmf_users` WHERE `id` = '1' LIMIT 1   [ RunTime:0.0007s ]
SQL: SHOW COLUMNS FROM `cmf_survey` [ RunTime:0.0019s ]
SQL: SHOW COLUMNS FROM `cmf_radio` [ RunTime:0.0021s ]
SQL: SHOW COLUMNS FROM `cmf_question` [ RunTime:0.0009s ]
SQL: SHOW COLUMNS FROM `cmf_surveyrecord` [ RunTime:0.0011s ]
SQL: SHOW COLUMNS FROM `cmf_surveyradiorecord` [ RunTime:0.0009s ]
NOTIC: [8] Undefined index: questionid /Users/zhangyuxing/Documents/zhangyuxing/thinkcmf/application/Portal/Controller/SurveyController.class.php 第 78 行.
NOTIC: [8] Undefined index: questionname /Users/zhangyuxing/Documents/zhangyuxing/thinkcmf/application/Portal/Controller/SurveyController.class.php 第 79 行.
SQL: INSERT INTO `cmf_surveyradiorecord` (`radioid`,`questionid`,`questionname`,`radioname`,`radiotag`,`local`) VALUES ('20',NULL,NULL,'请编辑问题？','1','320506') [ RunTime:0.0003s ]
INFO: [ app_end ] --START--
INFO: Run Behavior\ShowPageTraceBehavior [ RunTime:0.000476s ]
INFO: [ app_end ] --END-- [ RunTime:0.000527s ]

[ 2017-08-31T16:01:16+08:00 ] ::1 /thinkcmf/index.php?g=&m=Survey&a=surveyradiorecord&radioid=21&radioname=%E8%AF%B7%E7%BC%96%E8%BE%91%E9%97%AE%E9%A2%98%EF%BC%9F&radiotag=1&local=320506
INFO: [ app_begin ] --START--
INFO: Run Behavior\ReadHtmlCacheBehavior [ RunTime:0.000587s ]
INFO: Run Behavior\CheckLangBehavior [ RunTime:0.000671s ]
INFO: Run Common\Behavior\UrldecodeGetBehavior [ RunTime:0.000246s ]
INFO: [ app_begin ] --END-- [ RunTime:0.002046s ]
INFO: [ admin_begin ] --START--
INFO: Run Common\Behavior\AdminDefaultLangBehavior [ RunTime:0.000802s ]
INFO: [ admin_begin ] --END-- [ RunTime:0.000879s ]
SQL: SHOW COLUMNS FROM `cmf_users` [ RunTime:0.0010s ]
SQL: SELECT * FROM `cmf_users` WHERE `id` = '1' LIMIT 1   [ RunTime:0.0002s ]
SQL: SHOW COLUMNS FROM `cmf_survey` [ RunTime:0.0007s ]
SQL: SHOW COLUMNS FROM `cmf_radio` [ RunTime:0.0008s ]
SQL: SHOW COLUMNS FROM `cmf_question` [ RunTime:0.0011s ]
SQL: SHOW COLUMNS FROM `cmf_surveyrecord` [ RunTime:0.0007s ]
SQL: SHOW COLUMNS FROM `cmf_surveyradiorecord` [ RunTime:0.0007s ]
NOTIC: [8] Undefined index: questionid /Users/zhangyuxing/Documents/zhangyuxing/thinkcmf/application/Portal/Controller/SurveyController.class.php 第 78 行.
NOTIC: [8] Undefined index: questionname /Users/zhangyuxing/Documents/zhangyuxing/thinkcmf/application/Portal/Controller/SurveyController.class.php 第 79 行.
SQL: INSERT INTO `cmf_surveyradiorecord` (`radioid`,`questionid`,`questionname`,`radioname`,`radiotag`,`local`) VALUES ('21',NULL,NULL,'请编辑问题？','1','320506') [ RunTime:0.0003s ]
INFO: [ app_end ] --START--
INFO: Run Behavior\ShowPageTraceBehavior [ RunTime:0.000462s ]
INFO: [ app_end ] --END-- [ RunTime:0.000512s ]

[ 2017-08-31T16:01:16+08:00 ] ::1 /thinkcmf/index.php?g=&m=Survey&a=surveyradiorecord&radioid=22&radioname=%E8%AF%B7%E7%BC%96%E8%BE%91%E9%97%AE%E9%A2%98%EF%BC%9F&radiotag=1&local=320506
INFO: [ app_begin ] --START--
INFO: Run Behavior\ReadHtmlCacheBehavior [ RunTime:0.000636s ]
INFO: Run Behavior\CheckLangBehavior [ RunTime:0.000792s ]
INFO: Run Common\Behavior\UrldecodeGetBehavior [ RunTime:0.000285s ]
INFO: [ app_begin ] --END-- [ RunTime:0.002321s ]
INFO: [ admin_begin ] --START--
INFO: Run Common\Behavior\AdminDefaultLangBehavior [ RunTime:0.000680s ]
INFO: [ admin_begin ] --END-- [ RunTime:0.000756s ]
SQL: SHOW COLUMNS FROM `cmf_users` [ RunTime:0.0012s ]
SQL: SELECT * FROM `cmf_users` WHERE `id` = '1' LIMIT 1   [ RunTime:0.0002s ]
SQL: SHOW COLUMNS FROM `cmf_survey` [ RunTime:0.0012s ]
SQL: SHOW COLUMNS FROM `cmf_radio` [ RunTime:0.0010s ]
SQL: SHOW COLUMNS FROM `cmf_question` [ RunTime:0.0009s ]
SQL: SHOW COLUMNS FROM `cmf_surveyrecord` [ RunTime:0.0008s ]
SQL: SHOW COLUMNS FROM `cmf_surveyradiorecord` [ RunTime:0.0008s ]
NOTIC: [8] Undefined index: questionid /Users/zhangyuxing/Documents/zhangyuxing/thinkcmf/application/Portal/Controller/SurveyController.class.php 第 78 行.
NOTIC: [8] Undefined index: questionname /Users/zhangyuxing/Documents/zhangyuxing/thinkcmf/application/Portal/Controller/SurveyController.class.php 第 79 行.
SQL: INSERT INTO `cmf_surveyradiorecord` (`radioid`,`questionid`,`questionname`,`radioname`,`radiotag`,`local`) VALUES ('22',NULL,NULL,'请编辑问题？','1','320506') [ RunTime:0.0003s ]
INFO: [ app_end ] --START--
INFO: Run Behavior\ShowPageTraceBehavior [ RunTime:0.000464s ]
INFO: [ app_end ] --END-- [ RunTime:0.000542s ]

[ 2017-08-31T16:01:16+08:00 ] ::1 /thinkcmf/index.php?g=&m=Survey&a=surveyradiorecord&radioid=23&radioname=%E8%AF%B7%E7%BC%96%E8%BE%91%E9%97%AE%E9%A2%98%EF%BC%9F&radiotag=1&local=320506
INFO: [ app_begin ] --START--
INFO: Run Behavior\ReadHtmlCacheBehavior [ RunTime:0.000506s ]
INFO: Run Behavior\CheckLangBehavior [ RunTime:0.000693s ]
INFO: Run Common\Behavior\UrldecodeGetBehavior [ RunTime:0.000190s ]
INFO: [ app_begin ] --END-- [ RunTime:0.001765s ]
INFO: [ admin_begin ] --START--
INFO: Run Common\Behavior\AdminDefaultLangBehavior [ RunTime:0.000559s ]
INFO: [ admin_begin ] --END-- [ RunTime:0.000625s ]
SQL: SHOW COLUMNS FROM `cmf_users` [ RunTime:0.0019s ]
SQL: SELECT * FROM `cmf_users` WHERE `id` = '1' LIMIT 1   [ RunTime:0.0003s ]
SQL: SHOW COLUMNS FROM `cmf_survey` [ RunTime:0.0008s ]
SQL: SHOW COLUMNS FROM `cmf_radio` [ RunTime:0.0009s ]
SQL: SHOW COLUMNS FROM `cmf_question` [ RunTime:0.0007s ]
SQL: SHOW COLUMNS FROM `cmf_surveyrecord` [ RunTime:0.0008s ]
SQL: SHOW COLUMNS FROM `cmf_surveyradiorecord` [ RunTime:0.0013s ]
NOTIC: [8] Undefined index: questionid /Users/zhangyuxing/Documents/zhangyuxing/thinkcmf/application/Portal/Controller/SurveyController.class.php 第 78 行.
NOTIC: [8] Undefined index: questionname /Users/zhangyuxing/Documents/zhangyuxing/thinkcmf/application/Portal/Controller/SurveyController.class.php 第 79 行.
SQL: INSERT INTO `cmf_surveyradiorecord` (`radioid`,`questionid`,`questionname`,`radioname`,`radiotag`,`local`) VALUES ('23',NULL,NULL,'请编辑问题？','1','320506') [ RunTime:0.0004s ]
INFO: [ app_end ] --START--
INFO: Run Behavior\ShowPageTraceBehavior [ RunTime:0.000504s ]
INFO: [ app_end ] --END-- [ RunTime:0.000571s ]

[ 2017-08-31T16:01:16+08:00 ] ::1 /thinkcmf/index.php?g=&m=Survey&a=surveyradiorecord&radioid=24&radioname=%E8%AF%B7%E7%BC%96%E8%BE%91%E9%97%AE%E9%A2%98%EF%BC%9F&radiotag=1&local=320506
INFO: [ app_begin ] --START--
INFO: Run Behavior\ReadHtmlCacheBehavior [ RunTime:0.000448s ]
INFO: Run Behavior\CheckLangBehavior [ RunTime:0.000504s ]
INFO: Run Common\Behavior\UrldecodeGetBehavior [ RunTime:0.000136s ]
INFO: [ app_begin ] --END-- [ RunTime:0.001434s ]
INFO: [ admin_begin ] --START--
INFO: Run Common\Behavior\AdminDefaultLangBehavior [ RunTime:0.000791s ]
INFO: [ admin_begin ] --END-- [ RunTime:0.000870s ]
SQL: SHOW COLUMNS FROM `cmf_users` [ RunTime:0.0010s ]
SQL: SELECT * FROM `cmf_users` WHERE `id` = '1' LIMIT 1   [ RunTime:0.0002s ]
SQL: SHOW COLUMNS FROM `cmf_survey` [ RunTime:0.0008s ]
SQL: SHOW COLUMNS FROM `cmf_radio` [ RunTime:0.0009s ]
SQL: SHOW COLUMNS FROM `cmf_question` [ RunTime:0.0006s ]
SQL: SHOW COLUMNS FROM `cmf_surveyrecord` [ RunTime:0.0006s ]
SQL: SHOW COLUMNS FROM `cmf_surveyradiorecord` [ RunTime:0.0008s ]
NOTIC: [8] Undefined index: questionid /Users/zhangyuxing/Documents/zhangyuxing/thinkcmf/application/Portal/Controller/SurveyController.class.php 第 78 行.
NOTIC: [8] Undefined index: questionname /Users/zhangyuxing/Documents/zhangyuxing/thinkcmf/application/Portal/Controller/SurveyController.class.php 第 79 行.
SQL: INSERT INTO `cmf_surveyradiorecord` (`radioid`,`questionid`,`questionname`,`radioname`,`radiotag`,`local`) VALUES ('24',NULL,NULL,'请编辑问题？','1','320506') [ RunTime:0.0003s ]
INFO: [ app_end ] --START--
INFO: Run Behavior\ShowPageTraceBehavior [ RunTime:0.000491s ]
INFO: [ app_end ] --END-- [ RunTime:0.000547s ]

[ 2017-08-31T16:01:16+08:00 ] ::1 /thinkcmf/index.php?g=&m=Survey&a=surveyradiorecord&radioid=25&radioname=%E8%AF%B7%E7%BC%96%E8%BE%91%E9%97%AE%E9%A2%98%EF%BC%9F&radiotag=1&local=320506
INFO: [ app_begin ] --START--
INFO: Run Behavior\ReadHtmlCacheBehavior [ RunTime:0.000590s ]
INFO: Run Behavior\CheckLangBehavior [ RunTime:0.000495s ]
INFO: Run Common\Behavior\UrldecodeGetBehavior [ RunTime:0.000135s ]
INFO: [ app_begin ] --END-- [ RunTime:0.001656s ]
INFO: [ admin_begin ] --START--
INFO: Run Common\Behavior\AdminDefaultLangBehavior [ RunTime:0.000873s ]
INFO: [ admin_begin ] --END-- [ RunTime:0.000950s ]
SQL: SHOW COLUMNS FROM `cmf_users` [ RunTime:0.0011s ]
SQL: SELECT * FROM `cmf_users` WHERE `id` = '1' LIMIT 1   [ RunTime:0.0002s ]
SQL: SHOW COLUMNS FROM `cmf_survey` [ RunTime:0.0008s ]
SQL: SHOW COLUMNS FROM `cmf_radio` [ RunTime:0.0007s ]
SQL: SHOW COLUMNS FROM `cmf_question` [ RunTime:0.0007s ]
SQL: SHOW COLUMNS FROM `cmf_surveyrecord` [ RunTime:0.0007s ]
SQL: SHOW COLUMNS FROM `cmf_surveyradiorecord` [ RunTime:0.0007s ]
NOTIC: [8] Undefined index: questionid /Users/zhangyuxing/Documents/zhangyuxing/thinkcmf/application/Portal/Controller/SurveyController.class.php 第 78 行.
NOTIC: [8] Undefined index: questionname /Users/zhangyuxing/Documents/zhangyuxing/thinkcmf/application/Portal/Controller/SurveyController.class.php 第 79 行.
SQL: INSERT INTO `cmf_surveyradiorecord` (`radioid`,`questionid`,`questionname`,`radioname`,`radiotag`,`local`) VALUES ('25',NULL,NULL,'请编辑问题？','1','320506') [ RunTime:0.0003s ]
INFO: [ app_end ] --START--
INFO: Run Behavior\ShowPageTraceBehavior [ RunTime:0.000485s ]
INFO: [ app_end ] --END-- [ RunTime:0.000561s ]

[ 2017-08-31T16:01:16+08:00 ] ::1 /thinkcmf/index.php?g=&m=Survey&a=surveyradiorecord&radioid=26&radioname=%E8%AF%B7%E7%BC%96%E8%BE%91%E9%97%AE%E9%A2%98%EF%BC%9F&radiotag=1&local=320506
INFO: [ app_begin ] --START--
INFO: Run Behavior\ReadHtmlCacheBehavior [ RunTime:0.000708s ]
INFO: Run Behavior\CheckLangBehavior [ RunTime:0.000523s ]
INFO: Run Common\Behavior\UrldecodeGetBehavior [ RunTime:0.000140s ]
INFO: [ app_begin ] --END-- [ RunTime:0.001801s ]
INFO: [ admin_begin ] --START--
INFO: Run Common\Behavior\AdminDefaultLangBehavior [ RunTime:0.000871s ]
INFO: [ admin_begin ] --END-- [ RunTime:0.000955s ]
SQL: SHOW COLUMNS FROM `cmf_users` [ RunTime:0.0011s ]
SQL: SELECT * FROM `cmf_users` WHERE `id` = '1' LIMIT 1   [ RunTime:0.0002s ]
SQL: SHOW COLUMNS FROM `cmf_survey` [ RunTime:0.0007s ]
SQL: SHOW COLUMNS FROM `cmf_radio` [ RunTime:0.0007s ]
SQL: SHOW COLUMNS FROM `cmf_question` [ RunTime:0.0010s ]
SQL: SHOW COLUMNS FROM `cmf_surveyrecord` [ RunTime:0.0006s ]
SQL: SHOW COLUMNS FROM `cmf_surveyradiorecord` [ RunTime:0.0008s ]
NOTIC: [8] Undefined index: questionid /Users/zhangyuxing/Documents/zhangyuxing/thinkcmf/application/Portal/Controller/SurveyController.class.php 第 78 行.
NOTIC: [8] Undefined index: questionname /Users/zhangyuxing/Documents/zhangyuxing/thinkcmf/application/Portal/Controller/SurveyController.class.php 第 79 行.
SQL: INSERT INTO `cmf_surveyradiorecord` (`radioid`,`questionid`,`questionname`,`radioname`,`radiotag`,`local`) VALUES ('26',NULL,NULL,'请编辑问题？','1','320506') [ RunTime:0.0002s ]
INFO: [ app_end ] --START--
INFO: Run Behavior\ShowPageTraceBehavior [ RunTime:0.000557s ]
INFO: [ app_end ] --END-- [ RunTime:0.000642s ]

[ 2017-08-31T16:01:16+08:00 ] ::1 /thinkcmf/index.php?g=&m=Survey&a=surveyradiorecord&radioid=27&radioname=%E8%AF%B7%E7%BC%96%E8%BE%91%E9%97%AE%E9%A2%98%EF%BC%9F&radiotag=1&local=320506
INFO: [ app_begin ] --START--
INFO: Run Behavior\ReadHtmlCacheBehavior [ RunTime:0.000599s ]
INFO: Run Behavior\CheckLangBehavior [ RunTime:0.000557s ]
INFO: Run Common\Behavior\UrldecodeGetBehavior [ RunTime:0.000213s ]
INFO: [ app_begin ] --END-- [ RunTime:0.001926s ]
INFO: [ admin_begin ] --START--
INFO: Run Common\Behavior\AdminDefaultLangBehavior [ RunTime:0.001026s ]
INFO: [ admin_begin ] --END-- [ RunTime:0.001119s ]
SQL: SHOW COLUMNS FROM `cmf_users` [ RunTime:0.0011s ]
SQL: SELECT * FROM `cmf_users` WHERE `id` = '1' LIMIT 1   [ RunTime:0.0002s ]
SQL: SHOW COLUMNS FROM `cmf_survey` [ RunTime:0.0006s ]
SQL: SHOW COLUMNS FROM `cmf_radio` [ RunTime:0.0008s ]
SQL: SHOW COLUMNS FROM `cmf_question` [ RunTime:0.0007s ]
SQL: SHOW COLUMNS FROM `cmf_surveyrecord` [ RunTime:0.0007s ]
SQL: SHOW COLUMNS FROM `cmf_surveyradiorecord` [ RunTime:0.0008s ]
NOTIC: [8] Undefined index: questionid /Users/zhangyuxing/Documents/zhangyuxing/thinkcmf/application/Portal/Controller/SurveyController.class.php 第 78 行.
NOTIC: [8] Undefined index: questionname /Users/zhangyuxing/Documents/zhangyuxing/thinkcmf/application/Portal/Controller/SurveyController.class.php 第 79 行.
SQL: INSERT INTO `cmf_surveyradiorecord` (`radioid`,`questionid`,`questionname`,`radioname`,`radiotag`,`local`) VALUES ('27',NULL,NULL,'请编辑问题？','1','320506') [ RunTime:0.0003s ]
INFO: [ app_end ] --START--
INFO: Run Behavior\ShowPageTraceBehavior [ RunTime:0.000442s ]
INFO: [ app_end ] --END-- [ RunTime:0.000492s ]

[ 2017-08-31T16:01:16+08:00 ] ::1 /thinkcmf/index.php?g=&m=Survey&a=surveyradiorecord&radioid=28&radioname=%E8%AF%B7%E7%BC%96%E8%BE%91%E9%97%AE%E9%A2%98%EF%BC%9F&radiotag=1&local=320506
INFO: [ app_begin ] --START--
INFO: Run Behavior\ReadHtmlCacheBehavior [ RunTime:0.000507s ]
INFO: Run Behavior\CheckLangBehavior [ RunTime:0.000720s ]
INFO: Run Common\Behavior\UrldecodeGetBehavior [ RunTime:0.000169s ]
INFO: [ app_begin ] --END-- [ RunTime:0.001864s ]
INFO: [ admin_begin ] --START--
INFO: Run Common\Behavior\AdminDefaultLangBehavior [ RunTime:0.000875s ]
INFO: [ admin_begin ] --END-- [ RunTime:0.000971s ]
SQL: SHOW COLUMNS FROM `cmf_users` [ RunTime:0.0012s ]
SQL: SELECT * FROM `cmf_users` WHERE `id` = '1' LIMIT 1   [ RunTime:0.0002s ]
SQL: SHOW COLUMNS FROM `cmf_survey` [ RunTime:0.0008s ]
SQL: SHOW COLUMNS FROM `cmf_radio` [ RunTime:0.0008s ]
SQL: SHOW COLUMNS FROM `cmf_question` [ RunTime:0.0007s ]
SQL: SHOW COLUMNS FROM `cmf_surveyrecord` [ RunTime:0.0007s ]
SQL: SHOW COLUMNS FROM `cmf_surveyradiorecord` [ RunTime:0.0008s ]
NOTIC: [8] Undefined index: questionid /Users/zhangyuxing/Documents/zhangyuxing/thinkcmf/application/Portal/Controller/SurveyController.class.php 第 78 行.
NOTIC: [8] Undefined index: questionname /Users/zhangyuxing/Documents/zhangyuxing/thinkcmf/application/Portal/Controller/SurveyController.class.php 第 79 行.
SQL: INSERT INTO `cmf_surveyradiorecord` (`radioid`,`questionid`,`questionname`,`radioname`,`radiotag`,`local`) VALUES ('28',NULL,NULL,'请编辑问题？','1','320506') [ RunTime:0.0003s ]
INFO: [ app_end ] --START--
INFO: Run Behavior\ShowPageTraceBehavior [ RunTime:0.000450s ]
INFO: [ app_end ] --END-- [ RunTime:0.000498s ]

[ 2017-08-31T16:01:16+08:00 ] ::1 /thinkcmf/index.php?g=&m=Survey&a=surveyradiorecord&radioid=29&radioname=%E8%AF%B7%E7%BC%96%E8%BE%91%E9%97%AE%E9%A2%98%EF%BC%9F&radiotag=1&local=320506
INFO: [ app_begin ] --START--
INFO: Run Behavior\ReadHtmlCacheBehavior [ RunTime:0.000655s ]
INFO: Run Behavior\CheckLangBehavior [ RunTime:0.000738s ]
INFO: Run Common\Behavior\UrldecodeGetBehavior [ RunTime:0.000174s ]
INFO: [ app_begin ] --END-- [ RunTime:0.002101s ]
INFO: [ admin_begin ] --START--
INFO: Run Common\Behavior\AdminDefaultLangBehavior [ RunTime:0.000977s ]
INFO: [ admin_begin ] --END-- [ RunTime:0.001062s ]
SQL: SHOW COLUMNS FROM `cmf_users` [ RunTime:0.0012s ]
SQL: SELECT * FROM `cmf_users` WHERE `id` = '1' LIMIT 1   [ RunTime:0.0003s ]
SQL: SHOW COLUMNS FROM `cmf_survey` [ RunTime:0.0008s ]
SQL: SHOW COLUMNS FROM `cmf_radio` [ RunTime:0.0008s ]
SQL: SHOW COLUMNS FROM `cmf_question` [ RunTime:0.0006s ]
SQL: SHOW COLUMNS FROM `cmf_surveyrecord` [ RunTime:0.0006s ]
SQL: SHOW COLUMNS FROM `cmf_surveyradiorecord` [ RunTime:0.0009s ]
NOTIC: [8] Undefined index: questionid /Users/zhangyuxing/Documents/zhangyuxing/thinkcmf/application/Portal/Controller/SurveyController.class.php 第 78 行.
NOTIC: [8] Undefined index: questionname /Users/zhangyuxing/Documents/zhangyuxing/thinkcmf/application/Portal/Controller/SurveyController.class.php 第 79 行.
SQL: INSERT INTO `cmf_surveyradiorecord` (`radioid`,`questionid`,`questionname`,`radioname`,`radiotag`,`local`) VALUES ('29',NULL,NULL,'请编辑问题？','1','320506') [ RunTime:0.0003s ]
INFO: [ app_end ] --START--
INFO: Run Behavior\ShowPageTraceBehavior [ RunTime:0.000466s ]
INFO: [ app_end ] --END-- [ RunTime:0.000520s ]

[ 2017-08-31T16:01:16+08:00 ] ::1 /thinkcmf/index.php?g=&m=Survey&a=surveyradiorecord&radioid=30&radioname=%E8%AF%B7%E7%BC%96%E8%BE%91%E9%97%AE%E9%A2%98%EF%BC%9F&radiotag=1&local=320506
INFO: [ app_begin ] --START--
INFO: Run Behavior\ReadHtmlCacheBehavior [ RunTime:0.000660s ]
INFO: Run Behavior\CheckLangBehavior [ RunTime:0.000750s ]
INFO: Run Common\Behavior\UrldecodeGetBehavior [ RunTime:0.000168s ]
INFO: [ app_begin ] --END-- [ RunTime:0.002158s ]
INFO: [ admin_begin ] --START--
INFO: Run Common\Behavior\AdminDefaultLangBehavior [ RunTime:0.000775s ]
INFO: [ admin_begin ] --END-- [ RunTime:0.000847s ]
SQL: SHOW COLUMNS FROM `cmf_users` [ RunTime:0.0013s ]
SQL: SELECT * FROM `cmf_users` WHERE `id` = '1' LIMIT 1   [ RunTime:0.0002s ]
SQL: SHOW COLUMNS FROM `cmf_survey` [ RunTime:0.0008s ]
SQL: SHOW COLUMNS FROM `cmf_radio` [ RunTime:0.0009s ]
SQL: SHOW COLUMNS FROM `cmf_question` [ RunTime:0.0009s ]
SQL: SHOW COLUMNS FROM `cmf_surveyrecord` [ RunTime:0.0008s ]
SQL: SHOW COLUMNS FROM `cmf_surveyradiorecord` [ RunTime:0.0009s ]
NOTIC: [8] Undefined index: questionid /Users/zhangyuxing/Documents/zhangyuxing/thinkcmf/application/Portal/Controller/SurveyController.class.php 第 78 行.
NOTIC: [8] Undefined index: questionname /Users/zhangyuxing/Documents/zhangyuxing/thinkcmf/application/Portal/Controller/SurveyController.class.php 第 79 行.
SQL: INSERT INTO `cmf_surveyradiorecord` (`radioid`,`questionid`,`questionname`,`radioname`,`radiotag`,`local`) VALUES ('30',NULL,NULL,'请编辑问题？','1','320506') [ RunTime:0.0003s ]
INFO: [ app_end ] --START--
INFO: Run Behavior\ShowPageTraceBehavior [ RunTime:0.000650s ]
INFO: [ app_end ] --END-- [ RunTime:0.000760s ]

[ 2017-08-31T16:01:16+08:00 ] ::1 /thinkcmf/index.php?g=&m=Survey&a=surveyradiorecord&radioid=31&radioname=%E8%AF%B7%E7%BC%96%E8%BE%91%E9%97%AE%E9%A2%98%EF%BC%9F&radiotag=1&local=320506
INFO: [ app_begin ] --START--
INFO: Run Behavior\ReadHtmlCacheBehavior [ RunTime:0.000595s ]
INFO: Run Behavior\CheckLangBehavior [ RunTime:0.000538s ]
INFO: Run Common\Behavior\UrldecodeGetBehavior [ RunTime:0.000335s ]
INFO: [ app_begin ] --END-- [ RunTime:0.002049s ]
INFO: [ admin_begin ] --START--
INFO: Run Common\Behavior\AdminDefaultLangBehavior [ RunTime:0.000665s ]
INFO: [ admin_begin ] --END-- [ RunTime:0.000734s ]
SQL: SHOW COLUMNS FROM `cmf_users` [ RunTime:0.0010s ]
SQL: SELECT * FROM `cmf_users` WHERE `id` = '1' LIMIT 1   [ RunTime:0.0002s ]
SQL: SHOW COLUMNS FROM `cmf_survey` [ RunTime:0.0008s ]
SQL: SHOW COLUMNS FROM `cmf_radio` [ RunTime:0.0009s ]
SQL: SHOW COLUMNS FROM `cmf_question` [ RunTime:0.0007s ]
SQL: SHOW COLUMNS FROM `cmf_surveyrecord` [ RunTime:0.0012s ]
SQL: SHOW COLUMNS FROM `cmf_surveyradiorecord` [ RunTime:0.0011s ]
NOTIC: [8] Undefined index: questionid /Users/zhangyuxing/Documents/zhangyuxing/thinkcmf/application/Portal/Controller/SurveyController.class.php 第 78 行.
NOTIC: [8] Undefined index: questionname /Users/zhangyuxing/Documents/zhangyuxing/thinkcmf/application/Portal/Controller/SurveyController.class.php 第 79 行.
SQL: INSERT INTO `cmf_surveyradiorecord` (`radioid`,`questionid`,`questionname`,`radioname`,`radiotag`,`local`) VALUES ('31',NULL,NULL,'请编辑问题？','1','320506') [ RunTime:0.0003s ]
INFO: [ app_end ] --START--
INFO: Run Behavior\ShowPageTraceBehavior [ RunTime:0.000714s ]
INFO: [ app_end ] --END-- [ RunTime:0.000770s ]

[ 2017-08-31T16:01:16+08:00 ] ::1 /thinkcmf/index.php?g=&m=Survey&a=surveyradiorecord&radioid=32&radioname=%E8%AF%B7%E7%BC%96%E8%BE%91%E9%97%AE%E9%A2%98%EF%BC%9F&radiotag=1&local=320506
INFO: [ app_begin ] --START--
INFO: Run Behavior\ReadHtmlCacheBehavior [ RunTime:0.000479s ]
INFO: Run Behavior\CheckLangBehavior [ RunTime:0.000665s ]
INFO: Run Common\Behavior\UrldecodeGetBehavior [ RunTime:0.000155s ]
INFO: [ app_begin ] --END-- [ RunTime:0.001701s ]
INFO: [ admin_begin ] --START--
INFO: Run Common\Behavior\AdminDefaultLangBehavior [ RunTime:0.000612s ]
INFO: [ admin_begin ] --END-- [ RunTime:0.000681s ]
SQL: SHOW COLUMNS FROM `cmf_users` [ RunTime:0.0013s ]
SQL: SELECT * FROM `cmf_users` WHERE `id` = '1' LIMIT 1   [ RunTime:0.0003s ]
SQL: SHOW COLUMNS FROM `cmf_survey` [ RunTime:0.0009s ]
SQL: SHOW COLUMNS FROM `cmf_radio` [ RunTime:0.0009s ]
SQL: SHOW COLUMNS FROM `cmf_question` [ RunTime:0.0007s ]
SQL: SHOW COLUMNS FROM `cmf_surveyrecord` [ RunTime:0.0009s ]
SQL: SHOW COLUMNS FROM `cmf_surveyradiorecord` [ RunTime:0.0008s ]
NOTIC: [8] Undefined index: questionid /Users/zhangyuxing/Documents/zhangyuxing/thinkcmf/application/Portal/Controller/SurveyController.class.php 第 78 行.
NOTIC: [8] Undefined index: questionname /Users/zhangyuxing/Documents/zhangyuxing/thinkcmf/application/Portal/Controller/SurveyController.class.php 第 79 行.
SQL: INSERT INTO `cmf_surveyradiorecord` (`radioid`,`questionid`,`questionname`,`radioname`,`radiotag`,`local`) VALUES ('32',NULL,NULL,'请编辑问题？','1','320506') [ RunTime:0.0002s ]
INFO: [ app_end ] --START--
INFO: Run Behavior\ShowPageTraceBehavior [ RunTime:0.000474s ]
INFO: [ app_end ] --END-- [ RunTime:0.000524s ]

[ 2017-08-31T16:01:17+08:00 ] ::1 /thinkcmf/public/swiper/maps/swiper.min.js.map
ERR: 无法加载控制器:Public

[ 2017-08-31T16:08:49+08:00 ] ::1 /thinkcmf/public/swiper/maps/swiper.min.js.map
ERR: 无法加载控制器:Public

[ 2017-08-31T16:09:03+08:00 ] ::1 /thinkcmf/public/swiper/maps/swiper.min.js.map
ERR: 无法加载控制器:Public

[ 2017-08-31T16:09:40+08:00 ] ::1 /thinkcmf/index.php?g=&m=Survey&a=getradio&surveyid=2
INFO: [ app_begin ] --START--
INFO: Run Behavior\ReadHtmlCacheBehavior [ RunTime:0.000466s ]
INFO: Run Behavior\CheckLangBehavior [ RunTime:0.000683s ]
INFO: Run Common\Behavior\UrldecodeGetBehavior [ RunTime:0.000219s ]
INFO: [ app_begin ] --END-- [ RunTime:0.001783s ]
INFO: [ admin_begin ] --START--
INFO: Run Common\Behavior\AdminDefaultLangBehavior [ RunTime:0.000693s ]
INFO: [ admin_begin ] --END-- [ RunTime:0.000773s ]
SQL: SHOW COLUMNS FROM `cmf_users` [ RunTime:0.0012s ]
SQL: SELECT * FROM `cmf_users` WHERE `id` = '1' LIMIT 1   [ RunTime:0.0002s ]
SQL: SHOW COLUMNS FROM `cmf_survey` [ RunTime:0.0007s ]
SQL: SHOW COLUMNS FROM `cmf_radio` [ RunTime:0.0007s ]
SQL: SHOW COLUMNS FROM `cmf_question` [ RunTime:0.0006s ]
SQL: SHOW COLUMNS FROM `cmf_surveyrecord` [ RunTime:0.0006s ]
SQL: SHOW COLUMNS FROM `cmf_surveyradiorecord` [ RunTime:0.0007s ]
SQL: SELECT * FROM `cmf_radio` WHERE `surveyid` = 2 AND `status` = 1 ORDER BY orders asc  [ RunTime:0.0003s ]
SQL: SELECT * FROM `cmf_question` WHERE `radioid` = 17  [ RunTime:0.0001s ]
SQL: SELECT * FROM `cmf_question` WHERE `radioid` = 18  [ RunTime:0.0001s ]
SQL: SELECT * FROM `cmf_question` WHERE `radioid` = 19  [ RunTime:0.0001s ]
SQL: SELECT * FROM `cmf_question` WHERE `radioid` = 20  [ RunTime:0.0001s ]
SQL: SELECT * FROM `cmf_question` WHERE `radioid` = 21  [ RunTime:0.0001s ]
SQL: SELECT * FROM `cmf_question` WHERE `radioid` = 22  [ RunTime:0.0001s ]
SQL: SELECT * FROM `cmf_question` WHERE `radioid` = 23  [ RunTime:0.0001s ]
SQL: SELECT * FROM `cmf_question` WHERE `radioid` = 24  [ RunTime:0.0001s ]
SQL: SELECT * FROM `cmf_question` WHERE `radioid` = 25  [ RunTime:0.0001s ]
SQL: SELECT * FROM `cmf_question` WHERE `radioid` = 26  [ RunTime:0.0001s ]
SQL: SELECT * FROM `cmf_question` WHERE `radioid` = 27  [ RunTime:0.0001s ]
SQL: SELECT * FROM `cmf_question` WHERE `radioid` = 28  [ RunTime:0.0001s ]
SQL: SELECT * FROM `cmf_question` WHERE `radioid` = 29  [ RunTime:0.0001s ]
SQL: SELECT * FROM `cmf_question` WHERE `radioid` = 30  [ RunTime:0.0001s ]
SQL: SELECT * FROM `cmf_question` WHERE `radioid` = 31  [ RunTime:0.0001s ]
SQL: SELECT * FROM `cmf_question` WHERE `radioid` = 32  [ RunTime:0.0001s ]
SQL: SELECT * FROM `cmf_question` WHERE `radioid` = 33  [ RunTime:0.0001s ]
SQL: SELECT * FROM `cmf_question` WHERE `radioid` = 34  [ RunTime:0.0001s ]
SQL: SELECT * FROM `cmf_question` WHERE `radioid` = 35  [ RunTime:0.0001s ]
SQL: SELECT * FROM `cmf_question` WHERE `radioid` = 36  [ RunTime:0.0001s ]
INFO: [ app_end ] --START--
INFO: Run Behavior\ShowPageTraceBehavior [ RunTime:0.000505s ]
INFO: [ app_end ] --END-- [ RunTime:0.000557s ]

[ 2017-08-31T16:09:40+08:00 ] ::1 /thinkcmf/index.php?g=&m=Survey&a=surveyrecord&surveyid=2&radiotag=2&local=130403&textareas=fwaefew
INFO: [ app_begin ] --START--
INFO: Run Behavior\ReadHtmlCacheBehavior [ RunTime:0.000629s ]
INFO: Run Behavior\CheckLangBehavior [ RunTime:0.000507s ]
INFO: Run Common\Behavior\UrldecodeGetBehavior [ RunTime:0.000141s ]
INFO: [ app_begin ] --END-- [ RunTime:0.001746s ]
INFO: [ admin_begin ] --START--
INFO: Run Common\Behavior\AdminDefaultLangBehavior [ RunTime:0.000687s ]
INFO: [ admin_begin ] --END-- [ RunTime:0.000765s ]
SQL: SHOW COLUMNS FROM `cmf_users` [ RunTime:0.0012s ]
SQL: SELECT * FROM `cmf_users` WHERE `id` = '1' LIMIT 1   [ RunTime:0.0002s ]
SQL: SHOW COLUMNS FROM `cmf_survey` [ RunTime:0.0009s ]
SQL: SHOW COLUMNS FROM `cmf_radio` [ RunTime:0.0007s ]
SQL: SHOW COLUMNS FROM `cmf_question` [ RunTime:0.0006s ]
SQL: SHOW COLUMNS FROM `cmf_surveyrecord` [ RunTime:0.0006s ]
SQL: SHOW COLUMNS FROM `cmf_surveyradiorecord` [ RunTime:0.0008s ]
SQL: INSERT INTO `cmf_surveyrecord` (`surveyid`,`radiotag`,`local`,`textare`) VALUES ('2','2','130403','fwaefew') [ RunTime:0.0004s ]
INFO: [ app_end ] --START--
INFO: Run Behavior\ShowPageTraceBehavior [ RunTime:0.000504s ]
INFO: [ app_end ] --END-- [ RunTime:0.000559s ]

[ 2017-08-31T16:10:15+08:00 ] ::1 /thinkcmf/public/swiper/maps/swiper.min.js.map
ERR: 无法加载控制器:Public

[ 2017-08-31T16:15:45+08:00 ] ::1 /thinkcmf/public/swiper/maps/swiper.min.js.map
ERR: 无法加载控制器:Public

[ 2017-08-31T16:16:06+08:00 ] ::1 /thinkcmf/index.php?g=&m=Survey&a=getradio&surveyid=2
INFO: [ app_begin ] --START--
INFO: Run Behavior\ReadHtmlCacheBehavior [ RunTime:0.000483s ]
INFO: Run Behavior\CheckLangBehavior [ RunTime:0.000515s ]
INFO: Run Common\Behavior\UrldecodeGetBehavior [ RunTime:0.000141s ]
INFO: [ app_begin ] --END-- [ RunTime:0.001508s ]
INFO: [ admin_begin ] --START--
INFO: Run Common\Behavior\AdminDefaultLangBehavior [ RunTime:0.000773s ]
INFO: [ admin_begin ] --END-- [ RunTime:0.000849s ]
SQL: SHOW COLUMNS FROM `cmf_users` [ RunTime:0.0029s ]
SQL: SELECT * FROM `cmf_users` WHERE `id` = '1' LIMIT 1   [ RunTime:0.0004s ]
SQL: SHOW COLUMNS FROM `cmf_survey` [ RunTime:0.0008s ]
SQL: SHOW COLUMNS FROM `cmf_radio` [ RunTime:0.0009s ]
SQL: SHOW COLUMNS FROM `cmf_question` [ RunTime:0.0007s ]
SQL: SHOW COLUMNS FROM `cmf_surveyrecord` [ RunTime:0.0008s ]
SQL: SHOW COLUMNS FROM `cmf_surveyradiorecord` [ RunTime:0.0007s ]
SQL: SELECT * FROM `cmf_radio` WHERE `surveyid` = 2 AND `status` = 1 ORDER BY orders asc  [ RunTime:0.0003s ]
SQL: SELECT * FROM `cmf_question` WHERE `radioid` = 17  [ RunTime:0.0001s ]
SQL: SELECT * FROM `cmf_question` WHERE `radioid` = 18  [ RunTime:0.0001s ]
SQL: SELECT * FROM `cmf_question` WHERE `radioid` = 19  [ RunTime:0.0001s ]
SQL: SELECT * FROM `cmf_question` WHERE `radioid` = 20  [ RunTime:0.0002s ]
SQL: SELECT * FROM `cmf_question` WHERE `radioid` = 21  [ RunTime:0.0001s ]
SQL: SELECT * FROM `cmf_question` WHERE `radioid` = 22  [ RunTime:0.0001s ]
SQL: SELECT * FROM `cmf_question` WHERE `radioid` = 23  [ RunTime:0.0001s ]
SQL: SELECT * FROM `cmf_question` WHERE `radioid` = 24  [ RunTime:0.0001s ]
SQL: SELECT * FROM `cmf_question` WHERE `radioid` = 25  [ RunTime:0.0003s ]
SQL: SELECT * FROM `cmf_question` WHERE `radioid` = 26  [ RunTime:0.0001s ]
SQL: SELECT * FROM `cmf_question` WHERE `radioid` = 27  [ RunTime:0.0001s ]
SQL: SELECT * FROM `cmf_question` WHERE `radioid` = 28  [ RunTime:0.0001s ]
SQL: SELECT * FROM `cmf_question` WHERE `radioid` = 29  [ RunTime:0.0002s ]
SQL: SELECT * FROM `cmf_question` WHERE `radioid` = 30  [ RunTime:0.0002s ]
SQL: SELECT * FROM `cmf_question` WHERE `radioid` = 31  [ RunTime:0.0001s ]
SQL: SELECT * FROM `cmf_question` WHERE `radioid` = 32  [ RunTime:0.0001s ]
SQL: SELECT * FROM `cmf_question` WHERE `radioid` = 33  [ RunTime:0.0001s ]
SQL: SELECT * FROM `cmf_question` WHERE `radioid` = 34  [ RunTime:0.0001s ]
SQL: SELECT * FROM `cmf_question` WHERE `radioid` = 35  [ RunTime:0.0001s ]
SQL: SELECT * FROM `cmf_question` WHERE `radioid` = 36  [ RunTime:0.0001s ]
INFO: [ app_end ] --START--
INFO: Run Behavior\ShowPageTraceBehavior [ RunTime:0.000541s ]
INFO: [ app_end ] --END-- [ RunTime:0.000603s ]

[ 2017-08-31T16:16:06+08:00 ] ::1 /thinkcmf/index.php?g=&m=Survey&a=surveyrecord&surveyid=2&radiotag=3&local=140411&textareas=0
INFO: [ app_begin ] --START--
INFO: Run Behavior\ReadHtmlCacheBehavior [ RunTime:0.000437s ]
INFO: Run Behavior\CheckLangBehavior [ RunTime:0.000784s ]
INFO: Run Common\Behavior\UrldecodeGetBehavior [ RunTime:0.000267s ]
INFO: [ app_begin ] --END-- [ RunTime:0.001876s ]
INFO: [ admin_begin ] --START--
INFO: Run Common\Behavior\AdminDefaultLangBehavior [ RunTime:0.000639s ]
INFO: [ admin_begin ] --END-- [ RunTime:0.000711s ]
SQL: SHOW COLUMNS FROM `cmf_users` [ RunTime:0.0009s ]
SQL: SELECT * FROM `cmf_users` WHERE `id` = '1' LIMIT 1   [ RunTime:0.0002s ]
SQL: SHOW COLUMNS FROM `cmf_survey` [ RunTime:0.0008s ]
SQL: SHOW COLUMNS FROM `cmf_radio` [ RunTime:0.0011s ]
SQL: SHOW COLUMNS FROM `cmf_question` [ RunTime:0.0008s ]
SQL: SHOW COLUMNS FROM `cmf_surveyrecord` [ RunTime:0.0007s ]
SQL: SHOW COLUMNS FROM `cmf_surveyradiorecord` [ RunTime:0.0009s ]
SQL: INSERT INTO `cmf_surveyrecord` (`surveyid`,`radiotag`,`local`,`textare`) VALUES ('2','3','140411','0') [ RunTime:0.0003s ]
INFO: [ app_end ] --START--
INFO: Run Behavior\ShowPageTraceBehavior [ RunTime:0.000497s ]
INFO: [ app_end ] --END-- [ RunTime:0.000551s ]

[ 2017-08-31T16:16:35+08:00 ] ::1 /thinkcmf/public/swiper/maps/swiper.min.js.map
ERR: 无法加载控制器:Public

[ 2017-08-31T16:17:46+08:00 ] ::1 /thinkcmf/public/swiper/maps/swiper.min.js.map
ERR: 无法加载控制器:Public

[ 2017-08-31T16:19:28+08:00 ] ::1 /thinkcmf/public/swiper/maps/swiper.min.js.map
ERR: 无法加载控制器:Public

[ 2017-08-31T16:19:38+08:00 ] ::1 /thinkcmf/index.php?g=&m=Survey&a=surveyrecord&surveyid=3&radiotag=4&local=120102&textareas=0
INFO: [ app_begin ] --START--
INFO: Run Behavior\ReadHtmlCacheBehavior [ RunTime:0.000747s ]
INFO: Run Behavior\CheckLangBehavior [ RunTime:0.000566s ]
INFO: Run Common\Behavior\UrldecodeGetBehavior [ RunTime:0.000151s ]
INFO: [ app_begin ] --END-- [ RunTime:0.001881s ]
INFO: [ admin_begin ] --START--
INFO: Run Common\Behavior\AdminDefaultLangBehavior [ RunTime:0.000847s ]
INFO: [ admin_begin ] --END-- [ RunTime:0.000921s ]
SQL: SHOW COLUMNS FROM `cmf_users` [ RunTime:0.0036s ]
SQL: SELECT * FROM `cmf_users` WHERE `id` = '1' LIMIT 1   [ RunTime:0.0004s ]
SQL: SHOW COLUMNS FROM `cmf_survey` [ RunTime:0.0009s ]
SQL: SHOW COLUMNS FROM `cmf_radio` [ RunTime:0.0013s ]
SQL: SHOW COLUMNS FROM `cmf_question` [ RunTime:0.0007s ]
SQL: SHOW COLUMNS FROM `cmf_surveyrecord` [ RunTime:0.0008s ]
SQL: SHOW COLUMNS FROM `cmf_surveyradiorecord` [ RunTime:0.0006s ]
SQL: INSERT INTO `cmf_surveyrecord` (`surveyid`,`radiotag`,`local`,`textare`) VALUES ('3','4','120102','0') [ RunTime:0.0003s ]
INFO: [ app_end ] --START--
INFO: Run Behavior\ShowPageTraceBehavior [ RunTime:0.000537s ]
INFO: [ app_end ] --END-- [ RunTime:0.000599s ]

[ 2017-08-31T16:19:38+08:00 ] ::1 /thinkcmf/index.php?g=&m=Survey&a=getradio&surveyid=3
INFO: [ app_begin ] --START--
INFO: Run Behavior\ReadHtmlCacheBehavior [ RunTime:0.001002s ]
INFO: Run Behavior\CheckLangBehavior [ RunTime:0.001023s ]
INFO: Run Common\Behavior\UrldecodeGetBehavior [ RunTime:0.000198s ]
INFO: [ app_begin ] --END-- [ RunTime:0.002848s ]
INFO: [ admin_begin ] --START--
INFO: Run Common\Behavior\AdminDefaultLangBehavior [ RunTime:0.000605s ]
INFO: [ admin_begin ] --END-- [ RunTime:0.000680s ]
SQL: SHOW COLUMNS FROM `cmf_users` [ RunTime:0.0011s ]
SQL: SELECT * FROM `cmf_users` WHERE `id` = '1' LIMIT 1   [ RunTime:0.0002s ]
SQL: SHOW COLUMNS FROM `cmf_survey` [ RunTime:0.0007s ]
SQL: SHOW COLUMNS FROM `cmf_radio` [ RunTime:0.0007s ]
SQL: SHOW COLUMNS FROM `cmf_question` [ RunTime:0.0007s ]
SQL: SHOW COLUMNS FROM `cmf_surveyrecord` [ RunTime:0.0006s ]
SQL: SHOW COLUMNS FROM `cmf_surveyradiorecord` [ RunTime:0.0007s ]
SQL: SELECT * FROM `cmf_radio` WHERE `surveyid` = 3 AND `status` = 1 ORDER BY orders asc  [ RunTime:0.0003s ]
SQL: SELECT * FROM `cmf_question` WHERE `radioid` = 37  [ RunTime:0.0002s ]
SQL: SELECT * FROM `cmf_question` WHERE `radioid` = 38  [ RunTime:0.0002s ]
SQL: SELECT * FROM `cmf_question` WHERE `radioid` = 39  [ RunTime:0.0001s ]
INFO: [ app_end ] --START--
INFO: Run Behavior\ShowPageTraceBehavior [ RunTime:0.000554s ]
INFO: [ app_end ] --END-- [ RunTime:0.000610s ]

[ 2017-08-31T16:19:41+08:00 ] ::1 /thinkcmf/public/swiper/maps/swiper.min.js.map
ERR: 无法加载控制器:Public

[ 2017-08-31T16:21:03+08:00 ] ::1 /thinkcmf/public/swiper/maps/swiper.min.js.map
ERR: 无法加载控制器:Public

[ 2017-08-31T16:21:12+08:00 ] ::1 /thinkcmf/index.php?g=&m=Survey&a=getradio&surveyid=3
INFO: [ app_begin ] --START--
INFO: Run Behavior\ReadHtmlCacheBehavior [ RunTime:0.000690s ]
INFO: Run Behavior\CheckLangBehavior [ RunTime:0.000727s ]
INFO: Run Common\Behavior\UrldecodeGetBehavior [ RunTime:0.000151s ]
INFO: [ app_begin ] --END-- [ RunTime:0.002210s ]
INFO: [ admin_begin ] --START--
INFO: Run Common\Behavior\AdminDefaultLangBehavior [ RunTime:0.000546s ]
INFO: [ admin_begin ] --END-- [ RunTime:0.000606s ]
SQL: SHOW COLUMNS FROM `cmf_users` [ RunTime:0.0031s ]
SQL: SELECT * FROM `cmf_users` WHERE `id` = '1' LIMIT 1   [ RunTime:0.0002s ]
SQL: SHOW COLUMNS FROM `cmf_survey` [ RunTime:0.0008s ]
SQL: SHOW COLUMNS FROM `cmf_radio` [ RunTime:0.0009s ]
SQL: SHOW COLUMNS FROM `cmf_question` [ RunTime:0.0007s ]
SQL: SHOW COLUMNS FROM `cmf_surveyrecord` [ RunTime:0.0007s ]
SQL: SHOW COLUMNS FROM `cmf_surveyradiorecord` [ RunTime:0.0007s ]
SQL: SELECT * FROM `cmf_radio` WHERE `surveyid` = 3 AND `status` = 1 ORDER BY orders asc  [ RunTime:0.0002s ]
SQL: SELECT * FROM `cmf_question` WHERE `radioid` = 37  [ RunTime:0.0001s ]
SQL: SELECT * FROM `cmf_question` WHERE `radioid` = 38  [ RunTime:0.0001s ]
SQL: SELECT * FROM `cmf_question` WHERE `radioid` = 39  [ RunTime:0.0002s ]
INFO: [ app_end ] --START--
INFO: Run Behavior\ShowPageTraceBehavior [ RunTime:0.000650s ]
INFO: [ app_end ] --END-- [ RunTime:0.000702s ]

[ 2017-08-31T16:21:12+08:00 ] ::1 /thinkcmf/index.php?g=&m=Survey&a=surveyrecord&surveyid=3&radiotag=5&local=130304&textareas=0
INFO: [ app_begin ] --START--
INFO: Run Behavior\ReadHtmlCacheBehavior [ RunTime:0.000523s ]
INFO: Run Behavior\CheckLangBehavior [ RunTime:0.000576s ]
INFO: Run Common\Behavior\UrldecodeGetBehavior [ RunTime:0.000189s ]
INFO: [ app_begin ] --END-- [ RunTime:0.001948s ]
INFO: [ admin_begin ] --START--
INFO: Run Common\Behavior\AdminDefaultLangBehavior [ RunTime:0.000739s ]
INFO: [ admin_begin ] --END-- [ RunTime:0.000824s ]
SQL: SHOW COLUMNS FROM `cmf_users` [ RunTime:0.0011s ]
SQL: SELECT * FROM `cmf_users` WHERE `id` = '1' LIMIT 1   [ RunTime:0.0002s ]
SQL: SHOW COLUMNS FROM `cmf_survey` [ RunTime:0.0006s ]
SQL: SHOW COLUMNS FROM `cmf_radio` [ RunTime:0.0008s ]
SQL: SHOW COLUMNS FROM `cmf_question` [ RunTime:0.0006s ]
SQL: SHOW COLUMNS FROM `cmf_surveyrecord` [ RunTime:0.0008s ]
SQL: SHOW COLUMNS FROM `cmf_surveyradiorecord` [ RunTime:0.0008s ]
SQL: INSERT INTO `cmf_surveyrecord` (`surveyid`,`radiotag`,`local`,`textare`) VALUES ('3','5','130304','0') [ RunTime:0.0003s ]
INFO: [ app_end ] --START--
INFO: Run Behavior\ShowPageTraceBehavior [ RunTime:0.000588s ]
INFO: [ app_end ] --END-- [ RunTime:0.000658s ]

[ 2017-08-31T16:21:15+08:00 ] ::1 /thinkcmf/public/swiper/maps/swiper.min.js.map
ERR: 无法加载控制器:Public

[ 2017-08-31T16:21:27+08:00 ] ::1 /thinkcmf/public/swiper/maps/swiper.min.js.map
ERR: 无法加载控制器:Public

[ 2017-08-31T16:21:36+08:00 ] ::1 /thinkcmf/index.php?g=&m=Survey&a=getradio&surveyid=3
INFO: [ app_begin ] --START--
INFO: Run Behavior\ReadHtmlCacheBehavior [ RunTime:0.000445s ]
INFO: Run Behavior\CheckLangBehavior [ RunTime:0.000508s ]
INFO: Run Common\Behavior\UrldecodeGetBehavior [ RunTime:0.000131s ]
INFO: [ app_begin ] --END-- [ RunTime:0.001442s ]
INFO: [ admin_begin ] --START--
INFO: Run Common\Behavior\AdminDefaultLangBehavior [ RunTime:0.000717s ]
INFO: [ admin_begin ] --END-- [ RunTime:0.000804s ]
SQL: SHOW COLUMNS FROM `cmf_users` [ RunTime:0.0028s ]
SQL: SELECT * FROM `cmf_users` WHERE `id` = '1' LIMIT 1   [ RunTime:0.0003s ]
SQL: SHOW COLUMNS FROM `cmf_survey` [ RunTime:0.0008s ]
SQL: SHOW COLUMNS FROM `cmf_radio` [ RunTime:0.0007s ]
SQL: SHOW COLUMNS FROM `cmf_question` [ RunTime:0.0007s ]
SQL: SHOW COLUMNS FROM `cmf_surveyrecord` [ RunTime:0.0006s ]
SQL: SHOW COLUMNS FROM `cmf_surveyradiorecord` [ RunTime:0.0008s ]
SQL: SELECT * FROM `cmf_radio` WHERE `surveyid` = 3 AND `status` = 1 ORDER BY orders asc  [ RunTime:0.0002s ]
SQL: SELECT * FROM `cmf_question` WHERE `radioid` = 37  [ RunTime:0.0001s ]
SQL: SELECT * FROM `cmf_question` WHERE `radioid` = 38  [ RunTime:0.0001s ]
SQL: SELECT * FROM `cmf_question` WHERE `radioid` = 39  [ RunTime:0.0001s ]
INFO: [ app_end ] --START--
INFO: Run Behavior\ShowPageTraceBehavior [ RunTime:0.000540s ]
INFO: [ app_end ] --END-- [ RunTime:0.000598s ]

[ 2017-08-31T16:21:36+08:00 ] ::1 /thinkcmf/index.php?g=&m=Survey&a=surveyrecord&surveyid=3&radiotag=6&local=150421&textareas=0
INFO: [ app_begin ] --START--
INFO: Run Behavior\ReadHtmlCacheBehavior [ RunTime:0.000447s ]
INFO: Run Behavior\CheckLangBehavior [ RunTime:0.000493s ]
INFO: Run Common\Behavior\UrldecodeGetBehavior [ RunTime:0.000136s ]
INFO: [ app_begin ] --END-- [ RunTime:0.001429s ]
INFO: [ admin_begin ] --START--
INFO: Run Common\Behavior\AdminDefaultLangBehavior [ RunTime:0.000854s ]
INFO: [ admin_begin ] --END-- [ RunTime:0.000923s ]
SQL: SHOW COLUMNS FROM `cmf_users` [ RunTime:0.0010s ]
SQL: SELECT * FROM `cmf_users` WHERE `id` = '1' LIMIT 1   [ RunTime:0.0002s ]
SQL: SHOW COLUMNS FROM `cmf_survey` [ RunTime:0.0008s ]
SQL: SHOW COLUMNS FROM `cmf_radio` [ RunTime:0.0009s ]
SQL: SHOW COLUMNS FROM `cmf_question` [ RunTime:0.0007s ]
SQL: SHOW COLUMNS FROM `cmf_surveyrecord` [ RunTime:0.0006s ]
SQL: SHOW COLUMNS FROM `cmf_surveyradiorecord` [ RunTime:0.0009s ]
SQL: INSERT INTO `cmf_surveyrecord` (`surveyid`,`radiotag`,`local`,`textare`) VALUES ('3','6','150421','0') [ RunTime:0.0003s ]
INFO: [ app_end ] --START--
INFO: Run Behavior\ShowPageTraceBehavior [ RunTime:0.000489s ]
INFO: [ app_end ] --END-- [ RunTime:0.000544s ]

[ 2017-08-31T16:21:44+08:00 ] ::1 /thinkcmf/public/swiper/maps/swiper.min.js.map
ERR: 无法加载控制器:Public

[ 2017-08-31T16:22:06+08:00 ] ::1 /thinkcmf/public/swiper/maps/swiper.min.js.map
ERR: 无法加载控制器:Public

[ 2017-08-31T16:22:15+08:00 ] ::1 /thinkcmf/index.php?g=&m=Survey&a=getradio&surveyid=3
INFO: [ app_begin ] --START--
INFO: Run Behavior\ReadHtmlCacheBehavior [ RunTime:0.000655s ]
INFO: Run Behavior\CheckLangBehavior [ RunTime:0.000578s ]
INFO: Run Common\Behavior\UrldecodeGetBehavior [ RunTime:0.000140s ]
INFO: [ app_begin ] --END-- [ RunTime:0.001881s ]
INFO: [ admin_begin ] --START--
INFO: Run Common\Behavior\AdminDefaultLangBehavior [ RunTime:0.000873s ]
INFO: [ admin_begin ] --END-- [ RunTime:0.000944s ]
SQL: SHOW COLUMNS FROM `cmf_users` [ RunTime:0.0029s ]
SQL: SELECT * FROM `cmf_users` WHERE `id` = '1' LIMIT 1   [ RunTime:0.0002s ]
SQL: SHOW COLUMNS FROM `cmf_survey` [ RunTime:0.0007s ]
SQL: SHOW COLUMNS FROM `cmf_radio` [ RunTime:0.0007s ]
SQL: SHOW COLUMNS FROM `cmf_question` [ RunTime:0.0007s ]
SQL: SHOW COLUMNS FROM `cmf_surveyrecord` [ RunTime:0.0006s ]
SQL: SHOW COLUMNS FROM `cmf_surveyradiorecord` [ RunTime:0.0007s ]
SQL: SELECT * FROM `cmf_radio` WHERE `surveyid` = 3 AND `status` = 1 ORDER BY orders asc  [ RunTime:0.0002s ]
SQL: SELECT * FROM `cmf_question` WHERE `radioid` = 37  [ RunTime:0.0002s ]
SQL: SELECT * FROM `cmf_question` WHERE `radioid` = 38  [ RunTime:0.0002s ]
SQL: SELECT * FROM `cmf_question` WHERE `radioid` = 39  [ RunTime:0.0002s ]
INFO: [ app_end ] --START--
INFO: Run Behavior\ShowPageTraceBehavior [ RunTime:0.000598s ]
INFO: [ app_end ] --END-- [ RunTime:0.000664s ]

[ 2017-08-31T16:22:15+08:00 ] ::1 /thinkcmf/index.php?g=&m=Survey&a=surveyrecord&surveyid=3&radiotag=7&local=130522&textareas=0
INFO: [ app_begin ] --START--
INFO: Run Behavior\ReadHtmlCacheBehavior [ RunTime:0.000650s ]
INFO: Run Behavior\CheckLangBehavior [ RunTime:0.000801s ]
INFO: Run Common\Behavior\UrldecodeGetBehavior [ RunTime:0.000155s ]
INFO: [ app_begin ] --END-- [ RunTime:0.002096s ]
INFO: [ admin_begin ] --START--
INFO: Run Common\Behavior\AdminDefaultLangBehavior [ RunTime:0.000726s ]
INFO: [ admin_begin ] --END-- [ RunTime:0.000805s ]
SQL: SHOW COLUMNS FROM `cmf_users` [ RunTime:0.0012s ]
SQL: SELECT * FROM `cmf_users` WHERE `id` = '1' LIMIT 1   [ RunTime:0.0002s ]
SQL: SHOW COLUMNS FROM `cmf_survey` [ RunTime:0.0008s ]
SQL: SHOW COLUMNS FROM `cmf_radio` [ RunTime:0.0009s ]
SQL: SHOW COLUMNS FROM `cmf_question` [ RunTime:0.0009s ]
SQL: SHOW COLUMNS FROM `cmf_surveyrecord` [ RunTime:0.0010s ]
SQL: SHOW COLUMNS FROM `cmf_surveyradiorecord` [ RunTime:0.0011s ]
SQL: INSERT INTO `cmf_surveyrecord` (`surveyid`,`radiotag`,`local`,`textare`) VALUES ('3','7','130522','0') [ RunTime:0.0003s ]
INFO: [ app_end ] --START--
INFO: Run Behavior\ShowPageTraceBehavior [ RunTime:0.000537s ]
INFO: [ app_end ] --END-- [ RunTime:0.000596s ]

[ 2017-08-31T16:22:25+08:00 ] ::1 /thinkcmf/public/swiper/maps/swiper.min.js.map
ERR: 无法加载控制器:Public

[ 2017-08-31T16:25:23+08:00 ] ::1 /thinkcmf/public/swiper/maps/swiper.min.js.map
ERR: 无法加载控制器:Public

[ 2017-08-31T16:25:32+08:00 ] ::1 /thinkcmf/index.php?g=&m=Survey&a=surveyrecord&surveyid=3&radiotag=8&local=140311&textareas=0
INFO: [ app_begin ] --START--
INFO: Run Behavior\ReadHtmlCacheBehavior [ RunTime:0.000788s ]
INFO: Run Behavior\CheckLangBehavior [ RunTime:0.000778s ]
INFO: Run Common\Behavior\UrldecodeGetBehavior [ RunTime:0.000227s ]
INFO: [ app_begin ] --END-- [ RunTime:0.002393s ]
INFO: [ admin_begin ] --START--
INFO: Run Common\Behavior\AdminDefaultLangBehavior [ RunTime:0.000821s ]
INFO: [ admin_begin ] --END-- [ RunTime:0.000897s ]
SQL: SHOW COLUMNS FROM `cmf_users` [ RunTime:0.0011s ]
SQL: SELECT * FROM `cmf_users` WHERE `id` = '1' LIMIT 1   [ RunTime:0.0002s ]
SQL: SHOW COLUMNS FROM `cmf_survey` [ RunTime:0.0009s ]
SQL: SHOW COLUMNS FROM `cmf_radio` [ RunTime:0.0010s ]
SQL: SHOW COLUMNS FROM `cmf_question` [ RunTime:0.0008s ]
SQL: SHOW COLUMNS FROM `cmf_surveyrecord` [ RunTime:0.0010s ]
SQL: SHOW COLUMNS FROM `cmf_surveyradiorecord` [ RunTime:0.0010s ]
SQL: INSERT INTO `cmf_surveyrecord` (`surveyid`,`radiotag`,`local`,`textare`) VALUES ('3','8','140311','0') [ RunTime:0.0002s ]
INFO: [ app_end ] --START--
INFO: Run Behavior\ShowPageTraceBehavior [ RunTime:0.000559s ]
INFO: [ app_end ] --END-- [ RunTime:0.000619s ]

[ 2017-08-31T16:25:32+08:00 ] ::1 /thinkcmf/index.php?g=&m=Survey&a=getradio&surveyid=3
INFO: [ app_begin ] --START--
INFO: Run Behavior\ReadHtmlCacheBehavior [ RunTime:0.000674s ]
INFO: Run Behavior\CheckLangBehavior [ RunTime:0.000697s ]
INFO: Run Common\Behavior\UrldecodeGetBehavior [ RunTime:0.000204s ]
INFO: [ app_begin ] --END-- [ RunTime:0.002068s ]
INFO: [ admin_begin ] --START--
INFO: Run Common\Behavior\AdminDefaultLangBehavior [ RunTime:0.000933s ]
INFO: [ admin_begin ] --END-- [ RunTime:0.001019s ]
SQL: SHOW COLUMNS FROM `cmf_users` [ RunTime:0.0010s ]
SQL: SELECT * FROM `cmf_users` WHERE `id` = '1' LIMIT 1   [ RunTime:0.0002s ]
SQL: SHOW COLUMNS FROM `cmf_survey` [ RunTime:0.0009s ]
SQL: SHOW COLUMNS FROM `cmf_radio` [ RunTime:0.0008s ]
SQL: SHOW COLUMNS FROM `cmf_question` [ RunTime:0.0010s ]
SQL: SHOW COLUMNS FROM `cmf_surveyrecord` [ RunTime:0.0007s ]
SQL: SHOW COLUMNS FROM `cmf_surveyradiorecord` [ RunTime:0.0009s ]
SQL: SELECT * FROM `cmf_radio` WHERE `surveyid` = 3 AND `status` = 1 ORDER BY orders asc  [ RunTime:0.0002s ]
SQL: SELECT * FROM `cmf_question` WHERE `radioid` = 37  [ RunTime:0.0002s ]
SQL: SELECT * FROM `cmf_question` WHERE `radioid` = 38  [ RunTime:0.0001s ]
SQL: SELECT * FROM `cmf_question` WHERE `radioid` = 39  [ RunTime:0.0001s ]
INFO: [ app_end ] --START--
INFO: Run Behavior\ShowPageTraceBehavior [ RunTime:0.000731s ]
INFO: [ app_end ] --END-- [ RunTime:0.000809s ]

[ 2017-08-31T16:25:38+08:00 ] ::1 /thinkcmf/public/swiper/maps/swiper.min.js.map
ERR: 无法加载控制器:Public

[ 2017-08-31T16:25:55+08:00 ] ::1 /thinkcmf/public/swiper/maps/swiper.min.js.map
ERR: 无法加载控制器:Public

[ 2017-08-31T16:26:04+08:00 ] ::1 /thinkcmf/public/swiper/maps/swiper.min.js.map
ERR: 无法加载控制器:Public

[ 2017-08-31T16:26:17+08:00 ] ::1 /thinkcmf/index.php?g=&m=Survey&a=getradio&surveyid=3
INFO: [ app_begin ] --START--
INFO: Run Behavior\ReadHtmlCacheBehavior [ RunTime:0.000751s ]
INFO: Run Behavior\CheckLangBehavior [ RunTime:0.000769s ]
INFO: Run Common\Behavior\UrldecodeGetBehavior [ RunTime:0.000329s ]
INFO: [ app_begin ] --END-- [ RunTime:0.002425s ]
INFO: [ admin_begin ] --START--
INFO: Run Common\Behavior\AdminDefaultLangBehavior [ RunTime:0.000577s ]
INFO: [ admin_begin ] --END-- [ RunTime:0.000642s ]
SQL: SHOW COLUMNS FROM `cmf_users` [ RunTime:0.0010s ]
SQL: SELECT * FROM `cmf_users` WHERE `id` = '1' LIMIT 1   [ RunTime:0.0003s ]
SQL: SHOW COLUMNS FROM `cmf_survey` [ RunTime:0.0012s ]
SQL: SHOW COLUMNS FROM `cmf_radio` [ RunTime:0.0010s ]
SQL: SHOW COLUMNS FROM `cmf_question` [ RunTime:0.0006s ]
SQL: SHOW COLUMNS FROM `cmf_surveyrecord` [ RunTime:0.0007s ]
SQL: SHOW COLUMNS FROM `cmf_surveyradiorecord` [ RunTime:0.0007s ]
SQL: SELECT * FROM `cmf_radio` WHERE `surveyid` = 3 AND `status` = 1 ORDER BY orders asc  [ RunTime:0.0002s ]
SQL: SELECT * FROM `cmf_question` WHERE `radioid` = 37  [ RunTime:0.0001s ]
SQL: SELECT * FROM `cmf_question` WHERE `radioid` = 38  [ RunTime:0.0001s ]
SQL: SELECT * FROM `cmf_question` WHERE `radioid` = 39  [ RunTime:0.0003s ]
INFO: [ app_end ] --START--
INFO: Run Behavior\ShowPageTraceBehavior [ RunTime:0.000500s ]
INFO: [ app_end ] --END-- [ RunTime:0.000563s ]

[ 2017-08-31T16:26:17+08:00 ] ::1 /thinkcmf/index.php?g=&m=Survey&a=surveyrecord&surveyid=3&radiotag=9&local=150303&textareas=afe
INFO: [ app_begin ] --START--
INFO: Run Behavior\ReadHtmlCacheBehavior [ RunTime:0.000766s ]
INFO: Run Behavior\CheckLangBehavior [ RunTime:0.000525s ]
INFO: Run Common\Behavior\UrldecodeGetBehavior [ RunTime:0.000194s ]
INFO: [ app_begin ] --END-- [ RunTime:0.001984s ]
INFO: [ admin_begin ] --START--
INFO: Run Common\Behavior\AdminDefaultLangBehavior [ RunTime:0.000553s ]
INFO: [ admin_begin ] --END-- [ RunTime:0.000638s ]
SQL: SHOW COLUMNS FROM `cmf_users` [ RunTime:0.0009s ]
SQL: SELECT * FROM `cmf_users` WHERE `id` = '1' LIMIT 1   [ RunTime:0.0002s ]
SQL: SHOW COLUMNS FROM `cmf_survey` [ RunTime:0.0007s ]
SQL: SHOW COLUMNS FROM `cmf_radio` [ RunTime:0.0007s ]
SQL: SHOW COLUMNS FROM `cmf_question` [ RunTime:0.0009s ]
SQL: SHOW COLUMNS FROM `cmf_surveyrecord` [ RunTime:0.0007s ]
SQL: SHOW COLUMNS FROM `cmf_surveyradiorecord` [ RunTime:0.0009s ]
SQL: INSERT INTO `cmf_surveyrecord` (`surveyid`,`radiotag`,`local`,`textare`) VALUES ('3','9','150303','afe') [ RunTime:0.0003s ]
INFO: [ app_end ] --START--
INFO: Run Behavior\ShowPageTraceBehavior [ RunTime:0.000525s ]
INFO: [ app_end ] --END-- [ RunTime:0.000669s ]

[ 2017-08-31T16:26:18+08:00 ] ::1 /thinkcmf/index.php?g=&m=Survey&a=surveyradiorecord&radioid=37&questionid=36&questionname=+%E3%80%90%E5%8D%95%E9%80%89%E3%80%91b&radioname=%E8%AF%B7%E7%BC%96%E8%BE%91%E9%97%AE%E9%A2%98%EF%BC%9Fa&radiotag=9&local=150303
INFO: [ app_begin ] --START--
INFO: Run Behavior\ReadHtmlCacheBehavior [ RunTime:0.000499s ]
INFO: Run Behavior\CheckLangBehavior [ RunTime:0.000486s ]
INFO: Run Common\Behavior\UrldecodeGetBehavior [ RunTime:0.000138s ]
INFO: [ app_begin ] --END-- [ RunTime:0.001578s ]
INFO: [ admin_begin ] --START--
INFO: Run Common\Behavior\AdminDefaultLangBehavior [ RunTime:0.000581s ]
INFO: [ admin_begin ] --END-- [ RunTime:0.000640s ]
SQL: SHOW COLUMNS FROM `cmf_users` [ RunTime:0.0029s ]
SQL: SELECT * FROM `cmf_users` WHERE `id` = '1' LIMIT 1   [ RunTime:0.0002s ]
SQL: SHOW COLUMNS FROM `cmf_survey` [ RunTime:0.0008s ]
SQL: SHOW COLUMNS FROM `cmf_radio` [ RunTime:0.0008s ]
SQL: SHOW COLUMNS FROM `cmf_question` [ RunTime:0.0007s ]
SQL: SHOW COLUMNS FROM `cmf_surveyrecord` [ RunTime:0.0007s ]
SQL: SHOW COLUMNS FROM `cmf_surveyradiorecord` [ RunTime:0.0009s ]
SQL: INSERT INTO `cmf_surveyradiorecord` (`radioid`,`questionid`,`questionname`,`radioname`,`radiotag`,`local`) VALUES ('37','36',' 【单选】b','请编辑问题？a','9','150303') [ RunTime:0.0003s ]
INFO: [ app_end ] --START--
INFO: Run Behavior\ShowPageTraceBehavior [ RunTime:0.000605s ]
INFO: [ app_end ] --END-- [ RunTime:0.000675s ]

[ 2017-08-31T16:26:19+08:00 ] ::1 /thinkcmf/index.php?g=&m=Survey&a=surveyradiorecord&radioid=38&questionid=38&questionname=+%E3%80%90%E5%8D%95%E9%80%89%E3%80%91f&radioname=%E8%AF%B7%E7%BC%96%E8%BE%91%E9%97%AE%E9%A2%98%EF%BC%9Fe&radiotag=9&local=150303
INFO: [ app_begin ] --START--
INFO: Run Behavior\ReadHtmlCacheBehavior [ RunTime:0.000437s ]
INFO: Run Behavior\CheckLangBehavior [ RunTime:0.000501s ]
INFO: Run Common\Behavior\UrldecodeGetBehavior [ RunTime:0.000142s ]
INFO: [ app_begin ] --END-- [ RunTime:0.001439s ]
INFO: [ admin_begin ] --START--
INFO: Run Common\Behavior\AdminDefaultLangBehavior [ RunTime:0.000725s ]
INFO: [ admin_begin ] --END-- [ RunTime:0.000838s ]
SQL: SHOW COLUMNS FROM `cmf_users` [ RunTime:0.0028s ]
SQL: SELECT * FROM `cmf_users` WHERE `id` = '1' LIMIT 1   [ RunTime:0.0002s ]
SQL: SHOW COLUMNS FROM `cmf_survey` [ RunTime:0.0006s ]
SQL: SHOW COLUMNS FROM `cmf_radio` [ RunTime:0.0006s ]
SQL: SHOW COLUMNS FROM `cmf_question` [ RunTime:0.0006s ]
SQL: SHOW COLUMNS FROM `cmf_surveyrecord` [ RunTime:0.0006s ]
SQL: SHOW COLUMNS FROM `cmf_surveyradiorecord` [ RunTime:0.0008s ]
SQL: INSERT INTO `cmf_surveyradiorecord` (`radioid`,`questionid`,`questionname`,`radioname`,`radiotag`,`local`) VALUES ('38','38',' 【单选】f','请编辑问题？e','9','150303') [ RunTime:0.0003s ]
INFO: [ app_end ] --START--
INFO: Run Behavior\ShowPageTraceBehavior [ RunTime:0.000534s ]
INFO: [ app_end ] --END-- [ RunTime:0.000590s ]

[ 2017-08-31T16:26:19+08:00 ] ::1 /thinkcmf/index.php?g=&m=Survey&a=surveyradiorecord&radioid=39&questionid=43&questionname=+e&radioname=%E8%AF%B7%E7%BC%96%E8%BE%91%E9%97%AE%E9%A2%98%EF%BC%9Fc&radiotag=9&local=150303
INFO: [ app_begin ] --START--
INFO: Run Behavior\ReadHtmlCacheBehavior [ RunTime:0.000472s ]
INFO: Run Behavior\CheckLangBehavior [ RunTime:0.000497s ]
INFO: Run Common\Behavior\UrldecodeGetBehavior [ RunTime:0.000142s ]
INFO: [ app_begin ] --END-- [ RunTime:0.001638s ]
INFO: [ admin_begin ] --START--
INFO: Run Common\Behavior\AdminDefaultLangBehavior [ RunTime:0.000528s ]
INFO: [ admin_begin ] --END-- [ RunTime:0.000582s ]
SQL: SHOW COLUMNS FROM `cmf_users` [ RunTime:0.0028s ]
SQL: SELECT * FROM `cmf_users` WHERE `id` = '1' LIMIT 1   [ RunTime:0.0003s ]
SQL: SHOW COLUMNS FROM `cmf_survey` [ RunTime:0.0009s ]
SQL: SHOW COLUMNS FROM `cmf_radio` [ RunTime:0.0007s ]
SQL: SHOW COLUMNS FROM `cmf_question` [ RunTime:0.0010s ]
SQL: SHOW COLUMNS FROM `cmf_surveyrecord` [ RunTime:0.0008s ]
SQL: SHOW COLUMNS FROM `cmf_surveyradiorecord` [ RunTime:0.0007s ]
SQL: INSERT INTO `cmf_surveyradiorecord` (`radioid`,`questionid`,`questionname`,`radioname`,`radiotag`,`local`) VALUES ('39','43',' e','请编辑问题？c','9','150303') [ RunTime:0.0003s ]
INFO: [ app_end ] --START--
INFO: Run Behavior\ShowPageTraceBehavior [ RunTime:0.000599s ]
INFO: [ app_end ] --END-- [ RunTime:0.000667s ]

[ 2017-08-31T16:26:20+08:00 ] ::1 /thinkcmf/public/swiper/maps/swiper.min.js.map
ERR: 无法加载控制器:Public

[ 2017-08-31T16:26:37+08:00 ] ::1 /thinkcmf/public/swiper/maps/swiper.min.js.map
ERR: 无法加载控制器:Public

[ 2017-08-31T16:26:50+08:00 ] ::1 /thinkcmf/index.php?g=&m=Survey&a=getradio&surveyid=3
INFO: [ app_begin ] --START--
INFO: Run Behavior\ReadHtmlCacheBehavior [ RunTime:0.000485s ]
INFO: Run Behavior\CheckLangBehavior [ RunTime:0.000585s ]
INFO: Run Common\Behavior\UrldecodeGetBehavior [ RunTime:0.000135s ]
INFO: [ app_begin ] --END-- [ RunTime:0.001609s ]
INFO: [ admin_begin ] --START--
INFO: Run Common\Behavior\AdminDefaultLangBehavior [ RunTime:0.000594s ]
INFO: [ admin_begin ] --END-- [ RunTime:0.000654s ]
SQL: SHOW COLUMNS FROM `cmf_users` [ RunTime:0.0030s ]
SQL: SELECT * FROM `cmf_users` WHERE `id` = '1' LIMIT 1   [ RunTime:0.0002s ]
SQL: SHOW COLUMNS FROM `cmf_survey` [ RunTime:0.0008s ]
SQL: SHOW COLUMNS FROM `cmf_radio` [ RunTime:0.0009s ]
SQL: SHOW COLUMNS FROM `cmf_question` [ RunTime:0.0007s ]
SQL: SHOW COLUMNS FROM `cmf_surveyrecord` [ RunTime:0.0007s ]
SQL: SHOW COLUMNS FROM `cmf_surveyradiorecord` [ RunTime:0.0009s ]
SQL: SELECT * FROM `cmf_radio` WHERE `surveyid` = 3 AND `status` = 1 ORDER BY orders asc  [ RunTime:0.0003s ]
SQL: SELECT * FROM `cmf_question` WHERE `radioid` = 37  [ RunTime:0.0002s ]
SQL: SELECT * FROM `cmf_question` WHERE `radioid` = 38  [ RunTime:0.0002s ]
SQL: SELECT * FROM `cmf_question` WHERE `radioid` = 39  [ RunTime:0.0002s ]
INFO: [ app_end ] --START--
INFO: Run Behavior\ShowPageTraceBehavior [ RunTime:0.000498s ]
INFO: [ app_end ] --END-- [ RunTime:0.000550s ]

[ 2017-08-31T16:26:50+08:00 ] ::1 /thinkcmf/index.php?g=&m=Survey&a=surveyrecord&surveyid=3&radiotag=10&local=220521&textareas=afef
INFO: [ app_begin ] --START--
INFO: Run Behavior\ReadHtmlCacheBehavior [ RunTime:0.000442s ]
INFO: Run Behavior\CheckLangBehavior [ RunTime:0.000547s ]
INFO: Run Common\Behavior\UrldecodeGetBehavior [ RunTime:0.000189s ]
INFO: [ app_begin ] --END-- [ RunTime:0.001564s ]
INFO: [ admin_begin ] --START--
INFO: Run Common\Behavior\AdminDefaultLangBehavior [ RunTime:0.000950s ]
INFO: [ admin_begin ] --END-- [ RunTime:0.001058s ]
SQL: SHOW COLUMNS FROM `cmf_users` [ RunTime:0.0010s ]
SQL: SELECT * FROM `cmf_users` WHERE `id` = '1' LIMIT 1   [ RunTime:0.0002s ]
SQL: SHOW COLUMNS FROM `cmf_survey` [ RunTime:0.0008s ]
SQL: SHOW COLUMNS FROM `cmf_radio` [ RunTime:0.0011s ]
SQL: SHOW COLUMNS FROM `cmf_question` [ RunTime:0.0009s ]
SQL: SHOW COLUMNS FROM `cmf_surveyrecord` [ RunTime:0.0009s ]
SQL: SHOW COLUMNS FROM `cmf_surveyradiorecord` [ RunTime:0.0011s ]
SQL: INSERT INTO `cmf_surveyrecord` (`surveyid`,`radiotag`,`local`,`textare`) VALUES ('3','10','220521','afef') [ RunTime:0.0004s ]
INFO: [ app_end ] --START--
INFO: Run Behavior\ShowPageTraceBehavior [ RunTime:0.000512s ]
INFO: [ app_end ] --END-- [ RunTime:0.000567s ]

[ 2017-08-31T16:26:52+08:00 ] ::1 /thinkcmf/index.php?g=&m=Survey&a=surveyradiorecord&radioid=37&questionid=36&questionname=+%E3%80%90%E5%8D%95%E9%80%89%E3%80%91b&radioname=%E8%AF%B7%E7%BC%96%E8%BE%91%E9%97%AE%E9%A2%98%EF%BC%9Fa&radiotag=10&local=220521
INFO: [ app_begin ] --START--
INFO: Run Behavior\ReadHtmlCacheBehavior [ RunTime:0.000436s ]
INFO: Run Behavior\CheckLangBehavior [ RunTime:0.000494s ]
INFO: Run Common\Behavior\UrldecodeGetBehavior [ RunTime:0.000180s ]
INFO: [ app_begin ] --END-- [ RunTime:0.001482s ]
INFO: [ admin_begin ] --START--
INFO: Run Common\Behavior\AdminDefaultLangBehavior [ RunTime:0.000535s ]
INFO: [ admin_begin ] --END-- [ RunTime:0.000591s ]
SQL: SHOW COLUMNS FROM `cmf_users` [ RunTime:0.0030s ]
SQL: SELECT * FROM `cmf_users` WHERE `id` = '1' LIMIT 1   [ RunTime:0.0004s ]
SQL: SHOW COLUMNS FROM `cmf_survey` [ RunTime:0.0011s ]
SQL: SHOW COLUMNS FROM `cmf_radio` [ RunTime:0.0007s ]
SQL: SHOW COLUMNS FROM `cmf_question` [ RunTime:0.0010s ]
SQL: SHOW COLUMNS FROM `cmf_surveyrecord` [ RunTime:0.0009s ]
SQL: SHOW COLUMNS FROM `cmf_surveyradiorecord` [ RunTime:0.0008s ]
SQL: INSERT INTO `cmf_surveyradiorecord` (`radioid`,`questionid`,`questionname`,`radioname`,`radiotag`,`local`) VALUES ('37','36',' 【单选】b','请编辑问题？a','10','220521') [ RunTime:0.0003s ]
INFO: [ app_end ] --START--
INFO: Run Behavior\ShowPageTraceBehavior [ RunTime:0.000454s ]
INFO: [ app_end ] --END-- [ RunTime:0.000503s ]

[ 2017-08-31T16:26:52+08:00 ] ::1 /thinkcmf/index.php?g=&m=Survey&a=surveyradiorecord&radioid=38&questionid=38&questionname=+%E3%80%90%E5%8D%95%E9%80%89%E3%80%91f&radioname=%E8%AF%B7%E7%BC%96%E8%BE%91%E9%97%AE%E9%A2%98%EF%BC%9Fe&radiotag=10&local=220521
INFO: [ app_begin ] --START--
INFO: Run Behavior\ReadHtmlCacheBehavior [ RunTime:0.000452s ]
INFO: Run Behavior\CheckLangBehavior [ RunTime:0.000512s ]
INFO: Run Common\Behavior\UrldecodeGetBehavior [ RunTime:0.000144s ]
INFO: [ app_begin ] --END-- [ RunTime:0.001488s ]
INFO: [ admin_begin ] --START--
INFO: Run Common\Behavior\AdminDefaultLangBehavior [ RunTime:0.000527s ]
INFO: [ admin_begin ] --END-- [ RunTime:0.000582s ]
SQL: SHOW COLUMNS FROM `cmf_users` [ RunTime:0.0027s ]
SQL: SELECT * FROM `cmf_users` WHERE `id` = '1' LIMIT 1   [ RunTime:0.0002s ]
SQL: SHOW COLUMNS FROM `cmf_survey` [ RunTime:0.0006s ]
SQL: SHOW COLUMNS FROM `cmf_radio` [ RunTime:0.0007s ]
SQL: SHOW COLUMNS FROM `cmf_question` [ RunTime:0.0006s ]
SQL: SHOW COLUMNS FROM `cmf_surveyrecord` [ RunTime:0.0006s ]
SQL: SHOW COLUMNS FROM `cmf_surveyradiorecord` [ RunTime:0.0007s ]
SQL: INSERT INTO `cmf_surveyradiorecord` (`radioid`,`questionid`,`questionname`,`radioname`,`radiotag`,`local`) VALUES ('38','38',' 【单选】f','请编辑问题？e','10','220521') [ RunTime:0.0003s ]
INFO: [ app_end ] --START--
INFO: Run Behavior\ShowPageTraceBehavior [ RunTime:0.000469s ]
INFO: [ app_end ] --END-- [ RunTime:0.000519s ]

[ 2017-08-31T16:26:53+08:00 ] ::1 /thinkcmf/index.php?g=&m=Survey&a=surveyradiorecord&radioid=39&questionid=43&questionname=+e&radioname=%E8%AF%B7%E7%BC%96%E8%BE%91%E9%97%AE%E9%A2%98%EF%BC%9Fc&radiotag=10&local=220521
INFO: [ app_begin ] --START--
INFO: Run Behavior\ReadHtmlCacheBehavior [ RunTime:0.000434s ]
INFO: Run Behavior\CheckLangBehavior [ RunTime:0.000484s ]
INFO: Run Common\Behavior\UrldecodeGetBehavior [ RunTime:0.000135s ]
INFO: [ app_begin ] --END-- [ RunTime:0.001411s ]
INFO: [ admin_begin ] --START--
INFO: Run Common\Behavior\AdminDefaultLangBehavior [ RunTime:0.000507s ]
INFO: [ admin_begin ] --END-- [ RunTime:0.000559s ]
SQL: SHOW COLUMNS FROM `cmf_users` [ RunTime:0.0028s ]
SQL: SELECT * FROM `cmf_users` WHERE `id` = '1' LIMIT 1   [ RunTime:0.0002s ]
SQL: SHOW COLUMNS FROM `cmf_survey` [ RunTime:0.0007s ]
SQL: SHOW COLUMNS FROM `cmf_radio` [ RunTime:0.0007s ]
SQL: SHOW COLUMNS FROM `cmf_question` [ RunTime:0.0007s ]
SQL: SHOW COLUMNS FROM `cmf_surveyrecord` [ RunTime:0.0006s ]
SQL: SHOW COLUMNS FROM `cmf_surveyradiorecord` [ RunTime:0.0006s ]
SQL: INSERT INTO `cmf_surveyradiorecord` (`radioid`,`questionid`,`questionname`,`radioname`,`radiotag`,`local`) VALUES ('39','43',' e','请编辑问题？c','10','220521') [ RunTime:0.0003s ]
INFO: [ app_end ] --START--
INFO: Run Behavior\ShowPageTraceBehavior [ RunTime:0.000440s ]
INFO: [ app_end ] --END-- [ RunTime:0.000488s ]

[ 2017-08-31T16:26:54+08:00 ] ::1 /thinkcmf/public/swiper/maps/swiper.min.js.map
ERR: 无法加载控制器:Public

[ 2017-08-31T17:39:36+08:00 ] ::1 /thinkcmf/index.php?g=&m=Survey&a=getradio&surveyid=3
INFO: [ app_begin ] --START--
INFO: Run Behavior\ReadHtmlCacheBehavior [ RunTime:0.000698s ]
INFO: Run Behavior\CheckLangBehavior [ RunTime:0.000866s ]
INFO: Run Common\Behavior\UrldecodeGetBehavior [ RunTime:0.000292s ]
INFO: [ app_begin ] --END-- [ RunTime:0.002291s ]
INFO: [ admin_begin ] --START--
INFO: Run Common\Behavior\AdminDefaultLangBehavior [ RunTime:0.000837s ]
INFO: [ admin_begin ] --END-- [ RunTime:0.000922s ]
SQL: SHOW COLUMNS FROM `cmf_users` [ RunTime:0.0011s ]
SQL: SELECT * FROM `cmf_users` WHERE `id` = '1' LIMIT 1   [ RunTime:0.0002s ]
SQL: SHOW COLUMNS FROM `cmf_survey` [ RunTime:0.0006s ]
SQL: SHOW COLUMNS FROM `cmf_radio` [ RunTime:0.0006s ]
SQL: SHOW COLUMNS FROM `cmf_question` [ RunTime:0.0006s ]
SQL: SHOW COLUMNS FROM `cmf_surveyrecord` [ RunTime:0.0016s ]
SQL: SHOW COLUMNS FROM `cmf_surveyradiorecord` [ RunTime:0.0014s ]
SQL: SELECT * FROM `cmf_radio` WHERE `surveyid` = 3 AND `status` = 1 ORDER BY orders asc  [ RunTime:0.0002s ]
SQL: SELECT * FROM `cmf_question` WHERE `radioid` = 37  [ RunTime:0.0002s ]
SQL: SELECT * FROM `cmf_question` WHERE `radioid` = 38  [ RunTime:0.0001s ]
SQL: SELECT * FROM `cmf_question` WHERE `radioid` = 39  [ RunTime:0.0002s ]
INFO: [ app_end ] --START--
INFO: Run Behavior\ShowPageTraceBehavior [ RunTime:0.000710s ]
INFO: [ app_end ] --END-- [ RunTime:0.000768s ]

[ 2017-08-31T17:39:36+08:00 ] ::1 /thinkcmf/index.php?g=&m=Survey&a=surveyrecord&surveyid=3&radiotag=11&local=210603&textareas=fwef
INFO: [ app_begin ] --START--
INFO: Run Behavior\ReadHtmlCacheBehavior [ RunTime:0.000514s ]
INFO: Run Behavior\CheckLangBehavior [ RunTime:0.000985s ]
INFO: Run Common\Behavior\UrldecodeGetBehavior [ RunTime:0.000285s ]
INFO: [ app_begin ] --END-- [ RunTime:0.002443s ]
INFO: [ admin_begin ] --START--
INFO: Run Common\Behavior\AdminDefaultLangBehavior [ RunTime:0.000728s ]
INFO: [ admin_begin ] --END-- [ RunTime:0.000841s ]
SQL: SHOW COLUMNS FROM `cmf_users` [ RunTime:0.0012s ]
SQL: SELECT * FROM `cmf_users` WHERE `id` = '1' LIMIT 1   [ RunTime:0.0002s ]
SQL: SHOW COLUMNS FROM `cmf_survey` [ RunTime:0.0006s ]
SQL: SHOW COLUMNS FROM `cmf_radio` [ RunTime:0.0007s ]
SQL: SHOW COLUMNS FROM `cmf_question` [ RunTime:0.0006s ]
SQL: SHOW COLUMNS FROM `cmf_surveyrecord` [ RunTime:0.0005s ]
SQL: SHOW COLUMNS FROM `cmf_surveyradiorecord` [ RunTime:0.0007s ]
SQL: INSERT INTO `cmf_surveyrecord` (`surveyid`,`radiotag`,`local`,`textare`) VALUES ('3','11','210603','fwef') [ RunTime:0.0003s ]
INFO: [ app_end ] --START--
INFO: Run Behavior\ShowPageTraceBehavior [ RunTime:0.000490s ]
INFO: [ app_end ] --END-- [ RunTime:0.000542s ]

[ 2017-08-31T17:39:37+08:00 ] ::1 /thinkcmf/index.php?g=&m=Survey&a=surveyradiorecord&radioid=37&questionid=36&questionname=+%E3%80%90%E5%8D%95%E9%80%89%E3%80%91b&radioname=%E8%AF%B7%E7%BC%96%E8%BE%91%E9%97%AE%E9%A2%98%EF%BC%9Fa&radiotag=11&local=210603
INFO: [ app_begin ] --START--
INFO: Run Behavior\ReadHtmlCacheBehavior [ RunTime:0.000503s ]
INFO: Run Behavior\CheckLangBehavior [ RunTime:0.000515s ]
INFO: Run Common\Behavior\UrldecodeGetBehavior [ RunTime:0.000146s ]
INFO: [ app_begin ] --END-- [ RunTime:0.001542s ]
INFO: [ admin_begin ] --START--
INFO: Run Common\Behavior\AdminDefaultLangBehavior [ RunTime:0.000689s ]
INFO: [ admin_begin ] --END-- [ RunTime:0.000745s ]
SQL: SHOW COLUMNS FROM `cmf_users` [ RunTime:0.0043s ]
SQL: SELECT * FROM `cmf_users` WHERE `id` = '1' LIMIT 1   [ RunTime:0.0003s ]
SQL: SHOW COLUMNS FROM `cmf_survey` [ RunTime:0.0008s ]
SQL: SHOW COLUMNS FROM `cmf_radio` [ RunTime:0.0006s ]
SQL: SHOW COLUMNS FROM `cmf_question` [ RunTime:0.0006s ]
SQL: SHOW COLUMNS FROM `cmf_surveyrecord` [ RunTime:0.0006s ]
SQL: SHOW COLUMNS FROM `cmf_surveyradiorecord` [ RunTime:0.0008s ]
SQL: INSERT INTO `cmf_surveyradiorecord` (`radioid`,`questionid`,`questionname`,`radioname`,`radiotag`,`local`) VALUES ('37','36',' 【单选】b','请编辑问题？a','11','210603') [ RunTime:0.0004s ]
INFO: [ app_end ] --START--
INFO: Run Behavior\ShowPageTraceBehavior [ RunTime:0.000494s ]
INFO: [ app_end ] --END-- [ RunTime:0.000547s ]

[ 2017-08-31T17:39:38+08:00 ] ::1 /thinkcmf/index.php?g=&m=Survey&a=surveyradiorecord&radioid=38&questionid=40&questionname=+e&radioname=%E8%AF%B7%E7%BC%96%E8%BE%91%E9%97%AE%E9%A2%98%EF%BC%9Fe&radiotag=11&local=210603
INFO: [ app_begin ] --START--
INFO: Run Behavior\ReadHtmlCacheBehavior [ RunTime:0.000453s ]
INFO: Run Behavior\CheckLangBehavior [ RunTime:0.000515s ]
INFO: Run Common\Behavior\UrldecodeGetBehavior [ RunTime:0.000145s ]
INFO: [ app_begin ] --END-- [ RunTime:0.001519s ]
INFO: [ admin_begin ] --START--
INFO: Run Common\Behavior\AdminDefaultLangBehavior [ RunTime:0.000522s ]
INFO: [ admin_begin ] --END-- [ RunTime:0.000574s ]
SQL: SHOW COLUMNS FROM `cmf_users` [ RunTime:0.0029s ]
SQL: SELECT * FROM `cmf_users` WHERE `id` = '1' LIMIT 1   [ RunTime:0.0002s ]
SQL: SHOW COLUMNS FROM `cmf_survey` [ RunTime:0.0006s ]
SQL: SHOW COLUMNS FROM `cmf_radio` [ RunTime:0.0006s ]
SQL: SHOW COLUMNS FROM `cmf_question` [ RunTime:0.0006s ]
SQL: SHOW COLUMNS FROM `cmf_surveyrecord` [ RunTime:0.0007s ]
SQL: SHOW COLUMNS FROM `cmf_surveyradiorecord` [ RunTime:0.0008s ]
SQL: INSERT INTO `cmf_surveyradiorecord` (`radioid`,`questionid`,`questionname`,`radioname`,`radiotag`,`local`) VALUES ('38','40',' e','请编辑问题？e','11','210603') [ RunTime:0.0003s ]
INFO: [ app_end ] --START--
INFO: Run Behavior\ShowPageTraceBehavior [ RunTime:0.000595s ]
INFO: [ app_end ] --END-- [ RunTime:0.000654s ]

[ 2017-08-31T17:39:38+08:00 ] ::1 /thinkcmf/index.php?g=&m=Survey&a=surveyradiorecord&radioid=39&questionid=41&questionname=+%E3%80%90%E5%8D%95%E9%80%89%E3%80%91c&radioname=%E8%AF%B7%E7%BC%96%E8%BE%91%E9%97%AE%E9%A2%98%EF%BC%9Fc&radiotag=11&local=210603
INFO: [ app_begin ] --START--
INFO: Run Behavior\ReadHtmlCacheBehavior [ RunTime:0.000615s ]
INFO: Run Behavior\CheckLangBehavior [ RunTime:0.000825s ]
INFO: Run Common\Behavior\UrldecodeGetBehavior [ RunTime:0.000215s ]
INFO: [ app_begin ] --END-- [ RunTime:0.002153s ]
INFO: [ admin_begin ] --START--
INFO: Run Common\Behavior\AdminDefaultLangBehavior [ RunTime:0.000745s ]
INFO: [ admin_begin ] --END-- [ RunTime:0.000842s ]
SQL: SHOW COLUMNS FROM `cmf_users` [ RunTime:0.0030s ]
SQL: SELECT * FROM `cmf_users` WHERE `id` = '1' LIMIT 1   [ RunTime:0.0003s ]
SQL: SHOW COLUMNS FROM `cmf_survey` [ RunTime:0.0008s ]
SQL: SHOW COLUMNS FROM `cmf_radio` [ RunTime:0.0010s ]
SQL: SHOW COLUMNS FROM `cmf_question` [ RunTime:0.0007s ]
SQL: SHOW COLUMNS FROM `cmf_surveyrecord` [ RunTime:0.0007s ]
SQL: SHOW COLUMNS FROM `cmf_surveyradiorecord` [ RunTime:0.0008s ]
SQL: INSERT INTO `cmf_surveyradiorecord` (`radioid`,`questionid`,`questionname`,`radioname`,`radiotag`,`local`) VALUES ('39','41',' 【单选】c','请编辑问题？c','11','210603') [ RunTime:0.0004s ]
INFO: [ app_end ] --START--
INFO: Run Behavior\ShowPageTraceBehavior [ RunTime:0.000566s ]
INFO: [ app_end ] --END-- [ RunTime:0.000628s ]

[ 2017-08-31T17:39:39+08:00 ] ::1 /thinkcmf/public/swiper/maps/swiper.min.js.map
ERR: 无法加载控制器:Public

[ 2017-08-31T17:39:51+08:00 ] ::1 /thinkcmf/index.php?g=&m=Survey&a=getradio&surveyid=3
INFO: [ app_begin ] --START--
INFO: Run Behavior\ReadHtmlCacheBehavior [ RunTime:0.000548s ]
INFO: Run Behavior\CheckLangBehavior [ RunTime:0.000518s ]
INFO: Run Common\Behavior\UrldecodeGetBehavior [ RunTime:0.000135s ]
INFO: [ app_begin ] --END-- [ RunTime:0.001629s ]
INFO: [ admin_begin ] --START--
INFO: Run Common\Behavior\AdminDefaultLangBehavior [ RunTime:0.000687s ]
INFO: [ admin_begin ] --END-- [ RunTime:0.000753s ]
SQL: SHOW COLUMNS FROM `cmf_users` [ RunTime:0.0011s ]
SQL: SELECT * FROM `cmf_users` WHERE `id` = '1' LIMIT 1   [ RunTime:0.0002s ]
SQL: SHOW COLUMNS FROM `cmf_survey` [ RunTime:0.0008s ]
SQL: SHOW COLUMNS FROM `cmf_radio` [ RunTime:0.0008s ]
SQL: SHOW COLUMNS FROM `cmf_question` [ RunTime:0.0006s ]
SQL: SHOW COLUMNS FROM `cmf_surveyrecord` [ RunTime:0.0009s ]
SQL: SHOW COLUMNS FROM `cmf_surveyradiorecord` [ RunTime:0.0010s ]
SQL: SELECT * FROM `cmf_radio` WHERE `surveyid` = 3 AND `status` = 1 ORDER BY orders asc  [ RunTime:0.0003s ]
SQL: SELECT * FROM `cmf_question` WHERE `radioid` = 37  [ RunTime:0.0003s ]
SQL: SELECT * FROM `cmf_question` WHERE `radioid` = 38  [ RunTime:0.0003s ]
SQL: SELECT * FROM `cmf_question` WHERE `radioid` = 39  [ RunTime:0.0002s ]
INFO: [ app_end ] --START--
INFO: Run Behavior\ShowPageTraceBehavior [ RunTime:0.000471s ]
INFO: [ app_end ] --END-- [ RunTime:0.000520s ]

[ 2017-08-31T17:39:52+08:00 ] ::1 /thinkcmf/index.php?g=&m=Survey&a=surveyrecord&surveyid=3&radiotag=12&local=140521&textareas=fewf
INFO: [ app_begin ] --START--
INFO: Run Behavior\ReadHtmlCacheBehavior [ RunTime:0.000517s ]
INFO: Run Behavior\CheckLangBehavior [ RunTime:0.000498s ]
INFO: Run Common\Behavior\UrldecodeGetBehavior [ RunTime:0.000136s ]
INFO: [ app_begin ] --END-- [ RunTime:0.001531s ]
INFO: [ admin_begin ] --START--
INFO: Run Common\Behavior\AdminDefaultLangBehavior [ RunTime:0.000686s ]
INFO: [ admin_begin ] --END-- [ RunTime:0.000753s ]
SQL: SHOW COLUMNS FROM `cmf_users` [ RunTime:0.0010s ]
SQL: SELECT * FROM `cmf_users` WHERE `id` = '1' LIMIT 1   [ RunTime:0.0002s ]
SQL: SHOW COLUMNS FROM `cmf_survey` [ RunTime:0.0006s ]
SQL: SHOW COLUMNS FROM `cmf_radio` [ RunTime:0.0007s ]
SQL: SHOW COLUMNS FROM `cmf_question` [ RunTime:0.0005s ]
SQL: SHOW COLUMNS FROM `cmf_surveyrecord` [ RunTime:0.0009s ]
SQL: SHOW COLUMNS FROM `cmf_surveyradiorecord` [ RunTime:0.0012s ]
SQL: INSERT INTO `cmf_surveyrecord` (`surveyid`,`radiotag`,`local`,`textare`) VALUES ('3','12','140521','fewf') [ RunTime:0.0004s ]
INFO: [ app_end ] --START--
INFO: Run Behavior\ShowPageTraceBehavior [ RunTime:0.000688s ]
INFO: [ app_end ] --END-- [ RunTime:0.000757s ]

[ 2017-08-31T17:39:52+08:00 ] ::1 /thinkcmf/index.php?g=&m=Survey&a=surveyradiorecord&radioid=37&questionid=36&questionname=+%E3%80%90%E5%8D%95%E9%80%89%E3%80%91b&radioname=%E8%AF%B7%E7%BC%96%E8%BE%91%E9%97%AE%E9%A2%98%EF%BC%9Fa&radiotag=12&local=140521
INFO: [ app_begin ] --START--
INFO: Run Behavior\ReadHtmlCacheBehavior [ RunTime:0.000639s ]
INFO: Run Behavior\CheckLangBehavior [ RunTime:0.000715s ]
INFO: Run Common\Behavior\UrldecodeGetBehavior [ RunTime:0.000207s ]
INFO: [ app_begin ] --END-- [ RunTime:0.002080s ]
INFO: [ admin_begin ] --START--
INFO: Run Common\Behavior\AdminDefaultLangBehavior [ RunTime:0.000665s ]
INFO: [ admin_begin ] --END-- [ RunTime:0.000753s ]
SQL: SHOW COLUMNS FROM `cmf_users` [ RunTime:0.0011s ]
SQL: SELECT * FROM `cmf_users` WHERE `id` = '1' LIMIT 1   [ RunTime:0.0003s ]
SQL: SHOW COLUMNS FROM `cmf_survey` [ RunTime:0.0006s ]
SQL: SHOW COLUMNS FROM `cmf_radio` [ RunTime:0.0007s ]
SQL: SHOW COLUMNS FROM `cmf_question` [ RunTime:0.0006s ]
SQL: SHOW COLUMNS FROM `cmf_surveyrecord` [ RunTime:0.0006s ]
SQL: SHOW COLUMNS FROM `cmf_surveyradiorecord` [ RunTime:0.0007s ]
SQL: INSERT INTO `cmf_surveyradiorecord` (`radioid`,`questionid`,`questionname`,`radioname`,`radiotag`,`local`) VALUES ('37','36',' 【单选】b','请编辑问题？a','12','140521') [ RunTime:0.0007s ]
INFO: [ app_end ] --START--
INFO: Run Behavior\ShowPageTraceBehavior [ RunTime:0.000713s ]
INFO: [ app_end ] --END-- [ RunTime:0.000804s ]

[ 2017-08-31T17:39:52+08:00 ] ::1 /thinkcmf/index.php?g=&m=Survey&a=surveyradiorecord&radioid=38&questionid=39&questionname=+g&radioname=%E8%AF%B7%E7%BC%96%E8%BE%91%E9%97%AE%E9%A2%98%EF%BC%9Fe&radiotag=12&local=140521
INFO: [ app_begin ] --START--
INFO: Run Behavior\ReadHtmlCacheBehavior [ RunTime:0.000647s ]
INFO: Run Behavior\CheckLangBehavior [ RunTime:0.000657s ]
INFO: Run Common\Behavior\UrldecodeGetBehavior [ RunTime:0.000189s ]
INFO: [ app_begin ] --END-- [ RunTime:0.001911s ]
INFO: [ admin_begin ] --START--
INFO: Run Common\Behavior\AdminDefaultLangBehavior [ RunTime:0.000985s ]
INFO: [ admin_begin ] --END-- [ RunTime:0.001097s ]
SQL: SHOW COLUMNS FROM `cmf_users` [ RunTime:0.0012s ]
SQL: SELECT * FROM `cmf_users` WHERE `id` = '1' LIMIT 1   [ RunTime:0.0004s ]
SQL: SHOW COLUMNS FROM `cmf_survey` [ RunTime:0.0008s ]
SQL: SHOW COLUMNS FROM `cmf_radio` [ RunTime:0.0009s ]
SQL: SHOW COLUMNS FROM `cmf_question` [ RunTime:0.0008s ]
SQL: SHOW COLUMNS FROM `cmf_surveyrecord` [ RunTime:0.0007s ]
SQL: SHOW COLUMNS FROM `cmf_surveyradiorecord` [ RunTime:0.0007s ]
SQL: INSERT INTO `cmf_surveyradiorecord` (`radioid`,`questionid`,`questionname`,`radioname`,`radiotag`,`local`) VALUES ('38','39',' g','请编辑问题？e','12','140521') [ RunTime:0.0003s ]
INFO: [ app_end ] --START--
INFO: Run Behavior\ShowPageTraceBehavior [ RunTime:0.000555s ]
INFO: [ app_end ] --END-- [ RunTime:0.000610s ]

[ 2017-08-31T17:39:52+08:00 ] ::1 /thinkcmf/index.php?g=&m=Survey&a=surveyradiorecord&radioid=39&questionid=44&questionname=+d&radioname=%E8%AF%B7%E7%BC%96%E8%BE%91%E9%97%AE%E9%A2%98%EF%BC%9Fc&radiotag=12&local=140521
INFO: [ app_begin ] --START--
INFO: Run Behavior\ReadHtmlCacheBehavior [ RunTime:0.000497s ]
INFO: Run Behavior\CheckLangBehavior [ RunTime:0.000596s ]
INFO: Run Common\Behavior\UrldecodeGetBehavior [ RunTime:0.000151s ]
INFO: [ app_begin ] --END-- [ RunTime:0.001762s ]
INFO: [ admin_begin ] --START--
INFO: Run Common\Behavior\AdminDefaultLangBehavior [ RunTime:0.000776s ]
INFO: [ admin_begin ] --END-- [ RunTime:0.000864s ]
SQL: SHOW COLUMNS FROM `cmf_users` [ RunTime:0.0010s ]
SQL: SELECT * FROM `cmf_users` WHERE `id` = '1' LIMIT 1   [ RunTime:0.0002s ]
SQL: SHOW COLUMNS FROM `cmf_survey` [ RunTime:0.0008s ]
SQL: SHOW COLUMNS FROM `cmf_radio` [ RunTime:0.0048s ]
SQL: SHOW COLUMNS FROM `cmf_question` [ RunTime:0.0007s ]
SQL: SHOW COLUMNS FROM `cmf_surveyrecord` [ RunTime:0.0006s ]
SQL: SHOW COLUMNS FROM `cmf_surveyradiorecord` [ RunTime:0.0007s ]
SQL: INSERT INTO `cmf_surveyradiorecord` (`radioid`,`questionid`,`questionname`,`radioname`,`radiotag`,`local`) VALUES ('39','44',' d','请编辑问题？c','12','140521') [ RunTime:0.0003s ]
INFO: [ app_end ] --START--
INFO: Run Behavior\ShowPageTraceBehavior [ RunTime:0.000667s ]
INFO: [ app_end ] --END-- [ RunTime:0.000735s ]

[ 2017-08-31T17:39:53+08:00 ] ::1 /thinkcmf/public/swiper/maps/swiper.min.js.map
ERR: 无法加载控制器:Public

[ 2017-08-31T19:04:52+08:00 ] ::1 /thinkcmf/public/swiper/maps/swiper.min.js.map
ERR: 无法加载控制器:Public

[ 2017-08-31T19:05:32+08:00 ] ::1 /thinkcmf/index.php?g=&m=Survey&a=getradio&surveyid=1
INFO: [ app_begin ] --START--
INFO: Run Behavior\ReadHtmlCacheBehavior [ RunTime:0.000604s ]
INFO: Run Behavior\CheckLangBehavior [ RunTime:0.000611s ]
INFO: Run Common\Behavior\UrldecodeGetBehavior [ RunTime:0.000134s ]
INFO: [ app_begin ] --END-- [ RunTime:0.001791s ]
INFO: [ admin_begin ] --START--
INFO: Run Common\Behavior\AdminDefaultLangBehavior [ RunTime:0.000738s ]
INFO: [ admin_begin ] --END-- [ RunTime:0.000808s ]
SQL: SHOW COLUMNS FROM `cmf_users` [ RunTime:0.0046s ]
SQL: SELECT * FROM `cmf_users` WHERE `id` = '1' LIMIT 1   [ RunTime:0.0002s ]
SQL: SHOW COLUMNS FROM `cmf_survey` [ RunTime:0.0007s ]
SQL: SHOW COLUMNS FROM `cmf_radio` [ RunTime:0.0007s ]
SQL: SHOW COLUMNS FROM `cmf_question` [ RunTime:0.0006s ]
SQL: SHOW COLUMNS FROM `cmf_surveyrecord` [ RunTime:0.0007s ]
SQL: SHOW COLUMNS FROM `cmf_surveyradiorecord` [ RunTime:0.0011s ]
SQL: SELECT * FROM `cmf_radio` WHERE `surveyid` = 1 AND `status` = 1 ORDER BY orders asc  [ RunTime:0.0003s ]
SQL: SELECT * FROM `cmf_question` WHERE `radioid` = 1  [ RunTime:0.0001s ]
SQL: SELECT * FROM `cmf_question` WHERE `radioid` = 2  [ RunTime:0.0001s ]
SQL: SELECT * FROM `cmf_question` WHERE `radioid` = 3  [ RunTime:0.0001s ]
SQL: SELECT * FROM `cmf_question` WHERE `radioid` = 4  [ RunTime:0.0002s ]
SQL: SELECT * FROM `cmf_question` WHERE `radioid` = 5  [ RunTime:0.0002s ]
SQL: SELECT * FROM `cmf_question` WHERE `radioid` = 6  [ RunTime:0.0002s ]
INFO: [ app_end ] --START--
INFO: Run Behavior\ShowPageTraceBehavior [ RunTime:0.000519s ]
INFO: [ app_end ] --END-- [ RunTime:0.000585s ]

[ 2017-08-31T19:05:32+08:00 ] ::1 /thinkcmf/index.php?g=&m=Survey&a=surveyrecord&surveyid=1&radiotag=1&local=320204&textareas=0
INFO: [ app_begin ] --START--
INFO: Run Behavior\ReadHtmlCacheBehavior [ RunTime:0.000675s ]
INFO: Run Behavior\CheckLangBehavior [ RunTime:0.000594s ]
INFO: Run Common\Behavior\UrldecodeGetBehavior [ RunTime:0.000233s ]
INFO: [ app_begin ] --END-- [ RunTime:0.002010s ]
INFO: [ admin_begin ] --START--
INFO: Run Common\Behavior\AdminDefaultLangBehavior [ RunTime:0.000828s ]
INFO: [ admin_begin ] --END-- [ RunTime:0.000948s ]
SQL: SHOW COLUMNS FROM `cmf_users` [ RunTime:0.0023s ]
SQL: SELECT * FROM `cmf_users` WHERE `id` = '1' LIMIT 1   [ RunTime:0.0002s ]
SQL: SHOW COLUMNS FROM `cmf_survey` [ RunTime:0.0008s ]
SQL: SHOW COLUMNS FROM `cmf_radio` [ RunTime:0.0006s ]
SQL: SHOW COLUMNS FROM `cmf_question` [ RunTime:0.0007s ]
SQL: SHOW COLUMNS FROM `cmf_surveyrecord` [ RunTime:0.0007s ]
SQL: SHOW COLUMNS FROM `cmf_surveyradiorecord` [ RunTime:0.0007s ]
SQL: INSERT INTO `cmf_surveyrecord` (`surveyid`,`radiotag`,`local`,`textare`) VALUES ('1','1','320204','0') [ RunTime:0.0002s ]
INFO: [ app_end ] --START--
INFO: Run Behavior\ShowPageTraceBehavior [ RunTime:0.000455s ]
INFO: [ app_end ] --END-- [ RunTime:0.000505s ]

[ 2017-08-31T19:05:32+08:00 ] ::1 /thinkcmf/index.php?g=&m=Survey&a=surveyradiorecord&radioid=1&questionid=1&questionname=+%E7%BB%8F%E5%B8%B8++&radioname=%E6%82%A8%E7%BB%8F%E5%B8%B8%E6%95%99%E8%82%B2%E5%AD%A9%E5%AD%90%E5%AE%89%E5%85%A8%E7%9A%84%E9%97%AE%E9%A2%98%E5%90%97%EF%BC%9F&radiotag=1&local=320204
INFO: [ app_begin ] --START--
INFO: Run Behavior\ReadHtmlCacheBehavior [ RunTime:0.000616s ]
INFO: Run Behavior\CheckLangBehavior [ RunTime:0.000770s ]
INFO: Run Common\Behavior\UrldecodeGetBehavior [ RunTime:0.000250s ]
INFO: [ app_begin ] --END-- [ RunTime:0.002128s ]
INFO: [ admin_begin ] --START--
INFO: Run Common\Behavior\AdminDefaultLangBehavior [ RunTime:0.000650s ]
INFO: [ admin_begin ] --END-- [ RunTime:0.000742s ]
SQL: SHOW COLUMNS FROM `cmf_users` [ RunTime:0.0015s ]
SQL: SELECT * FROM `cmf_users` WHERE `id` = '1' LIMIT 1   [ RunTime:0.0004s ]
SQL: SHOW COLUMNS FROM `cmf_survey` [ RunTime:0.0009s ]
SQL: SHOW COLUMNS FROM `cmf_radio` [ RunTime:0.0009s ]
SQL: SHOW COLUMNS FROM `cmf_question` [ RunTime:0.0008s ]
SQL: SHOW COLUMNS FROM `cmf_surveyrecord` [ RunTime:0.0007s ]
SQL: SHOW COLUMNS FROM `cmf_surveyradiorecord` [ RunTime:0.0010s ]
SQL: INSERT INTO `cmf_surveyradiorecord` (`radioid`,`questionid`,`questionname`,`radioname`,`radiotag`,`local`) VALUES ('1','1',' 经常  ','您经常教育孩子安全的问题吗？','1','320204') [ RunTime:0.0003s ]
INFO: [ app_end ] --START--
INFO: Run Behavior\ShowPageTraceBehavior [ RunTime:0.000499s ]
INFO: [ app_end ] --END-- [ RunTime:0.000556s ]

[ 2017-08-31T19:05:32+08:00 ] ::1 /thinkcmf/index.php?g=&m=Survey&a=surveyradiorecord&radioid=2&questionid=5&questionname=+%E5%81%B6%E5%B0%94&radioname=%E6%82%A8%E6%98%AF%E5%90%A6%E7%BB%8F%E5%B8%B8%E7%9D%A3%E4%BF%83%E6%A3%80%E6%9F%A5%E5%AD%A9%E5%AD%90%E7%9A%84%E5%AE%B6%E5%BA%AD%E4%BD%9C%E4%B8%9A%EF%BC%9F&radiotag=1&local=320204
INFO: [ app_begin ] --START--
INFO: Run Behavior\ReadHtmlCacheBehavior [ RunTime:0.000528s ]
INFO: Run Behavior\CheckLangBehavior [ RunTime:0.000563s ]
INFO: Run Common\Behavior\UrldecodeGetBehavior [ RunTime:0.000148s ]
INFO: [ app_begin ] --END-- [ RunTime:0.001669s ]
INFO: [ admin_begin ] --START--
INFO: Run Common\Behavior\AdminDefaultLangBehavior [ RunTime:0.000720s ]
INFO: [ admin_begin ] --END-- [ RunTime:0.000819s ]
SQL: SHOW COLUMNS FROM `cmf_users` [ RunTime:0.0017s ]
SQL: SELECT * FROM `cmf_users` WHERE `id` = '1' LIMIT 1   [ RunTime:0.0002s ]
SQL: SHOW COLUMNS FROM `cmf_survey` [ RunTime:0.0010s ]
SQL: SHOW COLUMNS FROM `cmf_radio` [ RunTime:0.0009s ]
SQL: SHOW COLUMNS FROM `cmf_question` [ RunTime:0.0008s ]
SQL: SHOW COLUMNS FROM `cmf_surveyrecord` [ RunTime:0.0008s ]
SQL: SHOW COLUMNS FROM `cmf_surveyradiorecord` [ RunTime:0.0009s ]
SQL: INSERT INTO `cmf_surveyradiorecord` (`radioid`,`questionid`,`questionname`,`radioname`,`radiotag`,`local`) VALUES ('2','5',' 偶尔','您是否经常督促检查孩子的家庭作业？','1','320204') [ RunTime:0.0003s ]
INFO: [ app_end ] --START--
INFO: Run Behavior\ShowPageTraceBehavior [ RunTime:0.000723s ]
INFO: [ app_end ] --END-- [ RunTime:0.000792s ]

[ 2017-08-31T19:05:32+08:00 ] ::1 /thinkcmf/index.php?g=&m=Survey&a=surveyradiorecord&radioid=3&questionid=9&questionname=+%E5%93%81%E5%BE%B7%E4%BF%AE%E5%85%BB&radioname=%E6%82%A8%E6%9C%80%E5%85%B3%E5%BF%83%E5%AD%A9%E5%AD%90%E7%9A%84%E5%93%AA%E4%B8%80%E6%96%B9%E9%9D%A2%EF%BC%9F&radiotag=1&local=320204
INFO: [ app_begin ] --START--
INFO: Run Behavior\ReadHtmlCacheBehavior [ RunTime:0.000463s ]
INFO: Run Behavior\CheckLangBehavior [ RunTime:0.000517s ]
INFO: Run Common\Behavior\UrldecodeGetBehavior [ RunTime:0.000149s ]
INFO: [ app_begin ] --END-- [ RunTime:0.001572s ]
INFO: [ admin_begin ] --START--
INFO: Run Common\Behavior\AdminDefaultLangBehavior [ RunTime:0.000734s ]
INFO: [ admin_begin ] --END-- [ RunTime:0.000802s ]
SQL: SHOW COLUMNS FROM `cmf_users` [ RunTime:0.0017s ]
SQL: SELECT * FROM `cmf_users` WHERE `id` = '1' LIMIT 1   [ RunTime:0.0002s ]
SQL: SHOW COLUMNS FROM `cmf_survey` [ RunTime:0.0007s ]
SQL: SHOW COLUMNS FROM `cmf_radio` [ RunTime:0.0007s ]
SQL: SHOW COLUMNS FROM `cmf_question` [ RunTime:0.0007s ]
SQL: SHOW COLUMNS FROM `cmf_surveyrecord` [ RunTime:0.0006s ]
SQL: SHOW COLUMNS FROM `cmf_surveyradiorecord` [ RunTime:0.0008s ]
SQL: INSERT INTO `cmf_surveyradiorecord` (`radioid`,`questionid`,`questionname`,`radioname`,`radiotag`,`local`) VALUES ('3','9',' 品德修养','您最关心孩子的哪一方面？','1','320204') [ RunTime:0.0002s ]
INFO: [ app_end ] --START--
INFO: Run Behavior\ShowPageTraceBehavior [ RunTime:0.000474s ]
INFO: [ app_end ] --END-- [ RunTime:0.000529s ]

[ 2017-08-31T19:05:32+08:00 ] ::1 /thinkcmf/index.php?g=&m=Survey&a=surveyradiorecord&radioid=4&questionid=10&questionname=+%E7%BB%8F%E5%B8%B8+&radioname=%E6%82%A8%E6%98%AF%E5%90%A6%E7%BB%8F%E5%B8%B8%E5%92%8C%E5%85%B6%E4%BB%96%E5%AE%B6%E9%95%BF%E4%B8%80%E8%B5%B7%E4%BA%92%E7%9B%B8%E8%AE%A8%E8%AE%BA%E4%BA%A4%E6%B5%81%EF%BC%9F&radiotag=1&local=320204
INFO: [ app_begin ] --START--
INFO: Run Behavior\ReadHtmlCacheBehavior [ RunTime:0.000500s ]
INFO: Run Behavior\CheckLangBehavior [ RunTime:0.000524s ]
INFO: Run Common\Behavior\UrldecodeGetBehavior [ RunTime:0.000158s ]
INFO: [ app_begin ] --END-- [ RunTime:0.001552s ]
INFO: [ admin_begin ] --START--
INFO: Run Common\Behavior\AdminDefaultLangBehavior [ RunTime:0.000789s ]
INFO: [ admin_begin ] --END-- [ RunTime:0.000867s ]
SQL: SHOW COLUMNS FROM `cmf_users` [ RunTime:0.0011s ]
SQL: SELECT * FROM `cmf_users` WHERE `id` = '1' LIMIT 1   [ RunTime:0.0003s ]
SQL: SHOW COLUMNS FROM `cmf_survey` [ RunTime:0.0012s ]
SQL: SHOW COLUMNS FROM `cmf_radio` [ RunTime:0.0016s ]
SQL: SHOW COLUMNS FROM `cmf_question` [ RunTime:0.0013s ]
SQL: SHOW COLUMNS FROM `cmf_surveyrecord` [ RunTime:0.0020s ]
SQL: SHOW COLUMNS FROM `cmf_surveyradiorecord` [ RunTime:0.0012s ]
SQL: INSERT INTO `cmf_surveyradiorecord` (`radioid`,`questionid`,`questionname`,`radioname`,`radiotag`,`local`) VALUES ('4','10',' 经常 ','您是否经常和其他家长一起互相讨论交流？','1','320204') [ RunTime:0.0009s ]
INFO: [ app_end ] --START--
INFO: Run Behavior\ShowPageTraceBehavior [ RunTime:0.000568s ]
INFO: [ app_end ] --END-- [ RunTime:0.000642s ]

[ 2017-08-31T19:05:32+08:00 ] ::1 /thinkcmf/index.php?g=&m=Survey&a=surveyradiorecord&radioid=5&questionid=14&questionname=+%E8%AF%B7%E5%81%87%E6%9D%A1&radioname=%E6%82%A8%E9%80%9A%E5%B8%B8%E6%98%AF%E5%A6%82%E4%BD%95%E7%BB%99%E5%AD%A9%E5%AD%90%E8%AF%B7%E5%81%87%E7%9A%84%EF%BC%9F&radiotag=1&local=320204
INFO: [ app_begin ] --START--
INFO: Run Behavior\ReadHtmlCacheBehavior [ RunTime:0.000683s ]
INFO: Run Behavior\CheckLangBehavior [ RunTime:0.000627s ]
INFO: Run Common\Behavior\UrldecodeGetBehavior [ RunTime:0.000192s ]
INFO: [ app_begin ] --END-- [ RunTime:0.002023s ]
INFO: [ admin_begin ] --START--
INFO: Run Common\Behavior\AdminDefaultLangBehavior [ RunTime:0.000922s ]
INFO: [ admin_begin ] --END-- [ RunTime:0.001006s ]
SQL: SHOW COLUMNS FROM `cmf_users` [ RunTime:0.0012s ]
SQL: SELECT * FROM `cmf_users` WHERE `id` = '1' LIMIT 1   [ RunTime:0.0002s ]
SQL: SHOW COLUMNS FROM `cmf_survey` [ RunTime:0.0006s ]
SQL: SHOW COLUMNS FROM `cmf_radio` [ RunTime:0.0007s ]
SQL: SHOW COLUMNS FROM `cmf_question` [ RunTime:0.0006s ]
SQL: SHOW COLUMNS FROM `cmf_surveyrecord` [ RunTime:0.0006s ]
SQL: SHOW COLUMNS FROM `cmf_surveyradiorecord` [ RunTime:0.0007s ]
SQL: INSERT INTO `cmf_surveyradiorecord` (`radioid`,`questionid`,`questionname`,`radioname`,`radiotag`,`local`) VALUES ('5','14',' 请假条','您通常是如何给孩子请假的？','1','320204') [ RunTime:0.0002s ]
INFO: [ app_end ] --START--
INFO: Run Behavior\ShowPageTraceBehavior [ RunTime:0.000480s ]
INFO: [ app_end ] --END-- [ RunTime:0.000534s ]

[ 2017-08-31T19:05:32+08:00 ] ::1 /thinkcmf/index.php?g=&m=Survey&a=surveyradiorecord&radioid=6&questionid=17&questionname=+%E7%9C%8B%E8%80%83%E8%AF%95%E6%88%90%E7%BB%A9&radioname=%E6%82%A8%E4%BA%86%E8%A7%A3%E5%AD%A9%E5%AD%90%E7%9A%84%E5%AD%A6%E4%B9%A0%E6%83%85%E5%86%B5%E6%96%B9%E5%BC%8F%E6%98%AF%EF%BC%9F&radiotag=1&local=320204
INFO: [ app_begin ] --START--
INFO: Run Behavior\ReadHtmlCacheBehavior [ RunTime:0.000437s ]
INFO: Run Behavior\CheckLangBehavior [ RunTime:0.000505s ]
INFO: Run Common\Behavior\UrldecodeGetBehavior [ RunTime:0.000224s ]
INFO: [ app_begin ] --END-- [ RunTime:0.001630s ]
INFO: [ admin_begin ] --START--
INFO: Run Common\Behavior\AdminDefaultLangBehavior [ RunTime:0.000615s ]
INFO: [ admin_begin ] --END-- [ RunTime:0.000694s ]
SQL: SHOW COLUMNS FROM `cmf_users` [ RunTime:0.0013s ]
SQL: SELECT * FROM `cmf_users` WHERE `id` = '1' LIMIT 1   [ RunTime:0.0002s ]
SQL: SHOW COLUMNS FROM `cmf_survey` [ RunTime:0.0009s ]
SQL: SHOW COLUMNS FROM `cmf_radio` [ RunTime:0.0007s ]
SQL: SHOW COLUMNS FROM `cmf_question` [ RunTime:0.0007s ]
SQL: SHOW COLUMNS FROM `cmf_surveyrecord` [ RunTime:0.0007s ]
SQL: SHOW COLUMNS FROM `cmf_surveyradiorecord` [ RunTime:0.0008s ]
SQL: INSERT INTO `cmf_surveyradiorecord` (`radioid`,`questionid`,`questionname`,`radioname`,`radiotag`,`local`) VALUES ('6','17',' 看考试成绩','您了解孩子的学习情况方式是？','1','320204') [ RunTime:0.0003s ]
INFO: [ app_end ] --START--
INFO: Run Behavior\ShowPageTraceBehavior [ RunTime:0.000541s ]
INFO: [ app_end ] --END-- [ RunTime:0.000594s ]

[ 2017-08-31T19:05:34+08:00 ] ::1 /thinkcmf/public/swiper/maps/swiper.min.js.map
ERR: 无法加载控制器:Public

